                                      1 ;--------------------------------------------------------
                                      2 ; File Created by SDCC : free open source ANSI-C Compiler
                                      3 ; Version 4.1.6 #12539 (MINGW32)
                                      4 ;--------------------------------------------------------
                                      5 	.module GameOverScreen
                                      6 	.optsdcc -mgbz80
                                      7 	
                                      8 ;--------------------------------------------------------
                                      9 ; Public variables in this module
                                     10 ;--------------------------------------------------------
                                     11 	.globl _UpdateGameOverScreen
                                     12 	.globl _SetupGameOverScreen
                                     13 	.globl _DrawText
                                     14 ;--------------------------------------------------------
                                     15 ; special function registers
                                     16 ;--------------------------------------------------------
                                     17 ;--------------------------------------------------------
                                     18 ; ram data
                                     19 ;--------------------------------------------------------
                                     20 	.area _DATA
                                     21 ;--------------------------------------------------------
                                     22 ; ram data
                                     23 ;--------------------------------------------------------
                                     24 	.area _INITIALIZED
                                     25 ;--------------------------------------------------------
                                     26 ; absolute external ram data
                                     27 ;--------------------------------------------------------
                                     28 	.area _DABS (ABS)
                                     29 ;--------------------------------------------------------
                                     30 ; global & static initialisations
                                     31 ;--------------------------------------------------------
                                     32 	.area _HOME
                                     33 	.area _GSINIT
                                     34 	.area _GSFINAL
                                     35 	.area _GSINIT
                                     36 ;--------------------------------------------------------
                                     37 ; Home
                                     38 ;--------------------------------------------------------
                                     39 	.area _HOME
                                     40 	.area _HOME
                                     41 ;--------------------------------------------------------
                                     42 ; code
                                     43 ;--------------------------------------------------------
                                     44 	.area _CODE
                                     45 ;D:\Business\LaroldsJubilantJunkyard\game-remakes\space-invaders\source\main\default\States\GameOverScreen.c:5: void SetupGameOverScreen(){
                                     46 ;	---------------------------------
                                     47 ; Function SetupGameOverScreen
                                     48 ; ---------------------------------
      000000                         49 _SetupGameOverScreen::
                                     50 ;D:\Business\LaroldsJubilantJunkyard\game-remakes\space-invaders\source\main\default\States\GameOverScreen.c:7: DrawText(5,9,"GAME  OVER");
      000000 11r0Er00                51 	ld	de, #___str_0
      000003 D5                      52 	push	de
      000004 21 05 09                53 	ld	hl, #0x905
      000007 E5                      54 	push	hl
      000008 CDr00r00                55 	call	_DrawText
      00000B E8 04                   56 	add	sp, #4
                                     57 ;D:\Business\LaroldsJubilantJunkyard\game-remakes\space-invaders\source\main\default\States\GameOverScreen.c:8: }
      00000D C9                      58 	ret
      00000E                         59 ___str_0:
      00000E 47 41 4D 45 20 20 4F    60 	.ascii "GAME  OVER"
             56 45 52
      000018 00                      61 	.db 0x00
                                     62 ;D:\Business\LaroldsJubilantJunkyard\game-remakes\space-invaders\source\main\default\States\GameOverScreen.c:9: uint8_t UpdateGameOverScreen(){
                                     63 ;	---------------------------------
                                     64 ; Function UpdateGameOverScreen
                                     65 ; ---------------------------------
      000019                         66 _UpdateGameOverScreen::
                                     67 ;D:\Business\LaroldsJubilantJunkyard\game-remakes\space-invaders\source\main\default\States\GameOverScreen.c:11: if(joypadCurrent & J_A)return STARTSCREEN;
      000019 FAr00r00                68 	ld	a, (#_joypadCurrent)
      00001C CB 67                   69 	bit	4, a
                                     70 ;D:\Business\LaroldsJubilantJunkyard\game-remakes\space-invaders\source\main\default\States\GameOverScreen.c:13: return GAMEOVERSCREEN;
      00001E 1E 01                   71 	ld	e, #0x01
      000020 C0                      72 	ret	NZ
      000021 1E 05                   73 	ld	e, #0x05
                                     74 ;D:\Business\LaroldsJubilantJunkyard\game-remakes\space-invaders\source\main\default\States\GameOverScreen.c:14: }
      000023 C9                      75 	ret
                                     76 	.area _CODE
                                     77 	.area _INITIALIZER
                                     78 	.area _CABS (ABS)
