                                      1 ;--------------------------------------------------------
                                      2 ; File Created by SDCC : free open source ANSI-C Compiler
                                      3 ; Version 4.1.6 #12539 (MINGW32)
                                      4 ;--------------------------------------------------------
                                      5 	.module Explosion
                                      6 	.optsdcc -mgbz80
                                      7 	
                                      8 ;--------------------------------------------------------
                                      9 ; Public variables in this module
                                     10 ;--------------------------------------------------------
                                     11 	.globl _Explosion_metasprites
                                     12 	.globl _Explosion_metasprite4
                                     13 	.globl _Explosion_metasprite3
                                     14 	.globl _Explosion_metasprite2
                                     15 	.globl _Explosion_metasprite1
                                     16 	.globl _Explosion_metasprite0
                                     17 	.globl _Explosion_tiles
                                     18 	.globl _Explosion_palettes
                                     19 	.globl b___func_Explosion
                                     20 	.globl ___func_Explosion
                                     21 ;--------------------------------------------------------
                                     22 ; special function registers
                                     23 ;--------------------------------------------------------
                                     24 ;--------------------------------------------------------
                                     25 ; ram data
                                     26 ;--------------------------------------------------------
                                     27 	.area _DATA
                                     28 ;--------------------------------------------------------
                                     29 ; ram data
                                     30 ;--------------------------------------------------------
                                     31 	.area _INITIALIZED
                                     32 ;--------------------------------------------------------
                                     33 ; absolute external ram data
                                     34 ;--------------------------------------------------------
                                     35 	.area _DABS (ABS)
                                     36 ;--------------------------------------------------------
                                     37 ; global & static initialisations
                                     38 ;--------------------------------------------------------
                                     39 	.area _HOME
                                     40 	.area _GSINIT
                                     41 	.area _GSFINAL
                                     42 	.area _GSINIT
                                     43 ;--------------------------------------------------------
                                     44 ; Home
                                     45 ;--------------------------------------------------------
                                     46 	.area _HOME
                                     47 	.area _HOME
                                     48 ;--------------------------------------------------------
                                     49 ; code
                                     50 ;--------------------------------------------------------
                                     51 	.area _CODE
                                     52 ;D:\Business\LaroldsJubilantJunkyard\game-remakes\space-invaders\source\gen\default\graphics\Explosion.c:7: BANKREF(Explosion)
                                     53 ;	---------------------------------
                                     54 ; Function __func_Explosion
                                     55 ; ---------------------------------
                           000000    56 	b___func_Explosion	= 0
      000000                         57 ___func_Explosion::
                                     58 	.local b___func_Explosion 
                           000000    59 	___bank_Explosion = b___func_Explosion 
                                     60 	.globl ___bank_Explosion 
                                     61 	.area _CODE
      000000                         62 _Explosion_palettes:
      000000 FF 7F                   63 	.dw #0x7fff
      000002 00 00                   64 	.dw #0x0000
      000004 0A 14                   65 	.dw #0x140a
      000006 0E 00                   66 	.dw #0x000e
      000008                         67 _Explosion_tiles:
      000008 00                      68 	.db #0x00	; 0
      000009 00                      69 	.db #0x00	; 0
      00000A 00                      70 	.db #0x00	; 0
      00000B 00                      71 	.db #0x00	; 0
      00000C 00                      72 	.db #0x00	; 0
      00000D 00                      73 	.db #0x00	; 0
      00000E 18                      74 	.db #0x18	; 24
      00000F 00                      75 	.db #0x00	; 0
      000010 18                      76 	.db #0x18	; 24
      000011 00                      77 	.db #0x00	; 0
      000012 00                      78 	.db #0x00	; 0
      000013 00                      79 	.db #0x00	; 0
      000014 00                      80 	.db #0x00	; 0
      000015 00                      81 	.db #0x00	; 0
      000016 00                      82 	.db #0x00	; 0
      000017 00                      83 	.db #0x00	; 0
      000018 08                      84 	.db #0x08	; 8
      000019 00                      85 	.db #0x00	; 0
      00001A 49                      86 	.db #0x49	; 73	'I'
      00001B 00                      87 	.db #0x00	; 0
      00001C 22                      88 	.db #0x22	; 34
      00001D 00                      89 	.db #0x00	; 0
      00001E 00                      90 	.db #0x00	; 0
      00001F 00                      91 	.db #0x00	; 0
      000020 63                      92 	.db #0x63	; 99	'c'
      000021 00                      93 	.db #0x00	; 0
      000022 00                      94 	.db #0x00	; 0
      000023 00                      95 	.db #0x00	; 0
      000024 22                      96 	.db #0x22	; 34
      000025 00                      97 	.db #0x00	; 0
      000026 49                      98 	.db #0x49	; 73	'I'
      000027 00                      99 	.db #0x00	; 0
      000028 89                     100 	.db #0x89	; 137
      000029 00                     101 	.db #0x00	; 0
      00002A 00                     102 	.db #0x00	; 0
      00002B 00                     103 	.db #0x00	; 0
      00002C 00                     104 	.db #0x00	; 0
      00002D 00                     105 	.db #0x00	; 0
      00002E 00                     106 	.db #0x00	; 0
      00002F 00                     107 	.db #0x00	; 0
      000030 81                     108 	.db #0x81	; 129
      000031 00                     109 	.db #0x00	; 0
      000032 00                     110 	.db #0x00	; 0
      000033 00                     111 	.db #0x00	; 0
      000034 00                     112 	.db #0x00	; 0
      000035 00                     113 	.db #0x00	; 0
      000036 89                     114 	.db #0x89	; 137
      000037 00                     115 	.db #0x00	; 0
      000038 81                     116 	.db #0x81	; 129
      000039 00                     117 	.db #0x00	; 0
      00003A 00                     118 	.db #0x00	; 0
      00003B 00                     119 	.db #0x00	; 0
      00003C 00                     120 	.db #0x00	; 0
      00003D 00                     121 	.db #0x00	; 0
      00003E 00                     122 	.db #0x00	; 0
      00003F 00                     123 	.db #0x00	; 0
      000040 00                     124 	.db #0x00	; 0
      000041 00                     125 	.db #0x00	; 0
      000042 00                     126 	.db #0x00	; 0
      000043 00                     127 	.db #0x00	; 0
      000044 00                     128 	.db #0x00	; 0
      000045 00                     129 	.db #0x00	; 0
      000046 81                     130 	.db #0x81	; 129
      000047 00                     131 	.db #0x00	; 0
      000048                        132 _Explosion_metasprite0:
      000048 80                     133 	.db #0x80	; -128
      000049 00                     134 	.db #0x00	;  0
      00004A 00                     135 	.db #0x00	; 0
      00004B 00                     136 	.db #0x00	; 0
      00004C                        137 _Explosion_metasprite1:
      00004C FC                     138 	.db #0xfc	; -4
      00004D FC                     139 	.db #0xfc	; -4
      00004E 00                     140 	.db #0x00	; 0
      00004F 00                     141 	.db #0x00	; 0
      000050 80                     142 	.db #0x80	; -128
      000051 00                     143 	.db #0x00	;  0
      000052 00                     144 	.db #0x00	; 0
      000053 00                     145 	.db #0x00	; 0
      000054                        146 _Explosion_metasprite2:
      000054 FC                     147 	.db #0xfc	; -4
      000055 FC                     148 	.db #0xfc	; -4
      000056 01                     149 	.db #0x01	; 1
      000057 00                     150 	.db #0x00	; 0
      000058 80                     151 	.db #0x80	; -128
      000059 00                     152 	.db #0x00	;  0
      00005A 00                     153 	.db #0x00	; 0
      00005B 00                     154 	.db #0x00	; 0
      00005C                        155 _Explosion_metasprite3:
      00005C FC                     156 	.db #0xfc	; -4
      00005D FC                     157 	.db #0xfc	; -4
      00005E 02                     158 	.db #0x02	; 2
      00005F 00                     159 	.db #0x00	; 0
      000060 80                     160 	.db #0x80	; -128
      000061 00                     161 	.db #0x00	;  0
      000062 00                     162 	.db #0x00	; 0
      000063 00                     163 	.db #0x00	; 0
      000064                        164 _Explosion_metasprite4:
      000064 FC                     165 	.db #0xfc	; -4
      000065 FC                     166 	.db #0xfc	; -4
      000066 03                     167 	.db #0x03	; 3
      000067 00                     168 	.db #0x00	; 0
      000068 80                     169 	.db #0x80	; -128
      000069 00                     170 	.db #0x00	;  0
      00006A 00                     171 	.db #0x00	; 0
      00006B 00                     172 	.db #0x00	; 0
      00006C                        173 _Explosion_metasprites:
      00006Cr48r00                  174 	.dw _Explosion_metasprite0
      00006Er4Cr00                  175 	.dw _Explosion_metasprite1
      000070r54r00                  176 	.dw _Explosion_metasprite2
      000072r5Cr00                  177 	.dw _Explosion_metasprite3
      000074r64r00                  178 	.dw _Explosion_metasprite4
                                    179 	.area _INITIALIZER
                                    180 	.area _CABS (ABS)
