                                      1 ;--------------------------------------------------------
                                      2 ; File Created by SDCC : free open source ANSI-C Compiler
                                      3 ; Version 4.1.6 #12539 (MINGW32)
                                      4 ;--------------------------------------------------------
                                      5 	.module SpaceInvadersTitle
                                      6 	.optsdcc -mgbz80
                                      7 	
                                      8 ;--------------------------------------------------------
                                      9 ; Public variables in this module
                                     10 ;--------------------------------------------------------
                                     11 	.globl _SpaceInvadersTitle_map
                                     12 	.globl _SpaceInvadersTitle_tile_pals
                                     13 	.globl _SpaceInvadersTitle_tiles
                                     14 	.globl _SpaceInvadersTitle_palettes
                                     15 	.globl b___func_SpaceInvadersTitle
                                     16 	.globl ___func_SpaceInvadersTitle
                                     17 ;--------------------------------------------------------
                                     18 ; special function registers
                                     19 ;--------------------------------------------------------
                                     20 ;--------------------------------------------------------
                                     21 ; ram data
                                     22 ;--------------------------------------------------------
                                     23 	.area _DATA
                                     24 ;--------------------------------------------------------
                                     25 ; ram data
                                     26 ;--------------------------------------------------------
                                     27 	.area _INITIALIZED
                                     28 ;--------------------------------------------------------
                                     29 ; absolute external ram data
                                     30 ;--------------------------------------------------------
                                     31 	.area _DABS (ABS)
                                     32 ;--------------------------------------------------------
                                     33 ; global & static initialisations
                                     34 ;--------------------------------------------------------
                                     35 	.area _HOME
                                     36 	.area _GSINIT
                                     37 	.area _GSFINAL
                                     38 	.area _GSINIT
                                     39 ;--------------------------------------------------------
                                     40 ; Home
                                     41 ;--------------------------------------------------------
                                     42 	.area _HOME
                                     43 	.area _HOME
                                     44 ;--------------------------------------------------------
                                     45 ; code
                                     46 ;--------------------------------------------------------
                                     47 	.area _CODE
                                     48 ;D:\Business\LaroldsJubilantJunkyard\game-remakes\space-invaders\source\gen\default\graphics\SpaceInvadersTitle.c:7: BANKREF(SpaceInvadersTitle)
                                     49 ;	---------------------------------
                                     50 ; Function __func_SpaceInvadersTitle
                                     51 ; ---------------------------------
                           000000    52 	b___func_SpaceInvadersTitle	= 0
      000000                         53 ___func_SpaceInvadersTitle::
                                     54 	.local b___func_SpaceInvadersTitle 
                           000000    55 	___bank_SpaceInvadersTitle = b___func_SpaceInvadersTitle 
                                     56 	.globl ___bank_SpaceInvadersTitle 
                                     57 	.area _CODE
      000000                         58 _SpaceInvadersTitle_palettes:
      000000 FF 7F                   59 	.dw #0x7fff
      000002 00 00                   60 	.dw #0x0000
      000004 0A 58                   61 	.dw #0x580a
      000006 1F 00                   62 	.dw #0x001f
      000008                         63 _SpaceInvadersTitle_tiles:
      000008 00                      64 	.db #0x00	; 0
      000009 00                      65 	.db #0x00	; 0
      00000A 00                      66 	.db #0x00	; 0
      00000B 00                      67 	.db #0x00	; 0
      00000C 00                      68 	.db #0x00	; 0
      00000D 00                      69 	.db #0x00	; 0
      00000E 00                      70 	.db #0x00	; 0
      00000F 00                      71 	.db #0x00	; 0
      000010 00                      72 	.db #0x00	; 0
      000011 00                      73 	.db #0x00	; 0
      000012 00                      74 	.db #0x00	; 0
      000013 00                      75 	.db #0x00	; 0
      000014 00                      76 	.db #0x00	; 0
      000015 00                      77 	.db #0x00	; 0
      000016 00                      78 	.db #0x00	; 0
      000017 00                      79 	.db #0x00	; 0
      000018 03                      80 	.db #0x03	; 3
      000019 00                      81 	.db #0x00	; 0
      00001A 07                      82 	.db #0x07	; 7
      00001B 00                      83 	.db #0x00	; 0
      00001C 07                      84 	.db #0x07	; 7
      00001D 00                      85 	.db #0x00	; 0
      00001E 07                      86 	.db #0x07	; 7
      00001F 00                      87 	.db #0x00	; 0
      000020 07                      88 	.db #0x07	; 7
      000021 00                      89 	.db #0x00	; 0
      000022 07                      90 	.db #0x07	; 7
      000023 00                      91 	.db #0x00	; 0
      000024 07                      92 	.db #0x07	; 7
      000025 00                      93 	.db #0x00	; 0
      000026 07                      94 	.db #0x07	; 7
      000027 00                      95 	.db #0x00	; 0
      000028 FF                      96 	.db #0xff	; 255
      000029 00                      97 	.db #0x00	; 0
      00002A FF                      98 	.db #0xff	; 255
      00002B 00                      99 	.db #0x00	; 0
      00002C FF                     100 	.db #0xff	; 255
      00002D 00                     101 	.db #0x00	; 0
      00002E FF                     102 	.db #0xff	; 255
      00002F 00                     103 	.db #0x00	; 0
      000030 FF                     104 	.db #0xff	; 255
      000031 00                     105 	.db #0x00	; 0
      000032 FF                     106 	.db #0xff	; 255
      000033 00                     107 	.db #0x00	; 0
      000034 FB                     108 	.db #0xfb	; 251
      000035 00                     109 	.db #0x00	; 0
      000036 F1                     110 	.db #0xf1	; 241
      000037 00                     111 	.db #0x00	; 0
      000038 E1                     112 	.db #0xe1	; 225
      000039 00                     113 	.db #0x00	; 0
      00003A F1                     114 	.db #0xf1	; 241
      00003B 00                     115 	.db #0x00	; 0
      00003C F9                     116 	.db #0xf9	; 249
      00003D 00                     117 	.db #0x00	; 0
      00003E F9                     118 	.db #0xf9	; 249
      00003F 00                     119 	.db #0x00	; 0
      000040 FC                     120 	.db #0xfc	; 252
      000041 00                     121 	.db #0x00	; 0
      000042 FC                     122 	.db #0xfc	; 252
      000043 00                     123 	.db #0x00	; 0
      000044 FC                     124 	.db #0xfc	; 252
      000045 00                     125 	.db #0x00	; 0
      000046 FC                     126 	.db #0xfc	; 252
      000047 00                     127 	.db #0x00	; 0
      000048 FF                     128 	.db #0xff	; 255
      000049 00                     129 	.db #0x00	; 0
      00004A FF                     130 	.db #0xff	; 255
      00004B 00                     131 	.db #0x00	; 0
      00004C FF                     132 	.db #0xff	; 255
      00004D 00                     133 	.db #0x00	; 0
      00004E FF                     134 	.db #0xff	; 255
      00004F 00                     135 	.db #0x00	; 0
      000050 FF                     136 	.db #0xff	; 255
      000051 00                     137 	.db #0x00	; 0
      000052 FF                     138 	.db #0xff	; 255
      000053 00                     139 	.db #0x00	; 0
      000054 FC                     140 	.db #0xfc	; 252
      000055 00                     141 	.db #0x00	; 0
      000056 FC                     142 	.db #0xfc	; 252
      000057 00                     143 	.db #0x00	; 0
      000058 F0                     144 	.db #0xf0	; 240
      000059 00                     145 	.db #0x00	; 0
      00005A F8                     146 	.db #0xf8	; 248
      00005B 00                     147 	.db #0x00	; 0
      00005C FC                     148 	.db #0xfc	; 252
      00005D 00                     149 	.db #0x00	; 0
      00005E FE                     150 	.db #0xfe	; 254
      00005F 00                     151 	.db #0x00	; 0
      000060 FE                     152 	.db #0xfe	; 254
      000061 00                     153 	.db #0x00	; 0
      000062 FE                     154 	.db #0xfe	; 254
      000063 00                     155 	.db #0x00	; 0
      000064 FE                     156 	.db #0xfe	; 254
      000065 00                     157 	.db #0x00	; 0
      000066 FE                     158 	.db #0xfe	; 254
      000067 00                     159 	.db #0x00	; 0
      000068 0F                     160 	.db #0x0f	; 15
      000069 00                     161 	.db #0x00	; 0
      00006A 0F                     162 	.db #0x0f	; 15
      00006B 00                     163 	.db #0x00	; 0
      00006C 0F                     164 	.db #0x0f	; 15
      00006D 00                     165 	.db #0x00	; 0
      00006E 0F                     166 	.db #0x0f	; 15
      00006F 00                     167 	.db #0x00	; 0
      000070 0F                     168 	.db #0x0f	; 15
      000071 00                     169 	.db #0x00	; 0
      000072 1F                     170 	.db #0x1f	; 31
      000073 00                     171 	.db #0x00	; 0
      000074 1F                     172 	.db #0x1f	; 31
      000075 00                     173 	.db #0x00	; 0
      000076 1F                     174 	.db #0x1f	; 31
      000077 00                     175 	.db #0x00	; 0
      000078 F8                     176 	.db #0xf8	; 248
      000079 00                     177 	.db #0x00	; 0
      00007A F8                     178 	.db #0xf8	; 248
      00007B 00                     179 	.db #0x00	; 0
      00007C F8                     180 	.db #0xf8	; 248
      00007D 00                     181 	.db #0x00	; 0
      00007E F8                     182 	.db #0xf8	; 248
      00007F 00                     183 	.db #0x00	; 0
      000080 F8                     184 	.db #0xf8	; 248
      000081 00                     185 	.db #0x00	; 0
      000082 FC                     186 	.db #0xfc	; 252
      000083 00                     187 	.db #0x00	; 0
      000084 FC                     188 	.db #0xfc	; 252
      000085 00                     189 	.db #0x00	; 0
      000086 7C                     190 	.db #0x7c	; 124
      000087 00                     191 	.db #0x00	; 0
      000088 03                     192 	.db #0x03	; 3
      000089 00                     193 	.db #0x00	; 0
      00008A 07                     194 	.db #0x07	; 7
      00008B 00                     195 	.db #0x00	; 0
      00008C 07                     196 	.db #0x07	; 7
      00008D 00                     197 	.db #0x00	; 0
      00008E 0F                     198 	.db #0x0f	; 15
      00008F 00                     199 	.db #0x00	; 0
      000090 0F                     200 	.db #0x0f	; 15
      000091 00                     201 	.db #0x00	; 0
      000092 0F                     202 	.db #0x0f	; 15
      000093 00                     203 	.db #0x00	; 0
      000094 1F                     204 	.db #0x1f	; 31
      000095 00                     205 	.db #0x00	; 0
      000096 1F                     206 	.db #0x1f	; 31
      000097 00                     207 	.db #0x00	; 0
      000098 FF                     208 	.db #0xff	; 255
      000099 00                     209 	.db #0x00	; 0
      00009A FF                     210 	.db #0xff	; 255
      00009B 00                     211 	.db #0x00	; 0
      00009C FF                     212 	.db #0xff	; 255
      00009D 00                     213 	.db #0x00	; 0
      00009E FF                     214 	.db #0xff	; 255
      00009F 00                     215 	.db #0x00	; 0
      0000A0 FF                     216 	.db #0xff	; 255
      0000A1 00                     217 	.db #0x00	; 0
      0000A2 FF                     218 	.db #0xff	; 255
      0000A3 00                     219 	.db #0x00	; 0
      0000A4 E7                     220 	.db #0xe7	; 231
      0000A5 00                     221 	.db #0x00	; 0
      0000A6 E7                     222 	.db #0xe7	; 231
      0000A7 00                     223 	.db #0x00	; 0
      0000A8 C1                     224 	.db #0xc1	; 193
      0000A9 00                     225 	.db #0x00	; 0
      0000AA E1                     226 	.db #0xe1	; 225
      0000AB 00                     227 	.db #0x00	; 0
      0000AC E1                     228 	.db #0xe1	; 225
      0000AD 00                     229 	.db #0x00	; 0
      0000AE F3                     230 	.db #0xf3	; 243
      0000AF 00                     231 	.db #0x00	; 0
      0000B0 F3                     232 	.db #0xf3	; 243
      0000B1 00                     233 	.db #0x00	; 0
      0000B2 F3                     234 	.db #0xf3	; 243
      0000B3 00                     235 	.db #0x00	; 0
      0000B4 F3                     236 	.db #0xf3	; 243
      0000B5 00                     237 	.db #0x00	; 0
      0000B6 E7                     238 	.db #0xe7	; 231
      0000B7 00                     239 	.db #0x00	; 0
      0000B8 FF                     240 	.db #0xff	; 255
      0000B9 00                     241 	.db #0x00	; 0
      0000BA FF                     242 	.db #0xff	; 255
      0000BB 00                     243 	.db #0x00	; 0
      0000BC FF                     244 	.db #0xff	; 255
      0000BD 00                     245 	.db #0x00	; 0
      0000BE FF                     246 	.db #0xff	; 255
      0000BF 00                     247 	.db #0x00	; 0
      0000C0 FF                     248 	.db #0xff	; 255
      0000C1 00                     249 	.db #0x00	; 0
      0000C2 FF                     250 	.db #0xff	; 255
      0000C3 00                     251 	.db #0x00	; 0
      0000C4 FC                     252 	.db #0xfc	; 252
      0000C5 00                     253 	.db #0x00	; 0
      0000C6 F8                     254 	.db #0xf8	; 248
      0000C7 00                     255 	.db #0x00	; 0
      0000C8 FC                     256 	.db #0xfc	; 252
      0000C9 00                     257 	.db #0x00	; 0
      0000CA FC                     258 	.db #0xfc	; 252
      0000CB 00                     259 	.db #0x00	; 0
      0000CC FC                     260 	.db #0xfc	; 252
      0000CD 00                     261 	.db #0x00	; 0
      0000CE F8                     262 	.db #0xf8	; 248
      0000CF 00                     263 	.db #0x00	; 0
      0000D0 F8                     264 	.db #0xf8	; 248
      0000D1 00                     265 	.db #0x00	; 0
      0000D2 F8                     266 	.db #0xf8	; 248
      0000D3 00                     267 	.db #0x00	; 0
      0000D4 00                     268 	.db #0x00	; 0
      0000D5 00                     269 	.db #0x00	; 0
      0000D6 00                     270 	.db #0x00	; 0
      0000D7 00                     271 	.db #0x00	; 0
      0000D8 03                     272 	.db #0x03	; 3
      0000D9 00                     273 	.db #0x00	; 0
      0000DA 03                     274 	.db #0x03	; 3
      0000DB 00                     275 	.db #0x00	; 0
      0000DC 01                     276 	.db #0x01	; 1
      0000DD 00                     277 	.db #0x00	; 0
      0000DE 01                     278 	.db #0x01	; 1
      0000DF 00                     279 	.db #0x00	; 0
      0000E0 00                     280 	.db #0x00	; 0
      0000E1 00                     281 	.db #0x00	; 0
      0000E2 00                     282 	.db #0x00	; 0
      0000E3 00                     283 	.db #0x00	; 0
      0000E4 00                     284 	.db #0x00	; 0
      0000E5 00                     285 	.db #0x00	; 0
      0000E6 00                     286 	.db #0x00	; 0
      0000E7 00                     287 	.db #0x00	; 0
      0000E8 F8                     288 	.db #0xf8	; 248
      0000E9 00                     289 	.db #0x00	; 0
      0000EA F8                     290 	.db #0xf8	; 248
      0000EB 00                     291 	.db #0x00	; 0
      0000EC FC                     292 	.db #0xfc	; 252
      0000ED 00                     293 	.db #0x00	; 0
      0000EE FE                     294 	.db #0xfe	; 254
      0000EF 00                     295 	.db #0x00	; 0
      0000F0 FF                     296 	.db #0xff	; 255
      0000F1 00                     297 	.db #0x00	; 0
      0000F2 7F                     298 	.db #0x7f	; 127
      0000F3 00                     299 	.db #0x00	; 0
      0000F4 7F                     300 	.db #0x7f	; 127
      0000F5 00                     301 	.db #0x00	; 0
      0000F6 1F                     302 	.db #0x1f	; 31
      0000F7 00                     303 	.db #0x00	; 0
      0000F8 FC                     304 	.db #0xfc	; 252
      0000F9 00                     305 	.db #0x00	; 0
      0000FA FC                     306 	.db #0xfc	; 252
      0000FB 00                     307 	.db #0x00	; 0
      0000FC 00                     308 	.db #0x00	; 0
      0000FD 00                     309 	.db #0x00	; 0
      0000FE 00                     310 	.db #0x00	; 0
      0000FF 00                     311 	.db #0x00	; 0
      000100 FC                     312 	.db #0xfc	; 252
      000101 00                     313 	.db #0x00	; 0
      000102 FC                     314 	.db #0xfc	; 252
      000103 00                     315 	.db #0x00	; 0
      000104 FE                     316 	.db #0xfe	; 254
      000105 00                     317 	.db #0x00	; 0
      000106 FE                     318 	.db #0xfe	; 254
      000107 00                     319 	.db #0x00	; 0
      000108 FC                     320 	.db #0xfc	; 252
      000109 00                     321 	.db #0x00	; 0
      00010A 7E                     322 	.db #0x7e	; 126
      00010B 00                     323 	.db #0x00	; 0
      00010C 7E                     324 	.db #0x7e	; 126
      00010D 00                     325 	.db #0x00	; 0
      00010E 7E                     326 	.db #0x7e	; 126
      00010F 00                     327 	.db #0x00	; 0
      000110 7F                     328 	.db #0x7f	; 127
      000111 00                     329 	.db #0x00	; 0
      000112 7F                     330 	.db #0x7f	; 127
      000113 00                     331 	.db #0x00	; 0
      000114 3F                     332 	.db #0x3f	; 63
      000115 00                     333 	.db #0x00	; 0
      000116 3F                     334 	.db #0x3f	; 63
      000117 00                     335 	.db #0x00	; 0
      000118 7E                     336 	.db #0x7e	; 126
      000119 00                     337 	.db #0x00	; 0
      00011A 7E                     338 	.db #0x7e	; 126
      00011B 00                     339 	.db #0x00	; 0
      00011C 7E                     340 	.db #0x7e	; 126
      00011D 00                     341 	.db #0x00	; 0
      00011E 7E                     342 	.db #0x7e	; 126
      00011F 00                     343 	.db #0x00	; 0
      000120 FE                     344 	.db #0xfe	; 254
      000121 00                     345 	.db #0x00	; 0
      000122 FE                     346 	.db #0xfe	; 254
      000123 00                     347 	.db #0x00	; 0
      000124 FE                     348 	.db #0xfe	; 254
      000125 00                     349 	.db #0x00	; 0
      000126 FC                     350 	.db #0xfc	; 252
      000127 00                     351 	.db #0x00	; 0
      000128 1F                     352 	.db #0x1f	; 31
      000129 00                     353 	.db #0x00	; 0
      00012A 1F                     354 	.db #0x1f	; 31
      00012B 00                     355 	.db #0x00	; 0
      00012C 1F                     356 	.db #0x1f	; 31
      00012D 00                     357 	.db #0x00	; 0
      00012E 1F                     358 	.db #0x1f	; 31
      00012F 00                     359 	.db #0x00	; 0
      000130 3E                     360 	.db #0x3e	; 62
      000131 00                     361 	.db #0x00	; 0
      000132 3E                     362 	.db #0x3e	; 62
      000133 00                     363 	.db #0x00	; 0
      000134 3E                     364 	.db #0x3e	; 62
      000135 00                     365 	.db #0x00	; 0
      000136 3E                     366 	.db #0x3e	; 62
      000137 00                     367 	.db #0x00	; 0
      000138 7C                     368 	.db #0x7c	; 124
      000139 00                     369 	.db #0x00	; 0
      00013A 7C                     370 	.db #0x7c	; 124
      00013B 00                     371 	.db #0x00	; 0
      00013C 7C                     372 	.db #0x7c	; 124
      00013D 00                     373 	.db #0x00	; 0
      00013E 3C                     374 	.db #0x3c	; 60
      00013F 00                     375 	.db #0x00	; 0
      000140 3E                     376 	.db #0x3e	; 62
      000141 00                     377 	.db #0x00	; 0
      000142 3E                     378 	.db #0x3e	; 62
      000143 00                     379 	.db #0x00	; 0
      000144 3E                     380 	.db #0x3e	; 62
      000145 00                     381 	.db #0x00	; 0
      000146 3E                     382 	.db #0x3e	; 62
      000147 00                     383 	.db #0x00	; 0
      000148 1F                     384 	.db #0x1f	; 31
      000149 00                     385 	.db #0x00	; 0
      00014A 3F                     386 	.db #0x3f	; 63
      00014B 00                     387 	.db #0x00	; 0
      00014C 3F                     388 	.db #0x3f	; 63
      00014D 00                     389 	.db #0x00	; 0
      00014E 3F                     390 	.db #0x3f	; 63
      00014F 00                     391 	.db #0x00	; 0
      000150 3F                     392 	.db #0x3f	; 63
      000151 00                     393 	.db #0x00	; 0
      000152 3F                     394 	.db #0x3f	; 63
      000153 00                     395 	.db #0x00	; 0
      000154 3F                     396 	.db #0x3f	; 63
      000155 00                     397 	.db #0x00	; 0
      000156 3F                     398 	.db #0x3f	; 63
      000157 00                     399 	.db #0x00	; 0
      000158 C7                     400 	.db #0xc7	; 199
      000159 00                     401 	.db #0x00	; 0
      00015A C7                     402 	.db #0xc7	; 199
      00015B 00                     403 	.db #0x00	; 0
      00015C C0                     404 	.db #0xc0	; 192
      00015D 00                     405 	.db #0x00	; 0
      00015E C0                     406 	.db #0xc0	; 192
      00015F 00                     407 	.db #0x00	; 0
      000160 C0                     408 	.db #0xc0	; 192
      000161 00                     409 	.db #0x00	; 0
      000162 C0                     410 	.db #0xc0	; 192
      000163 00                     411 	.db #0x00	; 0
      000164 CF                     412 	.db #0xcf	; 207
      000165 00                     413 	.db #0x00	; 0
      000166 CF                     414 	.db #0xcf	; 207
      000167 00                     415 	.db #0x00	; 0
      000168 E7                     416 	.db #0xe7	; 231
      000169 00                     417 	.db #0x00	; 0
      00016A C7                     418 	.db #0xc7	; 199
      00016B 00                     419 	.db #0x00	; 0
      00016C 07                     420 	.db #0x07	; 7
      00016D 00                     421 	.db #0x00	; 0
      00016E 07                     422 	.db #0x07	; 7
      00016F 00                     423 	.db #0x00	; 0
      000170 0F                     424 	.db #0x0f	; 15
      000171 00                     425 	.db #0x00	; 0
      000172 0F                     426 	.db #0x0f	; 15
      000173 00                     427 	.db #0x00	; 0
      000174 CF                     428 	.db #0xcf	; 207
      000175 00                     429 	.db #0x00	; 0
      000176 CF                     430 	.db #0xcf	; 207
      000177 00                     431 	.db #0x00	; 0
      000178 F8                     432 	.db #0xf8	; 248
      000179 00                     433 	.db #0x00	; 0
      00017A F0                     434 	.db #0xf0	; 240
      00017B 00                     435 	.db #0x00	; 0
      00017C FF                     436 	.db #0xff	; 255
      00017D 00                     437 	.db #0x00	; 0
      00017E FF                     438 	.db #0xff	; 255
      00017F 00                     439 	.db #0x00	; 0
      000180 FF                     440 	.db #0xff	; 255
      000181 00                     441 	.db #0x00	; 0
      000182 FF                     442 	.db #0xff	; 255
      000183 00                     443 	.db #0x00	; 0
      000184 FF                     444 	.db #0xff	; 255
      000185 00                     445 	.db #0x00	; 0
      000186 E0                     446 	.db #0xe0	; 224
      000187 00                     447 	.db #0x00	; 0
      000188 00                     448 	.db #0x00	; 0
      000189 00                     449 	.db #0x00	; 0
      00018A 00                     450 	.db #0x00	; 0
      00018B 00                     451 	.db #0x00	; 0
      00018C 80                     452 	.db #0x80	; 128
      00018D 00                     453 	.db #0x00	; 0
      00018E 80                     454 	.db #0x80	; 128
      00018F 00                     455 	.db #0x00	; 0
      000190 00                     456 	.db #0x00	; 0
      000191 00                     457 	.db #0x00	; 0
      000192 00                     458 	.db #0x00	; 0
      000193 00                     459 	.db #0x00	; 0
      000194 00                     460 	.db #0x00	; 0
      000195 00                     461 	.db #0x00	; 0
      000196 00                     462 	.db #0x00	; 0
      000197 00                     463 	.db #0x00	; 0
      000198 00                     464 	.db #0x00	; 0
      000199 00                     465 	.db #0x00	; 0
      00019A 00                     466 	.db #0x00	; 0
      00019B 00                     467 	.db #0x00	; 0
      00019C 00                     468 	.db #0x00	; 0
      00019D 00                     469 	.db #0x00	; 0
      00019E 3F                     470 	.db #0x3f	; 63
      00019F 00                     471 	.db #0x00	; 0
      0001A0 3F                     472 	.db #0x3f	; 63
      0001A1 00                     473 	.db #0x00	; 0
      0001A2 1F                     474 	.db #0x1f	; 31
      0001A3 00                     475 	.db #0x00	; 0
      0001A4 1F                     476 	.db #0x1f	; 31
      0001A5 00                     477 	.db #0x00	; 0
      0001A6 07                     478 	.db #0x07	; 7
      0001A7 00                     479 	.db #0x00	; 0
      0001A8 3F                     480 	.db #0x3f	; 63
      0001A9 00                     481 	.db #0x00	; 0
      0001AA 3F                     482 	.db #0x3f	; 63
      0001AB 00                     483 	.db #0x00	; 0
      0001AC 1F                     484 	.db #0x1f	; 31
      0001AD 00                     485 	.db #0x00	; 0
      0001AE BF                     486 	.db #0xbf	; 191
      0001AF 00                     487 	.db #0x00	; 0
      0001B0 FF                     488 	.db #0xff	; 255
      0001B1 00                     489 	.db #0x00	; 0
      0001B2 FF                     490 	.db #0xff	; 255
      0001B3 00                     491 	.db #0x00	; 0
      0001B4 FE                     492 	.db #0xfe	; 254
      0001B5 00                     493 	.db #0x00	; 0
      0001B6 F8                     494 	.db #0xf8	; 248
      0001B7 00                     495 	.db #0x00	; 0
      0001B8 3F                     496 	.db #0x3f	; 63
      0001B9 00                     497 	.db #0x00	; 0
      0001BA 3F                     498 	.db #0x3f	; 63
      0001BB 00                     499 	.db #0x00	; 0
      0001BC 3F                     500 	.db #0x3f	; 63
      0001BD 00                     501 	.db #0x00	; 0
      0001BE 1F                     502 	.db #0x1f	; 31
      0001BF 00                     503 	.db #0x00	; 0
      0001C0 1F                     504 	.db #0x1f	; 31
      0001C1 00                     505 	.db #0x00	; 0
      0001C2 1F                     506 	.db #0x1f	; 31
      0001C3 00                     507 	.db #0x00	; 0
      0001C4 1F                     508 	.db #0x1f	; 31
      0001C5 00                     509 	.db #0x00	; 0
      0001C6 00                     510 	.db #0x00	; 0
      0001C7 00                     511 	.db #0x00	; 0
      0001C8 FC                     512 	.db #0xfc	; 252
      0001C9 00                     513 	.db #0x00	; 0
      0001CA F8                     514 	.db #0xf8	; 248
      0001CB 00                     515 	.db #0x00	; 0
      0001CC 00                     516 	.db #0x00	; 0
      0001CD 00                     517 	.db #0x00	; 0
      0001CE 00                     518 	.db #0x00	; 0
      0001CF 00                     519 	.db #0x00	; 0
      0001D0 80                     520 	.db #0x80	; 128
      0001D1 00                     521 	.db #0x00	; 0
      0001D2 80                     522 	.db #0x80	; 128
      0001D3 00                     523 	.db #0x00	; 0
      0001D4 80                     524 	.db #0x80	; 128
      0001D5 00                     525 	.db #0x00	; 0
      0001D6 00                     526 	.db #0x00	; 0
      0001D7 00                     527 	.db #0x00	; 0
      0001D8 3F                     528 	.db #0x3f	; 63
      0001D9 00                     529 	.db #0x00	; 0
      0001DA 3F                     530 	.db #0x3f	; 63
      0001DB 00                     531 	.db #0x00	; 0
      0001DC 3F                     532 	.db #0x3f	; 63
      0001DD 00                     533 	.db #0x00	; 0
      0001DE 7C                     534 	.db #0x7c	; 124
      0001DF 00                     535 	.db #0x00	; 0
      0001E0 78                     536 	.db #0x78	; 120	'x'
      0001E1 00                     537 	.db #0x00	; 0
      0001E2 78                     538 	.db #0x78	; 120	'x'
      0001E3 00                     539 	.db #0x00	; 0
      0001E4 78                     540 	.db #0x78	; 120	'x'
      0001E5 00                     541 	.db #0x00	; 0
      0001E6 00                     542 	.db #0x00	; 0
      0001E7 00                     543 	.db #0x00	; 0
      0001E8 FE                     544 	.db #0xfe	; 254
      0001E9 00                     545 	.db #0x00	; 0
      0001EA FE                     546 	.db #0xfe	; 254
      0001EB 00                     547 	.db #0x00	; 0
      0001EC FE                     548 	.db #0xfe	; 254
      0001ED 00                     549 	.db #0x00	; 0
      0001EE 1F                     550 	.db #0x1f	; 31
      0001EF 00                     551 	.db #0x00	; 0
      0001F0 0F                     552 	.db #0x0f	; 15
      0001F1 00                     553 	.db #0x00	; 0
      0001F2 0F                     554 	.db #0x0f	; 15
      0001F3 00                     555 	.db #0x00	; 0
      0001F4 0F                     556 	.db #0x0f	; 15
      0001F5 00                     557 	.db #0x00	; 0
      0001F6 00                     558 	.db #0x00	; 0
      0001F7 00                     559 	.db #0x00	; 0
      0001F8 3F                     560 	.db #0x3f	; 63
      0001F9 00                     561 	.db #0x00	; 0
      0001FA 3F                     562 	.db #0x3f	; 63
      0001FB 00                     563 	.db #0x00	; 0
      0001FC 3F                     564 	.db #0x3f	; 63
      0001FD 00                     565 	.db #0x00	; 0
      0001FE 3F                     566 	.db #0x3f	; 63
      0001FF 00                     567 	.db #0x00	; 0
      000200 3F                     568 	.db #0x3f	; 63
      000201 00                     569 	.db #0x00	; 0
      000202 3F                     570 	.db #0x3f	; 63
      000203 00                     571 	.db #0x00	; 0
      000204 1F                     572 	.db #0x1f	; 31
      000205 00                     573 	.db #0x00	; 0
      000206 07                     574 	.db #0x07	; 7
      000207 00                     575 	.db #0x00	; 0
      000208 8F                     576 	.db #0x8f	; 143
      000209 00                     577 	.db #0x00	; 0
      00020A 8F                     578 	.db #0x8f	; 143
      00020B 00                     579 	.db #0x00	; 0
      00020C 9F                     580 	.db #0x9f	; 159
      00020D 00                     581 	.db #0x00	; 0
      00020E FF                     582 	.db #0xff	; 255
      00020F 00                     583 	.db #0x00	; 0
      000210 FF                     584 	.db #0xff	; 255
      000211 00                     585 	.db #0x00	; 0
      000212 FF                     586 	.db #0xff	; 255
      000213 00                     587 	.db #0x00	; 0
      000214 FF                     588 	.db #0xff	; 255
      000215 00                     589 	.db #0x00	; 0
      000216 FE                     590 	.db #0xfe	; 254
      000217 00                     591 	.db #0x00	; 0
      000218 CF                     592 	.db #0xcf	; 207
      000219 00                     593 	.db #0x00	; 0
      00021A 9F                     594 	.db #0x9f	; 159
      00021B 00                     595 	.db #0x00	; 0
      00021C 9F                     596 	.db #0x9f	; 159
      00021D 00                     597 	.db #0x00	; 0
      00021E 9F                     598 	.db #0x9f	; 159
      00021F 00                     599 	.db #0x00	; 0
      000220 9F                     600 	.db #0x9f	; 159
      000221 00                     601 	.db #0x00	; 0
      000222 3F                     602 	.db #0x3f	; 63
      000223 00                     603 	.db #0x00	; 0
      000224 3F                     604 	.db #0x3f	; 63
      000225 00                     605 	.db #0x00	; 0
      000226 3F                     606 	.db #0x3f	; 63
      000227 00                     607 	.db #0x00	; 0
      000228 C0                     608 	.db #0xc0	; 192
      000229 00                     609 	.db #0x00	; 0
      00022A C0                     610 	.db #0xc0	; 192
      00022B 00                     611 	.db #0x00	; 0
      00022C C0                     612 	.db #0xc0	; 192
      00022D 00                     613 	.db #0x00	; 0
      00022E FF                     614 	.db #0xff	; 255
      00022F 00                     615 	.db #0x00	; 0
      000230 FF                     616 	.db #0xff	; 255
      000231 00                     617 	.db #0x00	; 0
      000232 FE                     618 	.db #0xfe	; 254
      000233 00                     619 	.db #0x00	; 0
      000234 FE                     620 	.db #0xfe	; 254
      000235 00                     621 	.db #0x00	; 0
      000236 FE                     622 	.db #0xfe	; 254
      000237 00                     623 	.db #0x00	; 0
      000238 00                     624 	.db #0x00	; 0
      000239 00                     625 	.db #0x00	; 0
      00023A 00                     626 	.db #0x00	; 0
      00023B 00                     627 	.db #0x00	; 0
      00023C 7F                     628 	.db #0x7f	; 127
      00023D 00                     629 	.db #0x00	; 0
      00023E 3F                     630 	.db #0x3f	; 63
      00023F 00                     631 	.db #0x00	; 0
      000240 3F                     632 	.db #0x3f	; 63
      000241 00                     633 	.db #0x00	; 0
      000242 1F                     634 	.db #0x1f	; 31
      000243 00                     635 	.db #0x00	; 0
      000244 1F                     636 	.db #0x1f	; 31
      000245 00                     637 	.db #0x00	; 0
      000246 0F                     638 	.db #0x0f	; 15
      000247 00                     639 	.db #0x00	; 0
      000248 00                     640 	.db #0x00	; 0
      000249 00                     641 	.db #0x00	; 0
      00024A 00                     642 	.db #0x00	; 0
      00024B 00                     643 	.db #0x00	; 0
      00024C BF                     644 	.db #0xbf	; 191
      00024D 00                     645 	.db #0x00	; 0
      00024E BF                     646 	.db #0xbf	; 191
      00024F 00                     647 	.db #0x00	; 0
      000250 DF                     648 	.db #0xdf	; 223
      000251 00                     649 	.db #0x00	; 0
      000252 DF                     650 	.db #0xdf	; 223
      000253 00                     651 	.db #0x00	; 0
      000254 EF                     652 	.db #0xef	; 239
      000255 00                     653 	.db #0x00	; 0
      000256 EF                     654 	.db #0xef	; 239
      000257 00                     655 	.db #0x00	; 0
      000258 00                     656 	.db #0x00	; 0
      000259 00                     657 	.db #0x00	; 0
      00025A 00                     658 	.db #0x00	; 0
      00025B 00                     659 	.db #0x00	; 0
      00025C 8F                     660 	.db #0x8f	; 143
      00025D 00                     661 	.db #0x00	; 0
      00025E C7                     662 	.db #0xc7	; 199
      00025F 00                     663 	.db #0x00	; 0
      000260 E3                     664 	.db #0xe3	; 227
      000261 00                     665 	.db #0x00	; 0
      000262 F3                     666 	.db #0xf3	; 243
      000263 00                     667 	.db #0x00	; 0
      000264 F9                     668 	.db #0xf9	; 249
      000265 00                     669 	.db #0x00	; 0
      000266 FD                     670 	.db #0xfd	; 253
      000267 00                     671 	.db #0x00	; 0
      000268 00                     672 	.db #0x00	; 0
      000269 00                     673 	.db #0x00	; 0
      00026A 00                     674 	.db #0x00	; 0
      00026B 00                     675 	.db #0x00	; 0
      00026C E3                     676 	.db #0xe3	; 227
      00026D 00                     677 	.db #0x00	; 0
      00026E E3                     678 	.db #0xe3	; 227
      00026F 00                     679 	.db #0x00	; 0
      000270 F1                     680 	.db #0xf1	; 241
      000271 00                     681 	.db #0x00	; 0
      000272 F1                     682 	.db #0xf1	; 241
      000273 00                     683 	.db #0x00	; 0
      000274 F8                     684 	.db #0xf8	; 248
      000275 00                     685 	.db #0x00	; 0
      000276 F8                     686 	.db #0xf8	; 248
      000277 00                     687 	.db #0x00	; 0
      000278 00                     688 	.db #0x00	; 0
      000279 00                     689 	.db #0x00	; 0
      00027A 00                     690 	.db #0x00	; 0
      00027B 00                     691 	.db #0x00	; 0
      00027C F0                     692 	.db #0xf0	; 240
      00027D 00                     693 	.db #0x00	; 0
      00027E F8                     694 	.db #0xf8	; 248
      00027F 00                     695 	.db #0x00	; 0
      000280 F8                     696 	.db #0xf8	; 248
      000281 00                     697 	.db #0x00	; 0
      000282 FC                     698 	.db #0xfc	; 252
      000283 00                     699 	.db #0x00	; 0
      000284 FC                     700 	.db #0xfc	; 252
      000285 00                     701 	.db #0x00	; 0
      000286 FE                     702 	.db #0xfe	; 254
      000287 00                     703 	.db #0x00	; 0
      000288 00                     704 	.db #0x00	; 0
      000289 00                     705 	.db #0x00	; 0
      00028A 00                     706 	.db #0x00	; 0
      00028B 00                     707 	.db #0x00	; 0
      00028C 3F                     708 	.db #0x3f	; 63
      00028D 00                     709 	.db #0x00	; 0
      00028E 3F                     710 	.db #0x3f	; 63
      00028F 00                     711 	.db #0x00	; 0
      000290 3F                     712 	.db #0x3f	; 63
      000291 00                     713 	.db #0x00	; 0
      000292 3F                     714 	.db #0x3f	; 63
      000293 00                     715 	.db #0x00	; 0
      000294 3F                     716 	.db #0x3f	; 63
      000295 00                     717 	.db #0x00	; 0
      000296 3F                     718 	.db #0x3f	; 63
      000297 00                     719 	.db #0x00	; 0
      000298 00                     720 	.db #0x00	; 0
      000299 00                     721 	.db #0x00	; 0
      00029A 00                     722 	.db #0x00	; 0
      00029B 00                     723 	.db #0x00	; 0
      00029C 87                     724 	.db #0x87	; 135
      00029D 00                     725 	.db #0x00	; 0
      00029E 87                     726 	.db #0x87	; 135
      00029F 00                     727 	.db #0x00	; 0
      0002A0 87                     728 	.db #0x87	; 135
      0002A1 00                     729 	.db #0x00	; 0
      0002A2 87                     730 	.db #0x87	; 135
      0002A3 00                     731 	.db #0x00	; 0
      0002A4 87                     732 	.db #0x87	; 135
      0002A5 00                     733 	.db #0x00	; 0
      0002A6 87                     734 	.db #0x87	; 135
      0002A7 00                     735 	.db #0x00	; 0
      0002A8 00                     736 	.db #0x00	; 0
      0002A9 00                     737 	.db #0x00	; 0
      0002AA 00                     738 	.db #0x00	; 0
      0002AB 00                     739 	.db #0x00	; 0
      0002AC FC                     740 	.db #0xfc	; 252
      0002AD 00                     741 	.db #0x00	; 0
      0002AE FC                     742 	.db #0xfc	; 252
      0002AF 00                     743 	.db #0x00	; 0
      0002B0 FC                     744 	.db #0xfc	; 252
      0002B1 00                     745 	.db #0x00	; 0
      0002B2 FE                     746 	.db #0xfe	; 254
      0002B3 00                     747 	.db #0x00	; 0
      0002B4 FE                     748 	.db #0xfe	; 254
      0002B5 00                     749 	.db #0x00	; 0
      0002B6 FE                     750 	.db #0xfe	; 254
      0002B7 00                     751 	.db #0x00	; 0
      0002B8 00                     752 	.db #0x00	; 0
      0002B9 00                     753 	.db #0x00	; 0
      0002BA 00                     754 	.db #0x00	; 0
      0002BB 00                     755 	.db #0x00	; 0
      0002BC 03                     756 	.db #0x03	; 3
      0002BD 00                     757 	.db #0x00	; 0
      0002BE 03                     758 	.db #0x03	; 3
      0002BF 00                     759 	.db #0x00	; 0
      0002C0 03                     760 	.db #0x03	; 3
      0002C1 00                     761 	.db #0x00	; 0
      0002C2 03                     762 	.db #0x03	; 3
      0002C3 00                     763 	.db #0x00	; 0
      0002C4 03                     764 	.db #0x03	; 3
      0002C5 00                     765 	.db #0x00	; 0
      0002C6 03                     766 	.db #0x03	; 3
      0002C7 00                     767 	.db #0x00	; 0
      0002C8 00                     768 	.db #0x00	; 0
      0002C9 00                     769 	.db #0x00	; 0
      0002CA 00                     770 	.db #0x00	; 0
      0002CB 00                     771 	.db #0x00	; 0
      0002CC FF                     772 	.db #0xff	; 255
      0002CD 00                     773 	.db #0x00	; 0
      0002CE FF                     774 	.db #0xff	; 255
      0002CF 00                     775 	.db #0x00	; 0
      0002D0 FF                     776 	.db #0xff	; 255
      0002D1 00                     777 	.db #0x00	; 0
      0002D2 FF                     778 	.db #0xff	; 255
      0002D3 00                     779 	.db #0x00	; 0
      0002D4 F1                     780 	.db #0xf1	; 241
      0002D5 00                     781 	.db #0x00	; 0
      0002D6 F1                     782 	.db #0xf1	; 241
      0002D7 00                     783 	.db #0x00	; 0
      0002D8 00                     784 	.db #0x00	; 0
      0002D9 00                     785 	.db #0x00	; 0
      0002DA 00                     786 	.db #0x00	; 0
      0002DB 00                     787 	.db #0x00	; 0
      0002DC F0                     788 	.db #0xf0	; 240
      0002DD 00                     789 	.db #0x00	; 0
      0002DE F8                     790 	.db #0xf8	; 248
      0002DF 00                     791 	.db #0x00	; 0
      0002E0 F8                     792 	.db #0xf8	; 248
      0002E1 00                     793 	.db #0x00	; 0
      0002E2 FC                     794 	.db #0xfc	; 252
      0002E3 00                     795 	.db #0x00	; 0
      0002E4 FC                     796 	.db #0xfc	; 252
      0002E5 00                     797 	.db #0x00	; 0
      0002E6 FC                     798 	.db #0xfc	; 252
      0002E7 00                     799 	.db #0x00	; 0
      0002E8 00                     800 	.db #0x00	; 0
      0002E9 00                     801 	.db #0x00	; 0
      0002EA 00                     802 	.db #0x00	; 0
      0002EB 00                     803 	.db #0x00	; 0
      0002EC 3F                     804 	.db #0x3f	; 63
      0002ED 00                     805 	.db #0x00	; 0
      0002EE 3F                     806 	.db #0x3f	; 63
      0002EF 00                     807 	.db #0x00	; 0
      0002F0 3F                     808 	.db #0x3f	; 63
      0002F1 00                     809 	.db #0x00	; 0
      0002F2 3F                     810 	.db #0x3f	; 63
      0002F3 00                     811 	.db #0x00	; 0
      0002F4 7F                     812 	.db #0x7f	; 127
      0002F5 00                     813 	.db #0x00	; 0
      0002F6 7F                     814 	.db #0x7f	; 127
      0002F7 00                     815 	.db #0x00	; 0
      0002F8 00                     816 	.db #0x00	; 0
      0002F9 00                     817 	.db #0x00	; 0
      0002FA 00                     818 	.db #0x00	; 0
      0002FB 00                     819 	.db #0x00	; 0
      0002FC FF                     820 	.db #0xff	; 255
      0002FD 00                     821 	.db #0x00	; 0
      0002FE FF                     822 	.db #0xff	; 255
      0002FF 00                     823 	.db #0x00	; 0
      000300 FE                     824 	.db #0xfe	; 254
      000301 00                     825 	.db #0x00	; 0
      000302 FE                     826 	.db #0xfe	; 254
      000303 00                     827 	.db #0x00	; 0
      000304 00                     828 	.db #0x00	; 0
      000305 00                     829 	.db #0x00	; 0
      000306 00                     830 	.db #0x00	; 0
      000307 00                     831 	.db #0x00	; 0
      000308 00                     832 	.db #0x00	; 0
      000309 00                     833 	.db #0x00	; 0
      00030A 00                     834 	.db #0x00	; 0
      00030B 00                     835 	.db #0x00	; 0
      00030C 1F                     836 	.db #0x1f	; 31
      00030D 00                     837 	.db #0x00	; 0
      00030E 1F                     838 	.db #0x1f	; 31
      00030F 00                     839 	.db #0x00	; 0
      000310 1F                     840 	.db #0x1f	; 31
      000311 00                     841 	.db #0x00	; 0
      000312 3F                     842 	.db #0x3f	; 63
      000313 00                     843 	.db #0x00	; 0
      000314 3F                     844 	.db #0x3f	; 63
      000315 00                     845 	.db #0x00	; 0
      000316 3F                     846 	.db #0x3f	; 63
      000317 00                     847 	.db #0x00	; 0
      000318 00                     848 	.db #0x00	; 0
      000319 00                     849 	.db #0x00	; 0
      00031A 00                     850 	.db #0x00	; 0
      00031B 00                     851 	.db #0x00	; 0
      00031C FF                     852 	.db #0xff	; 255
      00031D 00                     853 	.db #0x00	; 0
      00031E FF                     854 	.db #0xff	; 255
      00031F 00                     855 	.db #0x00	; 0
      000320 FF                     856 	.db #0xff	; 255
      000321 00                     857 	.db #0x00	; 0
      000322 8F                     858 	.db #0x8f	; 143
      000323 00                     859 	.db #0x00	; 0
      000324 8F                     860 	.db #0x8f	; 143
      000325 00                     861 	.db #0x00	; 0
      000326 0F                     862 	.db #0x0f	; 15
      000327 00                     863 	.db #0x00	; 0
      000328 00                     864 	.db #0x00	; 0
      000329 00                     865 	.db #0x00	; 0
      00032A 00                     866 	.db #0x00	; 0
      00032B 00                     867 	.db #0x00	; 0
      00032C C0                     868 	.db #0xc0	; 192
      00032D 00                     869 	.db #0x00	; 0
      00032E C1                     870 	.db #0xc1	; 193
      00032F 00                     871 	.db #0x00	; 0
      000330 E3                     872 	.db #0xe3	; 227
      000331 00                     873 	.db #0x00	; 0
      000332 E7                     874 	.db #0xe7	; 231
      000333 00                     875 	.db #0x00	; 0
      000334 E7                     876 	.db #0xe7	; 231
      000335 00                     877 	.db #0x00	; 0
      000336 CF                     878 	.db #0xcf	; 207
      000337 00                     879 	.db #0x00	; 0
      000338 00                     880 	.db #0x00	; 0
      000339 00                     881 	.db #0x00	; 0
      00033A 00                     882 	.db #0x00	; 0
      00033B 00                     883 	.db #0x00	; 0
      00033C FF                     884 	.db #0xff	; 255
      00033D 00                     885 	.db #0x00	; 0
      00033E FF                     886 	.db #0xff	; 255
      00033F 00                     887 	.db #0x00	; 0
      000340 FF                     888 	.db #0xff	; 255
      000341 00                     889 	.db #0x00	; 0
      000342 FF                     890 	.db #0xff	; 255
      000343 00                     891 	.db #0x00	; 0
      000344 F9                     892 	.db #0xf9	; 249
      000345 00                     893 	.db #0x00	; 0
      000346 F3                     894 	.db #0xf3	; 243
      000347 00                     895 	.db #0x00	; 0
      000348 00                     896 	.db #0x00	; 0
      000349 00                     897 	.db #0x00	; 0
      00034A 00                     898 	.db #0x00	; 0
      00034B 00                     899 	.db #0x00	; 0
      00034C FC                     900 	.db #0xfc	; 252
      00034D 00                     901 	.db #0x00	; 0
      00034E FE                     902 	.db #0xfe	; 254
      00034F 00                     903 	.db #0x00	; 0
      000350 FE                     904 	.db #0xfe	; 254
      000351 00                     905 	.db #0x00	; 0
      000352 FE                     906 	.db #0xfe	; 254
      000353 00                     907 	.db #0x00	; 0
      000354 FC                     908 	.db #0xfc	; 252
      000355 00                     909 	.db #0x00	; 0
      000356 FC                     910 	.db #0xfc	; 252
      000357 00                     911 	.db #0x00	; 0
      000358 0F                     912 	.db #0x0f	; 15
      000359 00                     913 	.db #0x00	; 0
      00035A 07                     914 	.db #0x07	; 7
      00035B 00                     915 	.db #0x00	; 0
      00035C 07                     916 	.db #0x07	; 7
      00035D 00                     917 	.db #0x00	; 0
      00035E 03                     918 	.db #0x03	; 3
      00035F 00                     919 	.db #0x00	; 0
      000360 03                     920 	.db #0x03	; 3
      000361 00                     921 	.db #0x00	; 0
      000362 01                     922 	.db #0x01	; 1
      000363 00                     923 	.db #0x00	; 0
      000364 01                     924 	.db #0x01	; 1
      000365 00                     925 	.db #0x00	; 0
      000366 00                     926 	.db #0x00	; 0
      000367 00                     927 	.db #0x00	; 0
      000368 F7                     928 	.db #0xf7	; 247
      000369 00                     929 	.db #0x00	; 0
      00036A F7                     930 	.db #0xf7	; 247
      00036B 00                     931 	.db #0x00	; 0
      00036C FB                     932 	.db #0xfb	; 251
      00036D 00                     933 	.db #0x00	; 0
      00036E FB                     934 	.db #0xfb	; 251
      00036F 00                     935 	.db #0x00	; 0
      000370 FD                     936 	.db #0xfd	; 253
      000371 00                     937 	.db #0x00	; 0
      000372 FD                     938 	.db #0xfd	; 253
      000373 00                     939 	.db #0x00	; 0
      000374 FE                     940 	.db #0xfe	; 254
      000375 00                     941 	.db #0x00	; 0
      000376 FE                     942 	.db #0xfe	; 254
      000377 00                     943 	.db #0x00	; 0
      000378 FD                     944 	.db #0xfd	; 253
      000379 00                     945 	.db #0x00	; 0
      00037A FE                     946 	.db #0xfe	; 254
      00037B 00                     947 	.db #0x00	; 0
      00037C FF                     948 	.db #0xff	; 255
      00037D 00                     949 	.db #0x00	; 0
      00037E FF                     950 	.db #0xff	; 255
      00037F 00                     951 	.db #0x00	; 0
      000380 FF                     952 	.db #0xff	; 255
      000381 00                     953 	.db #0x00	; 0
      000382 FF                     954 	.db #0xff	; 255
      000383 00                     955 	.db #0x00	; 0
      000384 FF                     956 	.db #0xff	; 255
      000385 00                     957 	.db #0x00	; 0
      000386 FF                     958 	.db #0xff	; 255
      000387 00                     959 	.db #0x00	; 0
      000388 F8                     960 	.db #0xf8	; 248
      000389 00                     961 	.db #0x00	; 0
      00038A FC                     962 	.db #0xfc	; 252
      00038B 00                     963 	.db #0x00	; 0
      00038C FC                     964 	.db #0xfc	; 252
      00038D 00                     965 	.db #0x00	; 0
      00038E FC                     966 	.db #0xfc	; 252
      00038F 00                     967 	.db #0x00	; 0
      000390 FE                     968 	.db #0xfe	; 254
      000391 00                     969 	.db #0x00	; 0
      000392 FE                     970 	.db #0xfe	; 254
      000393 00                     971 	.db #0x00	; 0
      000394 FF                     972 	.db #0xff	; 255
      000395 00                     973 	.db #0x00	; 0
      000396 FF                     974 	.db #0xff	; 255
      000397 00                     975 	.db #0x00	; 0
      000398 7E                     976 	.db #0x7e	; 126
      000399 00                     977 	.db #0x00	; 0
      00039A 7F                     978 	.db #0x7f	; 127
      00039B 00                     979 	.db #0x00	; 0
      00039C 3F                     980 	.db #0x3f	; 63
      00039D 00                     981 	.db #0x00	; 0
      00039E 3F                     982 	.db #0x3f	; 63
      00039F 00                     983 	.db #0x00	; 0
      0003A0 1F                     984 	.db #0x1f	; 31
      0003A1 00                     985 	.db #0x00	; 0
      0003A2 1F                     986 	.db #0x1f	; 31
      0003A3 00                     987 	.db #0x00	; 0
      0003A4 0F                     988 	.db #0x0f	; 15
      0003A5 00                     989 	.db #0x00	; 0
      0003A6 0F                     990 	.db #0x0f	; 15
      0003A7 00                     991 	.db #0x00	; 0
      0003A8 3F                     992 	.db #0x3f	; 63
      0003A9 00                     993 	.db #0x00	; 0
      0003AA 3F                     994 	.db #0x3f	; 63
      0003AB 00                     995 	.db #0x00	; 0
      0003AC 1F                     996 	.db #0x1f	; 31
      0003AD 00                     997 	.db #0x00	; 0
      0003AE 9F                     998 	.db #0x9f	; 159
      0003AF 00                     999 	.db #0x00	; 0
      0003B0 9F                    1000 	.db #0x9f	; 159
      0003B1 00                    1001 	.db #0x00	; 0
      0003B2 DF                    1002 	.db #0xdf	; 223
      0003B3 00                    1003 	.db #0x00	; 0
      0003B4 DF                    1004 	.db #0xdf	; 223
      0003B5 00                    1005 	.db #0x00	; 0
      0003B6 FF                    1006 	.db #0xff	; 255
      0003B7 00                    1007 	.db #0x00	; 0
      0003B8 87                    1008 	.db #0x87	; 135
      0003B9 00                    1009 	.db #0x00	; 0
      0003BA 87                    1010 	.db #0x87	; 135
      0003BB 00                    1011 	.db #0x00	; 0
      0003BC 87                    1012 	.db #0x87	; 135
      0003BD 00                    1013 	.db #0x00	; 0
      0003BE 87                    1014 	.db #0x87	; 135
      0003BF 00                    1015 	.db #0x00	; 0
      0003C0 87                    1016 	.db #0x87	; 135
      0003C1 00                    1017 	.db #0x00	; 0
      0003C2 87                    1018 	.db #0x87	; 135
      0003C3 00                    1019 	.db #0x00	; 0
      0003C4 87                    1020 	.db #0x87	; 135
      0003C5 00                    1021 	.db #0x00	; 0
      0003C6 87                    1022 	.db #0x87	; 135
      0003C7 00                    1023 	.db #0x00	; 0
      0003C8 FE                    1024 	.db #0xfe	; 254
      0003C9 00                    1025 	.db #0x00	; 0
      0003CA DF                    1026 	.db #0xdf	; 223
      0003CB 00                    1027 	.db #0x00	; 0
      0003CC DF                    1028 	.db #0xdf	; 223
      0003CD 00                    1029 	.db #0x00	; 0
      0003CE DF                    1030 	.db #0xdf	; 223
      0003CF 00                    1031 	.db #0x00	; 0
      0003D0 DF                    1032 	.db #0xdf	; 223
      0003D1 00                    1033 	.db #0x00	; 0
      0003D2 CF                    1034 	.db #0xcf	; 207
      0003D3 00                    1035 	.db #0x00	; 0
      0003D4 CF                    1036 	.db #0xcf	; 207
      0003D5 00                    1037 	.db #0x00	; 0
      0003D6 CF                    1038 	.db #0xcf	; 207
      0003D7 00                    1039 	.db #0x00	; 0
      0003D8 03                    1040 	.db #0x03	; 3
      0003D9 00                    1041 	.db #0x00	; 0
      0003DA 03                    1042 	.db #0x03	; 3
      0003DB 00                    1043 	.db #0x00	; 0
      0003DC 03                    1044 	.db #0x03	; 3
      0003DD 00                    1045 	.db #0x00	; 0
      0003DE 03                    1046 	.db #0x03	; 3
      0003DF 00                    1047 	.db #0x00	; 0
      0003E0 03                    1048 	.db #0x03	; 3
      0003E1 00                    1049 	.db #0x00	; 0
      0003E2 83                    1050 	.db #0x83	; 131
      0003E3 00                    1051 	.db #0x00	; 0
      0003E4 83                    1052 	.db #0x83	; 131
      0003E5 00                    1053 	.db #0x00	; 0
      0003E6 83                    1054 	.db #0x83	; 131
      0003E7 00                    1055 	.db #0x00	; 0
      0003E8 F1                    1056 	.db #0xf1	; 241
      0003E9 00                    1057 	.db #0x00	; 0
      0003EA F1                    1058 	.db #0xf1	; 241
      0003EB 00                    1059 	.db #0x00	; 0
      0003EC F1                    1060 	.db #0xf1	; 241
      0003ED 00                    1061 	.db #0x00	; 0
      0003EE F1                    1062 	.db #0xf1	; 241
      0003EF 00                    1063 	.db #0x00	; 0
      0003F0 F1                    1064 	.db #0xf1	; 241
      0003F1 00                    1065 	.db #0x00	; 0
      0003F2 F3                    1066 	.db #0xf3	; 243
      0003F3 00                    1067 	.db #0x00	; 0
      0003F4 F3                    1068 	.db #0xf3	; 243
      0003F5 00                    1069 	.db #0x00	; 0
      0003F6 F3                    1070 	.db #0xf3	; 243
      0003F7 00                    1071 	.db #0x00	; 0
      0003F8 FC                    1072 	.db #0xfc	; 252
      0003F9 00                    1073 	.db #0x00	; 0
      0003FA F8                    1074 	.db #0xf8	; 248
      0003FB 00                    1075 	.db #0x00	; 0
      0003FC F8                    1076 	.db #0xf8	; 248
      0003FD 00                    1077 	.db #0x00	; 0
      0003FE F8                    1078 	.db #0xf8	; 248
      0003FF 00                    1079 	.db #0x00	; 0
      000400 F8                    1080 	.db #0xf8	; 248
      000401 00                    1081 	.db #0x00	; 0
      000402 F8                    1082 	.db #0xf8	; 248
      000403 00                    1083 	.db #0x00	; 0
      000404 F8                    1084 	.db #0xf8	; 248
      000405 00                    1085 	.db #0x00	; 0
      000406 F8                    1086 	.db #0xf8	; 248
      000407 00                    1087 	.db #0x00	; 0
      000408 7E                    1088 	.db #0x7e	; 126
      000409 00                    1089 	.db #0x00	; 0
      00040A 7E                    1090 	.db #0x7e	; 126
      00040B 00                    1091 	.db #0x00	; 0
      00040C 7F                    1092 	.db #0x7f	; 127
      00040D 00                    1093 	.db #0x00	; 0
      00040E 7F                    1094 	.db #0x7f	; 127
      00040F 00                    1095 	.db #0x00	; 0
      000410 7F                    1096 	.db #0x7f	; 127
      000411 00                    1097 	.db #0x00	; 0
      000412 FF                    1098 	.db #0xff	; 255
      000413 00                    1099 	.db #0x00	; 0
      000414 FF                    1100 	.db #0xff	; 255
      000415 00                    1101 	.db #0x00	; 0
      000416 FC                    1102 	.db #0xfc	; 252
      000417 00                    1103 	.db #0x00	; 0
      000418 00                    1104 	.db #0x00	; 0
      000419 00                    1105 	.db #0x00	; 0
      00041A 00                    1106 	.db #0x00	; 0
      00041B 00                    1107 	.db #0x00	; 0
      00041C F8                    1108 	.db #0xf8	; 248
      00041D 00                    1109 	.db #0x00	; 0
      00041E F8                    1110 	.db #0xf8	; 248
      00041F 00                    1111 	.db #0x00	; 0
      000420 F0                    1112 	.db #0xf0	; 240
      000421 00                    1113 	.db #0x00	; 0
      000422 F0                    1114 	.db #0xf0	; 240
      000423 00                    1115 	.db #0x00	; 0
      000424 F0                    1116 	.db #0xf0	; 240
      000425 00                    1117 	.db #0x00	; 0
      000426 00                    1118 	.db #0x00	; 0
      000427 00                    1119 	.db #0x00	; 0
      000428 3F                    1120 	.db #0x3f	; 63
      000429 00                    1121 	.db #0x00	; 0
      00042A 7F                    1122 	.db #0x7f	; 127
      00042B 00                    1123 	.db #0x00	; 0
      00042C 7F                    1124 	.db #0x7f	; 127
      00042D 00                    1125 	.db #0x00	; 0
      00042E 7E                    1126 	.db #0x7e	; 126
      00042F 00                    1127 	.db #0x00	; 0
      000430 7F                    1128 	.db #0x7f	; 127
      000431 00                    1129 	.db #0x00	; 0
      000432 FF                    1130 	.db #0xff	; 255
      000433 00                    1131 	.db #0x00	; 0
      000434 FF                    1132 	.db #0xff	; 255
      000435 00                    1133 	.db #0x00	; 0
      000436 FF                    1134 	.db #0xff	; 255
      000437 00                    1135 	.db #0x00	; 0
      000438 1F                    1136 	.db #0x1f	; 31
      000439 00                    1137 	.db #0x00	; 0
      00043A 1F                    1138 	.db #0x1f	; 31
      00043B 00                    1139 	.db #0x00	; 0
      00043C 3F                    1140 	.db #0x3f	; 63
      00043D 00                    1141 	.db #0x00	; 0
      00043E 3F                    1142 	.db #0x3f	; 63
      00043F 00                    1143 	.db #0x00	; 0
      000440 FC                    1144 	.db #0xfc	; 252
      000441 00                    1145 	.db #0x00	; 0
      000442 F8                    1146 	.db #0xf8	; 248
      000443 00                    1147 	.db #0x00	; 0
      000444 FE                    1148 	.db #0xfe	; 254
      000445 00                    1149 	.db #0x00	; 0
      000446 FE                    1150 	.db #0xfe	; 254
      000447 00                    1151 	.db #0x00	; 0
      000448 CF                    1152 	.db #0xcf	; 207
      000449 00                    1153 	.db #0x00	; 0
      00044A 9F                    1154 	.db #0x9f	; 159
      00044B 00                    1155 	.db #0x00	; 0
      00044C 9F                    1156 	.db #0x9f	; 159
      00044D 00                    1157 	.db #0x00	; 0
      00044E 1F                    1158 	.db #0x1f	; 31
      00044F 00                    1159 	.db #0x00	; 0
      000450 1F                    1160 	.db #0x1f	; 31
      000451 00                    1161 	.db #0x00	; 0
      000452 1F                    1162 	.db #0x1f	; 31
      000453 00                    1163 	.db #0x00	; 0
      000454 0F                    1164 	.db #0x0f	; 15
      000455 00                    1165 	.db #0x00	; 0
      000456 00                    1166 	.db #0x00	; 0
      000457 00                    1167 	.db #0x00	; 0
      000458 E3                    1168 	.db #0xe3	; 227
      000459 00                    1169 	.db #0x00	; 0
      00045A E0                    1170 	.db #0xe0	; 224
      00045B 00                    1171 	.db #0x00	; 0
      00045C E0                    1172 	.db #0xe0	; 224
      00045D 00                    1173 	.db #0x00	; 0
      00045E FF                    1174 	.db #0xff	; 255
      00045F 00                    1175 	.db #0x00	; 0
      000460 FF                    1176 	.db #0xff	; 255
      000461 00                    1177 	.db #0x00	; 0
      000462 FF                    1178 	.db #0xff	; 255
      000463 00                    1179 	.db #0x00	; 0
      000464 FF                    1180 	.db #0xff	; 255
      000465 00                    1181 	.db #0x00	; 0
      000466 1F                    1182 	.db #0x1f	; 31
      000467 00                    1183 	.db #0x00	; 0
      000468 F8                    1184 	.db #0xf8	; 248
      000469 00                    1185 	.db #0x00	; 0
      00046A 00                    1186 	.db #0x00	; 0
      00046B 00                    1187 	.db #0x00	; 0
      00046C 00                    1188 	.db #0x00	; 0
      00046D 00                    1189 	.db #0x00	; 0
      00046E 00                    1190 	.db #0x00	; 0
      00046F 00                    1191 	.db #0x00	; 0
      000470 80                    1192 	.db #0x80	; 128
      000471 00                    1193 	.db #0x00	; 0
      000472 80                    1194 	.db #0x80	; 128
      000473 00                    1195 	.db #0x00	; 0
      000474 C0                    1196 	.db #0xc0	; 192
      000475 00                    1197 	.db #0x00	; 0
      000476 C0                    1198 	.db #0xc0	; 192
      000477 00                    1199 	.db #0x00	; 0
      000478 FF                    1200 	.db #0xff	; 255
      000479 00                    1201 	.db #0x00	; 0
      00047A 7F                    1202 	.db #0x7f	; 127
      00047B 00                    1203 	.db #0x00	; 0
      00047C 7F                    1204 	.db #0x7f	; 127
      00047D 00                    1205 	.db #0x00	; 0
      00047E 3F                    1206 	.db #0x3f	; 63
      00047F 00                    1207 	.db #0x00	; 0
      000480 3F                    1208 	.db #0x3f	; 63
      000481 00                    1209 	.db #0x00	; 0
      000482 1F                    1210 	.db #0x1f	; 31
      000483 00                    1211 	.db #0x00	; 0
      000484 1F                    1212 	.db #0x1f	; 31
      000485 00                    1213 	.db #0x00	; 0
      000486 0F                    1214 	.db #0x0f	; 15
      000487 00                    1215 	.db #0x00	; 0
      000488 7F                    1216 	.db #0x7f	; 127
      000489 00                    1217 	.db #0x00	; 0
      00048A 7F                    1218 	.db #0x7f	; 127
      00048B 00                    1219 	.db #0x00	; 0
      00048C BF                    1220 	.db #0xbf	; 191
      00048D 00                    1221 	.db #0x00	; 0
      00048E BF                    1222 	.db #0xbf	; 191
      00048F 00                    1223 	.db #0x00	; 0
      000490 DF                    1224 	.db #0xdf	; 223
      000491 00                    1225 	.db #0x00	; 0
      000492 DF                    1226 	.db #0xdf	; 223
      000493 00                    1227 	.db #0x00	; 0
      000494 EF                    1228 	.db #0xef	; 239
      000495 00                    1229 	.db #0x00	; 0
      000496 EF                    1230 	.db #0xef	; 239
      000497 00                    1231 	.db #0x00	; 0
      000498 FF                    1232 	.db #0xff	; 255
      000499 00                    1233 	.db #0x00	; 0
      00049A 7F                    1234 	.db #0x7f	; 127
      00049B 00                    1235 	.db #0x00	; 0
      00049C BF                    1236 	.db #0xbf	; 191
      00049D 00                    1237 	.db #0x00	; 0
      00049E BF                    1238 	.db #0xbf	; 191
      00049F 00                    1239 	.db #0x00	; 0
      0004A0 DF                    1240 	.db #0xdf	; 223
      0004A1 00                    1241 	.db #0x00	; 0
      0004A2 CF                    1242 	.db #0xcf	; 207
      0004A3 00                    1243 	.db #0x00	; 0
      0004A4 E7                    1244 	.db #0xe7	; 231
      0004A5 00                    1245 	.db #0x00	; 0
      0004A6 E3                    1246 	.db #0xe3	; 227
      0004A7 00                    1247 	.db #0x00	; 0
      0004A8 07                    1248 	.db #0x07	; 7
      0004A9 00                    1249 	.db #0x00	; 0
      0004AA 87                    1250 	.db #0x87	; 135
      0004AB 00                    1251 	.db #0x00	; 0
      0004AC 83                    1252 	.db #0x83	; 131
      0004AD 00                    1253 	.db #0x00	; 0
      0004AE 83                    1254 	.db #0x83	; 131
      0004AF 00                    1255 	.db #0x00	; 0
      0004B0 C1                    1256 	.db #0xc1	; 193
      0004B1 00                    1257 	.db #0x00	; 0
      0004B2 C1                    1258 	.db #0xc1	; 193
      0004B3 00                    1259 	.db #0x00	; 0
      0004B4 E0                    1260 	.db #0xe0	; 224
      0004B5 00                    1261 	.db #0x00	; 0
      0004B6 E0                    1262 	.db #0xe0	; 224
      0004B7 00                    1263 	.db #0x00	; 0
      0004B8 FF                    1264 	.db #0xff	; 255
      0004B9 00                    1265 	.db #0x00	; 0
      0004BA FF                    1266 	.db #0xff	; 255
      0004BB 00                    1267 	.db #0x00	; 0
      0004BC FF                    1268 	.db #0xff	; 255
      0004BD 00                    1269 	.db #0x00	; 0
      0004BE FF                    1270 	.db #0xff	; 255
      0004BF 00                    1271 	.db #0x00	; 0
      0004C0 FF                    1272 	.db #0xff	; 255
      0004C1 00                    1273 	.db #0x00	; 0
      0004C2 FF                    1274 	.db #0xff	; 255
      0004C3 00                    1275 	.db #0x00	; 0
      0004C4 FF                    1276 	.db #0xff	; 255
      0004C5 00                    1277 	.db #0x00	; 0
      0004C6 FF                    1278 	.db #0xff	; 255
      0004C7 00                    1279 	.db #0x00	; 0
      0004C8 C7                    1280 	.db #0xc7	; 199
      0004C9 00                    1281 	.db #0x00	; 0
      0004CA FF                    1282 	.db #0xff	; 255
      0004CB 00                    1283 	.db #0x00	; 0
      0004CC FF                    1284 	.db #0xff	; 255
      0004CD 00                    1285 	.db #0x00	; 0
      0004CE FF                    1286 	.db #0xff	; 255
      0004CF 00                    1287 	.db #0x00	; 0
      0004D0 C3                    1288 	.db #0xc3	; 195
      0004D1 00                    1289 	.db #0x00	; 0
      0004D2 C3                    1290 	.db #0xc3	; 195
      0004D3 00                    1291 	.db #0x00	; 0
      0004D4 C3                    1292 	.db #0xc3	; 195
      0004D5 00                    1293 	.db #0x00	; 0
      0004D6 C3                    1294 	.db #0xc3	; 195
      0004D7 00                    1295 	.db #0x00	; 0
      0004D8 83                    1296 	.db #0x83	; 131
      0004D9 00                    1297 	.db #0x00	; 0
      0004DA C3                    1298 	.db #0xc3	; 195
      0004DB 00                    1299 	.db #0x00	; 0
      0004DC C3                    1300 	.db #0xc3	; 195
      0004DD 00                    1301 	.db #0x00	; 0
      0004DE C3                    1302 	.db #0xc3	; 195
      0004DF 00                    1303 	.db #0x00	; 0
      0004E0 C3                    1304 	.db #0xc3	; 195
      0004E1 00                    1305 	.db #0x00	; 0
      0004E2 E3                    1306 	.db #0xe3	; 227
      0004E3 00                    1307 	.db #0x00	; 0
      0004E4 E3                    1308 	.db #0xe3	; 227
      0004E5 00                    1309 	.db #0x00	; 0
      0004E6 E3                    1310 	.db #0xe3	; 227
      0004E7 00                    1311 	.db #0x00	; 0
      0004E8 F3                    1312 	.db #0xf3	; 243
      0004E9 00                    1313 	.db #0x00	; 0
      0004EA F3                    1314 	.db #0xf3	; 243
      0004EB 00                    1315 	.db #0x00	; 0
      0004EC F3                    1316 	.db #0xf3	; 243
      0004ED 00                    1317 	.db #0x00	; 0
      0004EE F3                    1318 	.db #0xf3	; 243
      0004EF 00                    1319 	.db #0x00	; 0
      0004F0 FF                    1320 	.db #0xff	; 255
      0004F1 00                    1321 	.db #0x00	; 0
      0004F2 FF                    1322 	.db #0xff	; 255
      0004F3 00                    1323 	.db #0x00	; 0
      0004F4 FF                    1324 	.db #0xff	; 255
      0004F5 00                    1325 	.db #0x00	; 0
      0004F6 FF                    1326 	.db #0xff	; 255
      0004F7 00                    1327 	.db #0x00	; 0
      0004F8 F0                    1328 	.db #0xf0	; 240
      0004F9 00                    1329 	.db #0x00	; 0
      0004FA F0                    1330 	.db #0xf0	; 240
      0004FB 00                    1331 	.db #0x00	; 0
      0004FC F0                    1332 	.db #0xf0	; 240
      0004FD 00                    1333 	.db #0x00	; 0
      0004FE F1                    1334 	.db #0xf1	; 241
      0004FF 00                    1335 	.db #0x00	; 0
      000500 E1                    1336 	.db #0xe1	; 225
      000501 00                    1337 	.db #0x00	; 0
      000502 C1                    1338 	.db #0xc1	; 193
      000503 00                    1339 	.db #0x00	; 0
      000504 C1                    1340 	.db #0xc1	; 193
      000505 00                    1341 	.db #0x00	; 0
      000506 80                    1342 	.db #0x80	; 128
      000507 00                    1343 	.db #0x00	; 0
      000508 FC                    1344 	.db #0xfc	; 252
      000509 00                    1345 	.db #0x00	; 0
      00050A F8                    1346 	.db #0xf8	; 248
      00050B 00                    1347 	.db #0x00	; 0
      00050C F8                    1348 	.db #0xf8	; 248
      00050D 00                    1349 	.db #0x00	; 0
      00050E F8                    1350 	.db #0xf8	; 248
      00050F 00                    1351 	.db #0x00	; 0
      000510 FF                    1352 	.db #0xff	; 255
      000511 00                    1353 	.db #0x00	; 0
      000512 FF                    1354 	.db #0xff	; 255
      000513 00                    1355 	.db #0x00	; 0
      000514 FF                    1356 	.db #0xff	; 255
      000515 00                    1357 	.db #0x00	; 0
      000516 00                    1358 	.db #0x00	; 0
      000517 00                    1359 	.db #0x00	; 0
      000518 00                    1360 	.db #0x00	; 0
      000519 00                    1361 	.db #0x00	; 0
      00051A 01                    1362 	.db #0x01	; 1
      00051B 00                    1363 	.db #0x00	; 0
      00051C 01                    1364 	.db #0x01	; 1
      00051D 00                    1365 	.db #0x00	; 0
      00051E 01                    1366 	.db #0x01	; 1
      00051F 00                    1367 	.db #0x00	; 0
      000520 F1                    1368 	.db #0xf1	; 241
      000521 00                    1369 	.db #0x00	; 0
      000522 F3                    1370 	.db #0xf3	; 243
      000523 00                    1371 	.db #0x00	; 0
      000524 E3                    1372 	.db #0xe3	; 227
      000525 00                    1373 	.db #0x00	; 0
      000526 03                    1374 	.db #0x03	; 3
      000527 00                    1375 	.db #0x00	; 0
      000528 FC                    1376 	.db #0xfc	; 252
      000529 00                    1377 	.db #0x00	; 0
      00052A FC                    1378 	.db #0xfc	; 252
      00052B 00                    1379 	.db #0x00	; 0
      00052C F8                    1380 	.db #0xf8	; 248
      00052D 00                    1381 	.db #0x00	; 0
      00052E F8                    1382 	.db #0xf8	; 248
      00052F 00                    1383 	.db #0x00	; 0
      000530 F8                    1384 	.db #0xf8	; 248
      000531 00                    1385 	.db #0x00	; 0
      000532 F8                    1386 	.db #0xf8	; 248
      000533 00                    1387 	.db #0x00	; 0
      000534 F1                    1388 	.db #0xf1	; 241
      000535 00                    1389 	.db #0x00	; 0
      000536 F1                    1390 	.db #0xf1	; 241
      000537 00                    1391 	.db #0x00	; 0
      000538 7E                    1392 	.db #0x7e	; 126
      000539 00                    1393 	.db #0x00	; 0
      00053A 7E                    1394 	.db #0x7e	; 126
      00053B 00                    1395 	.db #0x00	; 0
      00053C 7C                    1396 	.db #0x7c	; 124
      00053D 00                    1397 	.db #0x00	; 0
      00053E FC                    1398 	.db #0xfc	; 252
      00053F 00                    1399 	.db #0x00	; 0
      000540 F8                    1400 	.db #0xf8	; 248
      000541 00                    1401 	.db #0x00	; 0
      000542 F8                    1402 	.db #0xf8	; 248
      000543 00                    1403 	.db #0x00	; 0
      000544 F0                    1404 	.db #0xf0	; 240
      000545 00                    1405 	.db #0x00	; 0
      000546 F0                    1406 	.db #0xf0	; 240
      000547 00                    1407 	.db #0x00	; 0
      000548 00                    1408 	.db #0x00	; 0
      000549 00                    1409 	.db #0x00	; 0
      00054A FC                    1410 	.db #0xfc	; 252
      00054B 00                    1411 	.db #0x00	; 0
      00054C FE                    1412 	.db #0xfe	; 254
      00054D 00                    1413 	.db #0x00	; 0
      00054E FF                    1414 	.db #0xff	; 255
      00054F 00                    1415 	.db #0x00	; 0
      000550 FF                    1416 	.db #0xff	; 255
      000551 00                    1417 	.db #0x00	; 0
      000552 7F                    1418 	.db #0x7f	; 127
      000553 00                    1419 	.db #0x00	; 0
      000554 1F                    1420 	.db #0x1f	; 31
      000555 00                    1421 	.db #0x00	; 0
      000556 00                    1422 	.db #0x00	; 0
      000557 00                    1423 	.db #0x00	; 0
      000558 1F                    1424 	.db #0x1f	; 31
      000559 00                    1425 	.db #0x00	; 0
      00055A 3F                    1426 	.db #0x3f	; 63
      00055B 00                    1427 	.db #0x00	; 0
      00055C 7F                    1428 	.db #0x7f	; 127
      00055D 00                    1429 	.db #0x00	; 0
      00055E FF                    1430 	.db #0xff	; 255
      00055F 00                    1431 	.db #0x00	; 0
      000560 FE                    1432 	.db #0xfe	; 254
      000561 00                    1433 	.db #0x00	; 0
      000562 FC                    1434 	.db #0xfc	; 252
      000563 00                    1435 	.db #0x00	; 0
      000564 F0                    1436 	.db #0xf0	; 240
      000565 00                    1437 	.db #0x00	; 0
      000566 00                    1438 	.db #0x00	; 0
      000567 00                    1439 	.db #0x00	; 0
      000568 80                    1440 	.db #0x80	; 128
      000569 00                    1441 	.db #0x00	; 0
      00056A 80                    1442 	.db #0x80	; 128
      00056B 00                    1443 	.db #0x00	; 0
      00056C 00                    1444 	.db #0x00	; 0
      00056D 00                    1445 	.db #0x00	; 0
      00056E 00                    1446 	.db #0x00	; 0
      00056F 00                    1447 	.db #0x00	; 0
      000570 00                    1448 	.db #0x00	; 0
      000571 00                    1449 	.db #0x00	; 0
      000572 00                    1450 	.db #0x00	; 0
      000573 00                    1451 	.db #0x00	; 0
      000574 00                    1452 	.db #0x00	; 0
      000575 00                    1453 	.db #0x00	; 0
      000576 00                    1454 	.db #0x00	; 0
      000577 00                    1455 	.db #0x00	; 0
      000578                       1456 _SpaceInvadersTitle_tile_pals:
      000578 00                    1457 	.db #0x00	; 0
      000579 00                    1458 	.db #0x00	; 0
      00057A 00                    1459 	.db #0x00	; 0
      00057B 00                    1460 	.db #0x00	; 0
      00057C 00                    1461 	.db #0x00	; 0
      00057D 00                    1462 	.db #0x00	; 0
      00057E 00                    1463 	.db #0x00	; 0
      00057F 00                    1464 	.db #0x00	; 0
      000580 00                    1465 	.db #0x00	; 0
      000581 00                    1466 	.db #0x00	; 0
      000582 00                    1467 	.db #0x00	; 0
      000583 00                    1468 	.db #0x00	; 0
      000584 00                    1469 	.db #0x00	; 0
      000585 00                    1470 	.db #0x00	; 0
      000586 00                    1471 	.db #0x00	; 0
      000587 00                    1472 	.db #0x00	; 0
      000588 00                    1473 	.db #0x00	; 0
      000589 00                    1474 	.db #0x00	; 0
      00058A 00                    1475 	.db #0x00	; 0
      00058B 00                    1476 	.db #0x00	; 0
      00058C 00                    1477 	.db #0x00	; 0
      00058D 00                    1478 	.db #0x00	; 0
      00058E 00                    1479 	.db #0x00	; 0
      00058F 00                    1480 	.db #0x00	; 0
      000590 00                    1481 	.db #0x00	; 0
      000591 00                    1482 	.db #0x00	; 0
      000592 00                    1483 	.db #0x00	; 0
      000593 00                    1484 	.db #0x00	; 0
      000594 00                    1485 	.db #0x00	; 0
      000595 00                    1486 	.db #0x00	; 0
      000596 00                    1487 	.db #0x00	; 0
      000597 00                    1488 	.db #0x00	; 0
      000598 00                    1489 	.db #0x00	; 0
      000599 00                    1490 	.db #0x00	; 0
      00059A 00                    1491 	.db #0x00	; 0
      00059B 00                    1492 	.db #0x00	; 0
      00059C 00                    1493 	.db #0x00	; 0
      00059D 00                    1494 	.db #0x00	; 0
      00059E 00                    1495 	.db #0x00	; 0
      00059F 00                    1496 	.db #0x00	; 0
      0005A0 00                    1497 	.db #0x00	; 0
      0005A1 00                    1498 	.db #0x00	; 0
      0005A2 00                    1499 	.db #0x00	; 0
      0005A3 00                    1500 	.db #0x00	; 0
      0005A4 00                    1501 	.db #0x00	; 0
      0005A5 00                    1502 	.db #0x00	; 0
      0005A6 00                    1503 	.db #0x00	; 0
      0005A7 00                    1504 	.db #0x00	; 0
      0005A8 00                    1505 	.db #0x00	; 0
      0005A9 00                    1506 	.db #0x00	; 0
      0005AA 00                    1507 	.db #0x00	; 0
      0005AB 00                    1508 	.db #0x00	; 0
      0005AC 00                    1509 	.db #0x00	; 0
      0005AD 00                    1510 	.db #0x00	; 0
      0005AE 00                    1511 	.db #0x00	; 0
      0005AF 00                    1512 	.db #0x00	; 0
      0005B0 00                    1513 	.db #0x00	; 0
      0005B1 00                    1514 	.db #0x00	; 0
      0005B2 00                    1515 	.db #0x00	; 0
      0005B3 00                    1516 	.db #0x00	; 0
      0005B4 00                    1517 	.db #0x00	; 0
      0005B5 00                    1518 	.db #0x00	; 0
      0005B6 00                    1519 	.db #0x00	; 0
      0005B7 00                    1520 	.db #0x00	; 0
      0005B8 00                    1521 	.db #0x00	; 0
      0005B9 00                    1522 	.db #0x00	; 0
      0005BA 00                    1523 	.db #0x00	; 0
      0005BB 00                    1524 	.db #0x00	; 0
      0005BC 00                    1525 	.db #0x00	; 0
      0005BD 00                    1526 	.db #0x00	; 0
      0005BE 00                    1527 	.db #0x00	; 0
      0005BF 00                    1528 	.db #0x00	; 0
      0005C0 00                    1529 	.db #0x00	; 0
      0005C1 00                    1530 	.db #0x00	; 0
      0005C2 00                    1531 	.db #0x00	; 0
      0005C3 00                    1532 	.db #0x00	; 0
      0005C4 00                    1533 	.db #0x00	; 0
      0005C5 00                    1534 	.db #0x00	; 0
      0005C6 00                    1535 	.db #0x00	; 0
      0005C7 00                    1536 	.db #0x00	; 0
      0005C8 00                    1537 	.db #0x00	; 0
      0005C9 00                    1538 	.db #0x00	; 0
      0005CA 00                    1539 	.db #0x00	; 0
      0005CB 00                    1540 	.db #0x00	; 0
      0005CC 00                    1541 	.db #0x00	; 0
      0005CD 00                    1542 	.db #0x00	; 0
      0005CE 00                    1543 	.db #0x00	; 0
      0005CF                       1544 _SpaceInvadersTitle_map:
      0005CF 00                    1545 	.db #0x00	; 0
      0005D0 00                    1546 	.db #0x00	; 0
      0005D1 00                    1547 	.db #0x00	; 0
      0005D2 01                    1548 	.db #0x01	; 1
      0005D3 02                    1549 	.db #0x02	; 2
      0005D4 03                    1550 	.db #0x03	; 3
      0005D5 04                    1551 	.db #0x04	; 4
      0005D6 05                    1552 	.db #0x05	; 5
      0005D7 06                    1553 	.db #0x06	; 6
      0005D8 07                    1554 	.db #0x07	; 7
      0005D9 08                    1555 	.db #0x08	; 8
      0005DA 09                    1556 	.db #0x09	; 9
      0005DB 0A                    1557 	.db #0x0a	; 10
      0005DC 0B                    1558 	.db #0x0b	; 11
      0005DD 0C                    1559 	.db #0x0c	; 12
      0005DE 00                    1560 	.db #0x00	; 0
      0005DF 00                    1561 	.db #0x00	; 0
      0005E0 00                    1562 	.db #0x00	; 0
      0005E1 00                    1563 	.db #0x00	; 0
      0005E2 00                    1564 	.db #0x00	; 0
      0005E3 00                    1565 	.db #0x00	; 0
      0005E4 0D                    1566 	.db #0x0d	; 13
      0005E5 0E                    1567 	.db #0x0e	; 14
      0005E6 0F                    1568 	.db #0x0f	; 15
      0005E7 10                    1569 	.db #0x10	; 16
      0005E8 11                    1570 	.db #0x11	; 17
      0005E9 12                    1571 	.db #0x12	; 18
      0005EA 13                    1572 	.db #0x13	; 19
      0005EB 14                    1573 	.db #0x14	; 20
      0005EC 15                    1574 	.db #0x15	; 21
      0005ED 16                    1575 	.db #0x16	; 22
      0005EE 17                    1576 	.db #0x17	; 23
      0005EF 18                    1577 	.db #0x18	; 24
      0005F0 00                    1578 	.db #0x00	; 0
      0005F1 00                    1579 	.db #0x00	; 0
      0005F2 00                    1580 	.db #0x00	; 0
      0005F3 00                    1581 	.db #0x00	; 0
      0005F4 00                    1582 	.db #0x00	; 0
      0005F5 00                    1583 	.db #0x00	; 0
      0005F6 00                    1584 	.db #0x00	; 0
      0005F7 19                    1585 	.db #0x19	; 25
      0005F8 1A                    1586 	.db #0x1a	; 26
      0005F9 1B                    1587 	.db #0x1b	; 27
      0005FA 1C                    1588 	.db #0x1c	; 28
      0005FB 1D                    1589 	.db #0x1d	; 29
      0005FC 1E                    1590 	.db #0x1e	; 30
      0005FD 1F                    1591 	.db #0x1f	; 31
      0005FE 20                    1592 	.db #0x20	; 32
      0005FF 21                    1593 	.db #0x21	; 33
      000600 22                    1594 	.db #0x22	; 34
      000601 00                    1595 	.db #0x00	; 0
      000602 00                    1596 	.db #0x00	; 0
      000603 00                    1597 	.db #0x00	; 0
      000604 00                    1598 	.db #0x00	; 0
      000605 23                    1599 	.db #0x23	; 35
      000606 24                    1600 	.db #0x24	; 36
      000607 25                    1601 	.db #0x25	; 37
      000608 26                    1602 	.db #0x26	; 38
      000609 27                    1603 	.db #0x27	; 39
      00060A 28                    1604 	.db #0x28	; 40
      00060B 29                    1605 	.db #0x29	; 41
      00060C 2A                    1606 	.db #0x2a	; 42
      00060D 2B                    1607 	.db #0x2b	; 43
      00060E 2C                    1608 	.db #0x2c	; 44
      00060F 2D                    1609 	.db #0x2d	; 45
      000610 2E                    1610 	.db #0x2e	; 46
      000611 2F                    1611 	.db #0x2f	; 47
      000612 30                    1612 	.db #0x30	; 48	'0'
      000613 31                    1613 	.db #0x31	; 49	'1'
      000614 32                    1614 	.db #0x32	; 50	'2'
      000615 33                    1615 	.db #0x33	; 51	'3'
      000616 34                    1616 	.db #0x34	; 52	'4'
      000617 35                    1617 	.db #0x35	; 53	'5'
      000618 36                    1618 	.db #0x36	; 54	'6'
      000619 37                    1619 	.db #0x37	; 55	'7'
      00061A 38                    1620 	.db #0x38	; 56	'8'
      00061B 39                    1621 	.db #0x39	; 57	'9'
      00061C 3A                    1622 	.db #0x3a	; 58
      00061D 3B                    1623 	.db #0x3b	; 59
      00061E 3C                    1624 	.db #0x3c	; 60
      00061F 3D                    1625 	.db #0x3d	; 61
      000620 3E                    1626 	.db #0x3e	; 62
      000621 3F                    1627 	.db #0x3f	; 63
      000622 40                    1628 	.db #0x40	; 64
      000623 41                    1629 	.db #0x41	; 65	'A'
      000624 42                    1630 	.db #0x42	; 66	'B'
      000625 43                    1631 	.db #0x43	; 67	'C'
      000626 44                    1632 	.db #0x44	; 68	'D'
      000627 45                    1633 	.db #0x45	; 69	'E'
      000628 46                    1634 	.db #0x46	; 70	'F'
      000629 00                    1635 	.db #0x00	; 0
      00062A 47                    1636 	.db #0x47	; 71	'G'
      00062B 48                    1637 	.db #0x48	; 72	'H'
      00062C 49                    1638 	.db #0x49	; 73	'I'
      00062D 4A                    1639 	.db #0x4a	; 74	'J'
      00062E 4B                    1640 	.db #0x4b	; 75	'K'
      00062F 3B                    1641 	.db #0x3b	; 59
      000630 4C                    1642 	.db #0x4c	; 76	'L'
      000631 4D                    1643 	.db #0x4d	; 77	'M'
      000632 4E                    1644 	.db #0x4e	; 78	'N'
      000633 4F                    1645 	.db #0x4f	; 79	'O'
      000634 50                    1646 	.db #0x50	; 80	'P'
      000635 51                    1647 	.db #0x51	; 81	'Q'
      000636 52                    1648 	.db #0x52	; 82	'R'
      000637 53                    1649 	.db #0x53	; 83	'S'
      000638 54                    1650 	.db #0x54	; 84	'T'
      000639 55                    1651 	.db #0x55	; 85	'U'
      00063A 56                    1652 	.db #0x56	; 86	'V'
                                   1653 	.area _INITIALIZER
                                   1654 	.area _CABS (ABS)
