                                      1 ;--------------------------------------------------------
                                      2 ; File Created by SDCC : free open source ANSI-C Compiler
                                      3 ; Version 4.1.6 #12539 (MINGW32)
                                      4 ;--------------------------------------------------------
                                      5 	.module BulletB
                                      6 	.optsdcc -mgbz80
                                      7 	
                                      8 ;--------------------------------------------------------
                                      9 ; Public variables in this module
                                     10 ;--------------------------------------------------------
                                     11 	.globl _BulletB_metasprites
                                     12 	.globl _BulletB_metasprite7
                                     13 	.globl _BulletB_metasprite6
                                     14 	.globl _BulletB_metasprite5
                                     15 	.globl _BulletB_metasprite4
                                     16 	.globl _BulletB_metasprite3
                                     17 	.globl _BulletB_metasprite2
                                     18 	.globl _BulletB_metasprite1
                                     19 	.globl _BulletB_metasprite0
                                     20 	.globl _BulletB_tiles
                                     21 	.globl _BulletB_palettes
                                     22 	.globl b___func_BulletB
                                     23 	.globl ___func_BulletB
                                     24 ;--------------------------------------------------------
                                     25 ; special function registers
                                     26 ;--------------------------------------------------------
                                     27 ;--------------------------------------------------------
                                     28 ; ram data
                                     29 ;--------------------------------------------------------
                                     30 	.area _DATA
                                     31 ;--------------------------------------------------------
                                     32 ; ram data
                                     33 ;--------------------------------------------------------
                                     34 	.area _INITIALIZED
                                     35 ;--------------------------------------------------------
                                     36 ; absolute external ram data
                                     37 ;--------------------------------------------------------
                                     38 	.area _DABS (ABS)
                                     39 ;--------------------------------------------------------
                                     40 ; global & static initialisations
                                     41 ;--------------------------------------------------------
                                     42 	.area _HOME
                                     43 	.area _GSINIT
                                     44 	.area _GSFINAL
                                     45 	.area _GSINIT
                                     46 ;--------------------------------------------------------
                                     47 ; Home
                                     48 ;--------------------------------------------------------
                                     49 	.area _HOME
                                     50 	.area _HOME
                                     51 ;--------------------------------------------------------
                                     52 ; code
                                     53 ;--------------------------------------------------------
                                     54 	.area _CODE
                                     55 ;D:\Business\LaroldsJubilantJunkyard\game-remakes\space-invaders\source\gen\default\graphics\BulletB.c:7: BANKREF(BulletB)
                                     56 ;	---------------------------------
                                     57 ; Function __func_BulletB
                                     58 ; ---------------------------------
                           000000    59 	b___func_BulletB	= 0
      000000                         60 ___func_BulletB::
                                     61 	.local b___func_BulletB 
                           000000    62 	___bank_BulletB = b___func_BulletB 
                                     63 	.globl ___bank_BulletB 
                                     64 	.area _CODE
      000000                         65 _BulletB_palettes:
      000000 FF 7F                   66 	.dw #0x7fff
      000002 00 00                   67 	.dw #0x0000
      000004 0A 20                   68 	.dw #0x200a
      000006 00 00                   69 	.dw #0x0000
      000008                         70 _BulletB_tiles:
      000008 06                      71 	.db #0x06	; 6
      000009 00                      72 	.db #0x00	; 0
      00000A 18                      73 	.db #0x18	; 24
      00000B 00                      74 	.db #0x00	; 0
      00000C 60                      75 	.db #0x60	; 96
      00000D 00                      76 	.db #0x00	; 0
      00000E 18                      77 	.db #0x18	; 24
      00000F 00                      78 	.db #0x00	; 0
      000010 06                      79 	.db #0x06	; 6
      000011 00                      80 	.db #0x00	; 0
      000012 18                      81 	.db #0x18	; 24
      000013 00                      82 	.db #0x00	; 0
      000014 60                      83 	.db #0x60	; 96
      000015 00                      84 	.db #0x00	; 0
      000016 18                      85 	.db #0x18	; 24
      000017 00                      86 	.db #0x00	; 0
      000018                         87 _BulletB_metasprite0:
      000018 FC                      88 	.db #0xfc	; -4
      000019 FC                      89 	.db #0xfc	; -4
      00001A 00                      90 	.db #0x00	; 0
      00001B 00                      91 	.db #0x00	; 0
      00001C 80                      92 	.db #0x80	; -128
      00001D 00                      93 	.db #0x00	;  0
      00001E 00                      94 	.db #0x00	; 0
      00001F 00                      95 	.db #0x00	; 0
      000020                         96 _BulletB_metasprite1:
      000020 FC                      97 	.db #0xfc	; -4
      000021 FC                      98 	.db #0xfc	; -4
      000022 00                      99 	.db #0x00	; 0
      000023 60                     100 	.db #0x60	; 96
      000024 80                     101 	.db #0x80	; -128
      000025 00                     102 	.db #0x00	;  0
      000026 00                     103 	.db #0x00	; 0
      000027 00                     104 	.db #0x00	; 0
      000028                        105 _BulletB_metasprite2:
      000028 FC                     106 	.db #0xfc	; -4
      000029 FC                     107 	.db #0xfc	; -4
      00002A 00                     108 	.db #0x00	; 0
      00002B 20                     109 	.db #0x20	; 32
      00002C 80                     110 	.db #0x80	; -128
      00002D 00                     111 	.db #0x00	;  0
      00002E 00                     112 	.db #0x00	; 0
      00002F 00                     113 	.db #0x00	; 0
      000030                        114 _BulletB_metasprite3:
      000030 FC                     115 	.db #0xfc	; -4
      000031 FC                     116 	.db #0xfc	; -4
      000032 00                     117 	.db #0x00	; 0
      000033 40                     118 	.db #0x40	; 64
      000034 80                     119 	.db #0x80	; -128
      000035 00                     120 	.db #0x00	;  0
      000036 00                     121 	.db #0x00	; 0
      000037 00                     122 	.db #0x00	; 0
      000038                        123 _BulletB_metasprite4:
      000038 FC                     124 	.db #0xfc	; -4
      000039 FC                     125 	.db #0xfc	; -4
      00003A 00                     126 	.db #0x00	; 0
      00003B 00                     127 	.db #0x00	; 0
      00003C 80                     128 	.db #0x80	; -128
      00003D 00                     129 	.db #0x00	;  0
      00003E 00                     130 	.db #0x00	; 0
      00003F 00                     131 	.db #0x00	; 0
      000040                        132 _BulletB_metasprite5:
      000040 FC                     133 	.db #0xfc	; -4
      000041 FC                     134 	.db #0xfc	; -4
      000042 00                     135 	.db #0x00	; 0
      000043 60                     136 	.db #0x60	; 96
      000044 80                     137 	.db #0x80	; -128
      000045 00                     138 	.db #0x00	;  0
      000046 00                     139 	.db #0x00	; 0
      000047 00                     140 	.db #0x00	; 0
      000048                        141 _BulletB_metasprite6:
      000048 FC                     142 	.db #0xfc	; -4
      000049 FC                     143 	.db #0xfc	; -4
      00004A 00                     144 	.db #0x00	; 0
      00004B 20                     145 	.db #0x20	; 32
      00004C 80                     146 	.db #0x80	; -128
      00004D 00                     147 	.db #0x00	;  0
      00004E 00                     148 	.db #0x00	; 0
      00004F 00                     149 	.db #0x00	; 0
      000050                        150 _BulletB_metasprite7:
      000050 FC                     151 	.db #0xfc	; -4
      000051 FC                     152 	.db #0xfc	; -4
      000052 00                     153 	.db #0x00	; 0
      000053 40                     154 	.db #0x40	; 64
      000054 80                     155 	.db #0x80	; -128
      000055 00                     156 	.db #0x00	;  0
      000056 00                     157 	.db #0x00	; 0
      000057 00                     158 	.db #0x00	; 0
      000058                        159 _BulletB_metasprites:
      000058r18r00                  160 	.dw _BulletB_metasprite0
      00005Ar20r00                  161 	.dw _BulletB_metasprite1
      00005Cr28r00                  162 	.dw _BulletB_metasprite2
      00005Er30r00                  163 	.dw _BulletB_metasprite3
      000060r38r00                  164 	.dw _BulletB_metasprite4
      000062r40r00                  165 	.dw _BulletB_metasprite5
      000064r48r00                  166 	.dw _BulletB_metasprite6
      000066r50r00                  167 	.dw _BulletB_metasprite7
                                    168 	.area _INITIALIZER
                                    169 	.area _CABS (ABS)
