                                      1 ;--------------------------------------------------------
                                      2 ; File Created by SDCC : free open source ANSI-C Compiler
                                      3 ; Version 4.1.6 #12539 (MINGW32)
                                      4 ;--------------------------------------------------------
                                      5 	.module Invader2
                                      6 	.optsdcc -mgbz80
                                      7 	
                                      8 ;--------------------------------------------------------
                                      9 ; Public variables in this module
                                     10 ;--------------------------------------------------------
                                     11 	.globl _Invader2_map
                                     12 	.globl _Invader2_tile_pals
                                     13 	.globl _Invader2_tiles
                                     14 	.globl _Invader2_palettes
                                     15 	.globl b___func_Invader2
                                     16 	.globl ___func_Invader2
                                     17 ;--------------------------------------------------------
                                     18 ; special function registers
                                     19 ;--------------------------------------------------------
                                     20 ;--------------------------------------------------------
                                     21 ; ram data
                                     22 ;--------------------------------------------------------
                                     23 	.area _DATA
                                     24 ;--------------------------------------------------------
                                     25 ; ram data
                                     26 ;--------------------------------------------------------
                                     27 	.area _INITIALIZED
                                     28 ;--------------------------------------------------------
                                     29 ; absolute external ram data
                                     30 ;--------------------------------------------------------
                                     31 	.area _DABS (ABS)
                                     32 ;--------------------------------------------------------
                                     33 ; global & static initialisations
                                     34 ;--------------------------------------------------------
                                     35 	.area _HOME
                                     36 	.area _GSINIT
                                     37 	.area _GSFINAL
                                     38 	.area _GSINIT
                                     39 ;--------------------------------------------------------
                                     40 ; Home
                                     41 ;--------------------------------------------------------
                                     42 	.area _HOME
                                     43 	.area _HOME
                                     44 ;--------------------------------------------------------
                                     45 ; code
                                     46 ;--------------------------------------------------------
                                     47 	.area _CODE
                                     48 ;D:\Business\LaroldsJubilantJunkyard\game-remakes\space-invaders\source\gen\default\graphics\Invader2.c:7: BANKREF(Invader2)
                                     49 ;	---------------------------------
                                     50 ; Function __func_Invader2
                                     51 ; ---------------------------------
                           000000    52 	b___func_Invader2	= 0
      000000                         53 ___func_Invader2::
                                     54 	.local b___func_Invader2 
                           000000    55 	___bank_Invader2 = b___func_Invader2 
                                     56 	.globl ___bank_Invader2 
                                     57 	.area _CODE
      000000                         58 _Invader2_palettes:
      000000 FF 7F                   59 	.dw #0x7fff
      000002 00 00                   60 	.dw #0x0000
      000004 0A 0C                   61 	.dw #0x0c0a
      000006 19 00                   62 	.dw #0x0019
      000008                         63 _Invader2_tiles:
      000008 24                      64 	.db #0x24	; 36
      000009 00                      65 	.db #0x00	; 0
      00000A 3C                      66 	.db #0x3c	; 60
      00000B 00                      67 	.db #0x00	; 0
      00000C 7E                      68 	.db #0x7e	; 126
      00000D 00                      69 	.db #0x00	; 0
      00000E DB                      70 	.db #0xdb	; 219
      00000F 00                      71 	.db #0x00	; 0
      000010 FF                      72 	.db #0xff	; 255
      000011 00                      73 	.db #0x00	; 0
      000012 BD                      74 	.db #0xbd	; 189
      000013 00                      75 	.db #0x00	; 0
      000014 25                      76 	.db #0x25	; 37
      000015 00                      77 	.db #0x00	; 0
      000016 24                      78 	.db #0x24	; 36
      000017 00                      79 	.db #0x00	; 0
      000018 48                      80 	.db #0x48	; 72	'H'
      000019 00                      81 	.db #0x00	; 0
      00001A 78                      82 	.db #0x78	; 120	'x'
      00001B 00                      83 	.db #0x00	; 0
      00001C FC                      84 	.db #0xfc	; 252
      00001D 00                      85 	.db #0x00	; 0
      00001E B6                      86 	.db #0xb6	; 182
      00001F 00                      87 	.db #0x00	; 0
      000020 FE                      88 	.db #0xfe	; 254
      000021 00                      89 	.db #0x00	; 0
      000022 7A                      90 	.db #0x7a	; 122	'z'
      000023 00                      91 	.db #0x00	; 0
      000024 4A                      92 	.db #0x4a	; 74	'J'
      000025 00                      93 	.db #0x00	; 0
      000026 48                      94 	.db #0x48	; 72	'H'
      000027 00                      95 	.db #0x00	; 0
      000028 90                      96 	.db #0x90	; 144
      000029 00                      97 	.db #0x00	; 0
      00002A F0                      98 	.db #0xf0	; 240
      00002B 00                      99 	.db #0x00	; 0
      00002C F8                     100 	.db #0xf8	; 248
      00002D 00                     101 	.db #0x00	; 0
      00002E 6C                     102 	.db #0x6c	; 108	'l'
      00002F 00                     103 	.db #0x00	; 0
      000030 FC                     104 	.db #0xfc	; 252
      000031 00                     105 	.db #0x00	; 0
      000032 F4                     106 	.db #0xf4	; 244
      000033 00                     107 	.db #0x00	; 0
      000034 94                     108 	.db #0x94	; 148
      000035 00                     109 	.db #0x00	; 0
      000036 90                     110 	.db #0x90	; 144
      000037 00                     111 	.db #0x00	; 0
      000038 20                     112 	.db #0x20	; 32
      000039 00                     113 	.db #0x00	; 0
      00003A E0                     114 	.db #0xe0	; 224
      00003B 00                     115 	.db #0x00	; 0
      00003C F0                     116 	.db #0xf0	; 240
      00003D 00                     117 	.db #0x00	; 0
      00003E D8                     118 	.db #0xd8	; 216
      00003F 00                     119 	.db #0x00	; 0
      000040 F8                     120 	.db #0xf8	; 248
      000041 00                     121 	.db #0x00	; 0
      000042 E8                     122 	.db #0xe8	; 232
      000043 00                     123 	.db #0x00	; 0
      000044 28                     124 	.db #0x28	; 40
      000045 00                     125 	.db #0x00	; 0
      000046 20                     126 	.db #0x20	; 32
      000047 00                     127 	.db #0x00	; 0
      000048 40                     128 	.db #0x40	; 64
      000049 00                     129 	.db #0x00	; 0
      00004A C0                     130 	.db #0xc0	; 192
      00004B 00                     131 	.db #0x00	; 0
      00004C E0                     132 	.db #0xe0	; 224
      00004D 00                     133 	.db #0x00	; 0
      00004E B0                     134 	.db #0xb0	; 176
      00004F 00                     135 	.db #0x00	; 0
      000050 F0                     136 	.db #0xf0	; 240
      000051 00                     137 	.db #0x00	; 0
      000052 D0                     138 	.db #0xd0	; 208
      000053 00                     139 	.db #0x00	; 0
      000054 50                     140 	.db #0x50	; 80	'P'
      000055 00                     141 	.db #0x00	; 0
      000056 40                     142 	.db #0x40	; 64
      000057 00                     143 	.db #0x00	; 0
      000058 80                     144 	.db #0x80	; 128
      000059 00                     145 	.db #0x00	; 0
      00005A 80                     146 	.db #0x80	; 128
      00005B 00                     147 	.db #0x00	; 0
      00005C C0                     148 	.db #0xc0	; 192
      00005D 00                     149 	.db #0x00	; 0
      00005E 60                     150 	.db #0x60	; 96
      00005F 00                     151 	.db #0x00	; 0
      000060 E0                     152 	.db #0xe0	; 224
      000061 00                     153 	.db #0x00	; 0
      000062 A0                     154 	.db #0xa0	; 160
      000063 00                     155 	.db #0x00	; 0
      000064 A0                     156 	.db #0xa0	; 160
      000065 00                     157 	.db #0x00	; 0
      000066 80                     158 	.db #0x80	; 128
      000067 00                     159 	.db #0x00	; 0
      000068 00                     160 	.db #0x00	; 0
      000069 00                     161 	.db #0x00	; 0
      00006A 00                     162 	.db #0x00	; 0
      00006B 00                     163 	.db #0x00	; 0
      00006C 80                     164 	.db #0x80	; 128
      00006D 00                     165 	.db #0x00	; 0
      00006E C0                     166 	.db #0xc0	; 192
      00006F 00                     167 	.db #0x00	; 0
      000070 C0                     168 	.db #0xc0	; 192
      000071 00                     169 	.db #0x00	; 0
      000072 40                     170 	.db #0x40	; 64
      000073 00                     171 	.db #0x00	; 0
      000074 40                     172 	.db #0x40	; 64
      000075 00                     173 	.db #0x00	; 0
      000076 00                     174 	.db #0x00	; 0
      000077 00                     175 	.db #0x00	; 0
      000078 00                     176 	.db #0x00	; 0
      000079 00                     177 	.db #0x00	; 0
      00007A 00                     178 	.db #0x00	; 0
      00007B 00                     179 	.db #0x00	; 0
      00007C 00                     180 	.db #0x00	; 0
      00007D 00                     181 	.db #0x00	; 0
      00007E 80                     182 	.db #0x80	; 128
      00007F 00                     183 	.db #0x00	; 0
      000080 80                     184 	.db #0x80	; 128
      000081 00                     185 	.db #0x00	; 0
      000082 80                     186 	.db #0x80	; 128
      000083 00                     187 	.db #0x00	; 0
      000084 80                     188 	.db #0x80	; 128
      000085 00                     189 	.db #0x00	; 0
      000086 00                     190 	.db #0x00	; 0
      000087 00                     191 	.db #0x00	; 0
      000088 00                     192 	.db #0x00	; 0
      000089 00                     193 	.db #0x00	; 0
      00008A 00                     194 	.db #0x00	; 0
      00008B 00                     195 	.db #0x00	; 0
      00008C 00                     196 	.db #0x00	; 0
      00008D 00                     197 	.db #0x00	; 0
      00008E 00                     198 	.db #0x00	; 0
      00008F 00                     199 	.db #0x00	; 0
      000090 00                     200 	.db #0x00	; 0
      000091 00                     201 	.db #0x00	; 0
      000092 00                     202 	.db #0x00	; 0
      000093 00                     203 	.db #0x00	; 0
      000094 00                     204 	.db #0x00	; 0
      000095 00                     205 	.db #0x00	; 0
      000096 00                     206 	.db #0x00	; 0
      000097 00                     207 	.db #0x00	; 0
      000098 00                     208 	.db #0x00	; 0
      000099 00                     209 	.db #0x00	; 0
      00009A 00                     210 	.db #0x00	; 0
      00009B 00                     211 	.db #0x00	; 0
      00009C 00                     212 	.db #0x00	; 0
      00009D 00                     213 	.db #0x00	; 0
      00009E 01                     214 	.db #0x01	; 1
      00009F 00                     215 	.db #0x00	; 0
      0000A0 01                     216 	.db #0x01	; 1
      0000A1 00                     217 	.db #0x00	; 0
      0000A2 01                     218 	.db #0x01	; 1
      0000A3 00                     219 	.db #0x00	; 0
      0000A4 00                     220 	.db #0x00	; 0
      0000A5 00                     221 	.db #0x00	; 0
      0000A6 00                     222 	.db #0x00	; 0
      0000A7 00                     223 	.db #0x00	; 0
      0000A8 00                     224 	.db #0x00	; 0
      0000A9 00                     225 	.db #0x00	; 0
      0000AA 00                     226 	.db #0x00	; 0
      0000AB 00                     227 	.db #0x00	; 0
      0000AC 01                     228 	.db #0x01	; 1
      0000AD 00                     229 	.db #0x00	; 0
      0000AE 03                     230 	.db #0x03	; 3
      0000AF 00                     231 	.db #0x00	; 0
      0000B0 03                     232 	.db #0x03	; 3
      0000B1 00                     233 	.db #0x00	; 0
      0000B2 02                     234 	.db #0x02	; 2
      0000B3 00                     235 	.db #0x00	; 0
      0000B4 00                     236 	.db #0x00	; 0
      0000B5 00                     237 	.db #0x00	; 0
      0000B6 00                     238 	.db #0x00	; 0
      0000B7 00                     239 	.db #0x00	; 0
      0000B8 01                     240 	.db #0x01	; 1
      0000B9 00                     241 	.db #0x00	; 0
      0000BA 01                     242 	.db #0x01	; 1
      0000BB 00                     243 	.db #0x00	; 0
      0000BC 03                     244 	.db #0x03	; 3
      0000BD 00                     245 	.db #0x00	; 0
      0000BE 06                     246 	.db #0x06	; 6
      0000BF 00                     247 	.db #0x00	; 0
      0000C0 07                     248 	.db #0x07	; 7
      0000C1 00                     249 	.db #0x00	; 0
      0000C2 05                     250 	.db #0x05	; 5
      0000C3 00                     251 	.db #0x00	; 0
      0000C4 01                     252 	.db #0x01	; 1
      0000C5 00                     253 	.db #0x00	; 0
      0000C6 01                     254 	.db #0x01	; 1
      0000C7 00                     255 	.db #0x00	; 0
      0000C8 02                     256 	.db #0x02	; 2
      0000C9 00                     257 	.db #0x00	; 0
      0000CA 03                     258 	.db #0x03	; 3
      0000CB 00                     259 	.db #0x00	; 0
      0000CC 07                     260 	.db #0x07	; 7
      0000CD 00                     261 	.db #0x00	; 0
      0000CE 0D                     262 	.db #0x0d	; 13
      0000CF 00                     263 	.db #0x00	; 0
      0000D0 0F                     264 	.db #0x0f	; 15
      0000D1 00                     265 	.db #0x00	; 0
      0000D2 0B                     266 	.db #0x0b	; 11
      0000D3 00                     267 	.db #0x00	; 0
      0000D4 02                     268 	.db #0x02	; 2
      0000D5 00                     269 	.db #0x00	; 0
      0000D6 02                     270 	.db #0x02	; 2
      0000D7 00                     271 	.db #0x00	; 0
      0000D8 04                     272 	.db #0x04	; 4
      0000D9 00                     273 	.db #0x00	; 0
      0000DA 07                     274 	.db #0x07	; 7
      0000DB 00                     275 	.db #0x00	; 0
      0000DC 0F                     276 	.db #0x0f	; 15
      0000DD 00                     277 	.db #0x00	; 0
      0000DE 1B                     278 	.db #0x1b	; 27
      0000DF 00                     279 	.db #0x00	; 0
      0000E0 1F                     280 	.db #0x1f	; 31
      0000E1 00                     281 	.db #0x00	; 0
      0000E2 17                     282 	.db #0x17	; 23
      0000E3 00                     283 	.db #0x00	; 0
      0000E4 04                     284 	.db #0x04	; 4
      0000E5 00                     285 	.db #0x00	; 0
      0000E6 04                     286 	.db #0x04	; 4
      0000E7 00                     287 	.db #0x00	; 0
      0000E8 09                     288 	.db #0x09	; 9
      0000E9 00                     289 	.db #0x00	; 0
      0000EA 0F                     290 	.db #0x0f	; 15
      0000EB 00                     291 	.db #0x00	; 0
      0000EC 1F                     292 	.db #0x1f	; 31
      0000ED 00                     293 	.db #0x00	; 0
      0000EE 36                     294 	.db #0x36	; 54	'6'
      0000EF 00                     295 	.db #0x00	; 0
      0000F0 3F                     296 	.db #0x3f	; 63
      0000F1 00                     297 	.db #0x00	; 0
      0000F2 2F                     298 	.db #0x2f	; 47
      0000F3 00                     299 	.db #0x00	; 0
      0000F4 09                     300 	.db #0x09	; 9
      0000F5 00                     301 	.db #0x00	; 0
      0000F6 09                     302 	.db #0x09	; 9
      0000F7 00                     303 	.db #0x00	; 0
      0000F8 12                     304 	.db #0x12	; 18
      0000F9 00                     305 	.db #0x00	; 0
      0000FA 1E                     306 	.db #0x1e	; 30
      0000FB 00                     307 	.db #0x00	; 0
      0000FC 3F                     308 	.db #0x3f	; 63
      0000FD 00                     309 	.db #0x00	; 0
      0000FE 6D                     310 	.db #0x6d	; 109	'm'
      0000FF 00                     311 	.db #0x00	; 0
      000100 7F                     312 	.db #0x7f	; 127
      000101 00                     313 	.db #0x00	; 0
      000102 5E                     314 	.db #0x5e	; 94
      000103 00                     315 	.db #0x00	; 0
      000104 12                     316 	.db #0x12	; 18
      000105 00                     317 	.db #0x00	; 0
      000106 12                     318 	.db #0x12	; 18
      000107 00                     319 	.db #0x00	; 0
      000108                        320 _Invader2_tile_pals:
      000108 00                     321 	.db #0x00	; 0
      000109 00                     322 	.db #0x00	; 0
      00010A 00                     323 	.db #0x00	; 0
      00010B 00                     324 	.db #0x00	; 0
      00010C 00                     325 	.db #0x00	; 0
      00010D 00                     326 	.db #0x00	; 0
      00010E 00                     327 	.db #0x00	; 0
      00010F 00                     328 	.db #0x00	; 0
      000110 00                     329 	.db #0x00	; 0
      000111 00                     330 	.db #0x00	; 0
      000112 00                     331 	.db #0x00	; 0
      000113 00                     332 	.db #0x00	; 0
      000114 00                     333 	.db #0x00	; 0
      000115 00                     334 	.db #0x00	; 0
      000116 00                     335 	.db #0x00	; 0
      000117 00                     336 	.db #0x00	; 0
      000118                        337 _Invader2_map:
      000118 00                     338 	.db #0x00	; 0
      000119 01                     339 	.db #0x01	; 1
      00011A 02                     340 	.db #0x02	; 2
      00011B 03                     341 	.db #0x03	; 3
      00011C 04                     342 	.db #0x04	; 4
      00011D 05                     343 	.db #0x05	; 5
      00011E 06                     344 	.db #0x06	; 6
      00011F 07                     345 	.db #0x07	; 7
      000120 08                     346 	.db #0x08	; 8
      000121 09                     347 	.db #0x09	; 9
      000122 0A                     348 	.db #0x0a	; 10
      000123 0B                     349 	.db #0x0b	; 11
      000124 0C                     350 	.db #0x0c	; 12
      000125 0D                     351 	.db #0x0d	; 13
      000126 0E                     352 	.db #0x0e	; 14
      000127 0F                     353 	.db #0x0f	; 15
      000128 00                     354 	.db #0x00	; 0
                                    355 	.area _INITIALIZER
                                    356 	.area _CABS (ABS)
