                                      1 ;--------------------------------------------------------
                                      2 ; File Created by SDCC : free open source ANSI-C Compiler
                                      3 ; Version 4.1.6 #12539 (MINGW32)
                                      4 ;--------------------------------------------------------
                                      5 	.module BulletC
                                      6 	.optsdcc -mgbz80
                                      7 	
                                      8 ;--------------------------------------------------------
                                      9 ; Public variables in this module
                                     10 ;--------------------------------------------------------
                                     11 	.globl _BulletC_metasprites
                                     12 	.globl _BulletC_metasprite0
                                     13 	.globl _BulletC_tiles
                                     14 	.globl _BulletC_palettes
                                     15 	.globl b___func_BulletC
                                     16 	.globl ___func_BulletC
                                     17 ;--------------------------------------------------------
                                     18 ; special function registers
                                     19 ;--------------------------------------------------------
                                     20 ;--------------------------------------------------------
                                     21 ; ram data
                                     22 ;--------------------------------------------------------
                                     23 	.area _DATA
                                     24 ;--------------------------------------------------------
                                     25 ; ram data
                                     26 ;--------------------------------------------------------
                                     27 	.area _INITIALIZED
                                     28 ;--------------------------------------------------------
                                     29 ; absolute external ram data
                                     30 ;--------------------------------------------------------
                                     31 	.area _DABS (ABS)
                                     32 ;--------------------------------------------------------
                                     33 ; global & static initialisations
                                     34 ;--------------------------------------------------------
                                     35 	.area _HOME
                                     36 	.area _GSINIT
                                     37 	.area _GSFINAL
                                     38 	.area _GSINIT
                                     39 ;--------------------------------------------------------
                                     40 ; Home
                                     41 ;--------------------------------------------------------
                                     42 	.area _HOME
                                     43 	.area _HOME
                                     44 ;--------------------------------------------------------
                                     45 ; code
                                     46 ;--------------------------------------------------------
                                     47 	.area _CODE
                                     48 ;D:\Business\LaroldsJubilantJunkyard\game-remakes\space-invaders\source\gen\default\graphics\BulletC.c:7: BANKREF(BulletC)
                                     49 ;	---------------------------------
                                     50 ; Function __func_BulletC
                                     51 ; ---------------------------------
                           000000    52 	b___func_BulletC	= 0
      000000                         53 ___func_BulletC::
                                     54 	.local b___func_BulletC 
                           000000    55 	___bank_BulletC = b___func_BulletC 
                                     56 	.globl ___bank_BulletC 
                                     57 	.area _CODE
      000000                         58 _BulletC_palettes:
      000000 FF 7F                   59 	.dw #0x7fff
      000002 00 00                   60 	.dw #0x0000
      000004 0A 68                   61 	.dw #0x680a
      000006 02 00                   62 	.dw #0x0002
      000008                         63 _BulletC_tiles:
      000008 10                      64 	.db #0x10	; 16
      000009 00                      65 	.db #0x00	; 0
      00000A 10                      66 	.db #0x10	; 16
      00000B 00                      67 	.db #0x00	; 0
      00000C 10                      68 	.db #0x10	; 16
      00000D 00                      69 	.db #0x00	; 0
      00000E 10                      70 	.db #0x10	; 16
      00000F 00                      71 	.db #0x00	; 0
      000010 10                      72 	.db #0x10	; 16
      000011 00                      73 	.db #0x00	; 0
      000012 10                      74 	.db #0x10	; 16
      000013 00                      75 	.db #0x00	; 0
      000014 10                      76 	.db #0x10	; 16
      000015 00                      77 	.db #0x00	; 0
      000016 10                      78 	.db #0x10	; 16
      000017 00                      79 	.db #0x00	; 0
      000018                         80 _BulletC_metasprite0:
      000018 F8                      81 	.db #0xf8	; -8
      000019 FC                      82 	.db #0xfc	; -4
      00001A 00                      83 	.db #0x00	; 0
      00001B 00                      84 	.db #0x00	; 0
      00001C 08                      85 	.db #0x08	;  8
      00001D 00                      86 	.db #0x00	;  0
      00001E 00                      87 	.db #0x00	; 0
      00001F 00                      88 	.db #0x00	; 0
      000020 80                      89 	.db #0x80	; -128
      000021 00                      90 	.db #0x00	;  0
      000022 00                      91 	.db #0x00	; 0
      000023 00                      92 	.db #0x00	; 0
      000024                         93 _BulletC_metasprites:
      000024r18r00                   94 	.dw _BulletC_metasprite0
                                     95 	.area _INITIALIZER
                                     96 	.area _CABS (ABS)
