                                      1 ;--------------------------------------------------------
                                      2 ; File Created by SDCC : free open source ANSI-C Compiler
                                      3 ; Version 4.1.6 #12539 (MINGW32)
                                      4 ;--------------------------------------------------------
                                      5 	.module BulletA
                                      6 	.optsdcc -mgbz80
                                      7 	
                                      8 ;--------------------------------------------------------
                                      9 ; Public variables in this module
                                     10 ;--------------------------------------------------------
                                     11 	.globl _BulletA_metasprites
                                     12 	.globl _BulletA_metasprite4
                                     13 	.globl _BulletA_metasprite3
                                     14 	.globl _BulletA_metasprite2
                                     15 	.globl _BulletA_metasprite1
                                     16 	.globl _BulletA_metasprite0
                                     17 	.globl _BulletA_tiles
                                     18 	.globl _BulletA_palettes
                                     19 	.globl b___func_BulletA
                                     20 	.globl ___func_BulletA
                                     21 ;--------------------------------------------------------
                                     22 ; special function registers
                                     23 ;--------------------------------------------------------
                                     24 ;--------------------------------------------------------
                                     25 ; ram data
                                     26 ;--------------------------------------------------------
                                     27 	.area _DATA
                                     28 ;--------------------------------------------------------
                                     29 ; ram data
                                     30 ;--------------------------------------------------------
                                     31 	.area _INITIALIZED
                                     32 ;--------------------------------------------------------
                                     33 ; absolute external ram data
                                     34 ;--------------------------------------------------------
                                     35 	.area _DABS (ABS)
                                     36 ;--------------------------------------------------------
                                     37 ; global & static initialisations
                                     38 ;--------------------------------------------------------
                                     39 	.area _HOME
                                     40 	.area _GSINIT
                                     41 	.area _GSFINAL
                                     42 	.area _GSINIT
                                     43 ;--------------------------------------------------------
                                     44 ; Home
                                     45 ;--------------------------------------------------------
                                     46 	.area _HOME
                                     47 	.area _HOME
                                     48 ;--------------------------------------------------------
                                     49 ; code
                                     50 ;--------------------------------------------------------
                                     51 	.area _CODE
                                     52 ;D:\Business\LaroldsJubilantJunkyard\game-remakes\space-invaders\source\gen\graphics\BulletA.c:7: BANKREF(BulletA)
                                     53 ;	---------------------------------
                                     54 ; Function __func_BulletA
                                     55 ; ---------------------------------
                           000000    56 	b___func_BulletA	= 0
      000000                         57 ___func_BulletA::
                                     58 	.local b___func_BulletA 
                           000000    59 	___bank_BulletA = b___func_BulletA 
                                     60 	.globl ___bank_BulletA 
                                     61 	.area _CODE
      000000                         62 _BulletA_palettes:
      000000 FF 7F                   63 	.dw #0x7fff
      000002 00 00                   64 	.dw #0x0000
      000004 0A 0C                   65 	.dw #0x0c0a
      000006 07 00                   66 	.dw #0x0007
      000008                         67 _BulletA_tiles:
      000008 18                      68 	.db #0x18	; 24
      000009 00                      69 	.db #0x00	; 0
      00000A 18                      70 	.db #0x18	; 24
      00000B 00                      71 	.db #0x00	; 0
      00000C 18                      72 	.db #0x18	; 24
      00000D 00                      73 	.db #0x00	; 0
      00000E 18                      74 	.db #0x18	; 24
      00000F 00                      75 	.db #0x00	; 0
      000010 18                      76 	.db #0x18	; 24
      000011 00                      77 	.db #0x00	; 0
      000012 18                      78 	.db #0x18	; 24
      000013 00                      79 	.db #0x00	; 0
      000014 18                      80 	.db #0x18	; 24
      000015 00                      81 	.db #0x00	; 0
      000016 18                      82 	.db #0x18	; 24
      000017 00                      83 	.db #0x00	; 0
      000018 18                      84 	.db #0x18	; 24
      000019 00                      85 	.db #0x00	; 0
      00001A 18                      86 	.db #0x18	; 24
      00001B 00                      87 	.db #0x00	; 0
      00001C 18                      88 	.db #0x18	; 24
      00001D 00                      89 	.db #0x00	; 0
      00001E 18                      90 	.db #0x18	; 24
      00001F 00                      91 	.db #0x00	; 0
      000020 18                      92 	.db #0x18	; 24
      000021 00                      93 	.db #0x00	; 0
      000022 FF                      94 	.db #0xff	; 255
      000023 00                      95 	.db #0x00	; 0
      000024 FF                      96 	.db #0xff	; 255
      000025 00                      97 	.db #0x00	; 0
      000026 FF                      98 	.db #0xff	; 255
      000027 00                      99 	.db #0x00	; 0
      000028 18                     100 	.db #0x18	; 24
      000029 00                     101 	.db #0x00	; 0
      00002A 18                     102 	.db #0x18	; 24
      00002B 00                     103 	.db #0x00	; 0
      00002C FF                     104 	.db #0xff	; 255
      00002D 00                     105 	.db #0x00	; 0
      00002E FF                     106 	.db #0xff	; 255
      00002F 00                     107 	.db #0x00	; 0
      000030 FF                     108 	.db #0xff	; 255
      000031 00                     109 	.db #0x00	; 0
      000032 18                     110 	.db #0x18	; 24
      000033 00                     111 	.db #0x00	; 0
      000034 18                     112 	.db #0x18	; 24
      000035 00                     113 	.db #0x00	; 0
      000036 18                     114 	.db #0x18	; 24
      000037 00                     115 	.db #0x00	; 0
      000038                        116 _BulletA_metasprite0:
      000038 F8                     117 	.db #0xf8	; -8
      000039 FC                     118 	.db #0xfc	; -4
      00003A 00                     119 	.db #0x00	; 0
      00003B 00                     120 	.db #0x00	; 0
      00003C 08                     121 	.db #0x08	;  8
      00003D 00                     122 	.db #0x00	;  0
      00003E 01                     123 	.db #0x01	; 1
      00003F 00                     124 	.db #0x00	; 0
      000040 80                     125 	.db #0x80	; -128
      000041 00                     126 	.db #0x00	;  0
      000042 00                     127 	.db #0x00	; 0
      000043 00                     128 	.db #0x00	; 0
      000044                        129 _BulletA_metasprite1:
      000044 F8                     130 	.db #0xf8	; -8
      000045 FC                     131 	.db #0xfc	; -4
      000046 00                     132 	.db #0x00	; 0
      000047 00                     133 	.db #0x00	; 0
      000048 08                     134 	.db #0x08	;  8
      000049 00                     135 	.db #0x00	;  0
      00004A 02                     136 	.db #0x02	; 2
      00004B 00                     137 	.db #0x00	; 0
      00004C 80                     138 	.db #0x80	; -128
      00004D 00                     139 	.db #0x00	;  0
      00004E 00                     140 	.db #0x00	; 0
      00004F 00                     141 	.db #0x00	; 0
      000050                        142 _BulletA_metasprite2:
      000050 F8                     143 	.db #0xf8	; -8
      000051 FC                     144 	.db #0xfc	; -4
      000052 02                     145 	.db #0x02	; 2
      000053 60                     146 	.db #0x60	; 96
      000054 08                     147 	.db #0x08	;  8
      000055 00                     148 	.db #0x00	;  0
      000056 00                     149 	.db #0x00	; 0
      000057 00                     150 	.db #0x00	; 0
      000058 80                     151 	.db #0x80	; -128
      000059 00                     152 	.db #0x00	;  0
      00005A 00                     153 	.db #0x00	; 0
      00005B 00                     154 	.db #0x00	; 0
      00005C                        155 _BulletA_metasprite3:
      00005C F8                     156 	.db #0xf8	; -8
      00005D FC                     157 	.db #0xfc	; -4
      00005E 01                     158 	.db #0x01	; 1
      00005F 60                     159 	.db #0x60	; 96
      000060 08                     160 	.db #0x08	;  8
      000061 00                     161 	.db #0x00	;  0
      000062 00                     162 	.db #0x00	; 0
      000063 00                     163 	.db #0x00	; 0
      000064 80                     164 	.db #0x80	; -128
      000065 00                     165 	.db #0x00	;  0
      000066 00                     166 	.db #0x00	; 0
      000067 00                     167 	.db #0x00	; 0
      000068                        168 _BulletA_metasprite4:
      000068 F8                     169 	.db #0xf8	; -8
      000069 FC                     170 	.db #0xfc	; -4
      00006A 00                     171 	.db #0x00	; 0
      00006B 00                     172 	.db #0x00	; 0
      00006C 08                     173 	.db #0x08	;  8
      00006D 00                     174 	.db #0x00	;  0
      00006E 00                     175 	.db #0x00	; 0
      00006F 00                     176 	.db #0x00	; 0
      000070 80                     177 	.db #0x80	; -128
      000071 00                     178 	.db #0x00	;  0
      000072 00                     179 	.db #0x00	; 0
      000073 00                     180 	.db #0x00	; 0
      000074                        181 _BulletA_metasprites:
      000074r38r00                  182 	.dw _BulletA_metasprite0
      000076r44r00                  183 	.dw _BulletA_metasprite1
      000078r50r00                  184 	.dw _BulletA_metasprite2
      00007Ar5Cr00                  185 	.dw _BulletA_metasprite3
      00007Cr68r00                  186 	.dw _BulletA_metasprite4
                                    187 	.area _INITIALIZER
                                    188 	.area _CABS (ABS)
