                                      1 ;--------------------------------------------------------
                                      2 ; File Created by SDCC : free open source ANSI-C Compiler
                                      3 ; Version 4.1.6 #12539 (MINGW32)
                                      4 ;--------------------------------------------------------
                                      5 	.module Barricade
                                      6 	.optsdcc -mgbz80
                                      7 	
                                      8 ;--------------------------------------------------------
                                      9 ; Public variables in this module
                                     10 ;--------------------------------------------------------
                                     11 	.globl _Barricade_map
                                     12 	.globl _Barricade_tile_pals
                                     13 	.globl _Barricade_tiles
                                     14 	.globl _Barricade_palettes
                                     15 	.globl b___func_Barricade
                                     16 	.globl ___func_Barricade
                                     17 ;--------------------------------------------------------
                                     18 ; special function registers
                                     19 ;--------------------------------------------------------
                                     20 ;--------------------------------------------------------
                                     21 ; ram data
                                     22 ;--------------------------------------------------------
                                     23 	.area _DATA
                                     24 ;--------------------------------------------------------
                                     25 ; ram data
                                     26 ;--------------------------------------------------------
                                     27 	.area _INITIALIZED
                                     28 ;--------------------------------------------------------
                                     29 ; absolute external ram data
                                     30 ;--------------------------------------------------------
                                     31 	.area _DABS (ABS)
                                     32 ;--------------------------------------------------------
                                     33 ; global & static initialisations
                                     34 ;--------------------------------------------------------
                                     35 	.area _HOME
                                     36 	.area _GSINIT
                                     37 	.area _GSFINAL
                                     38 	.area _GSINIT
                                     39 ;--------------------------------------------------------
                                     40 ; Home
                                     41 ;--------------------------------------------------------
                                     42 	.area _HOME
                                     43 	.area _HOME
                                     44 ;--------------------------------------------------------
                                     45 ; code
                                     46 ;--------------------------------------------------------
                                     47 	.area _CODE
                                     48 ;D:\Business\LaroldsJubilantJunkyard\game-remakes\space-invaders\source\gen\graphics\Barricade.c:7: BANKREF(Barricade)
                                     49 ;	---------------------------------
                                     50 ; Function __func_Barricade
                                     51 ; ---------------------------------
                           000000    52 	b___func_Barricade	= 0
      000000                         53 ___func_Barricade::
                                     54 	.local b___func_Barricade 
                           000000    55 	___bank_Barricade = b___func_Barricade 
                                     56 	.globl ___bank_Barricade 
                                     57 	.area _CODE
      000000                         58 _Barricade_palettes:
      000000 FF 7F                   59 	.dw #0x7fff
      000002 00 00                   60 	.dw #0x0000
      000004 0A 18                   61 	.dw #0x180a
      000006 0E 00                   62 	.dw #0x000e
      000008                         63 _Barricade_tiles:
      000008 FF                      64 	.db #0xff	; 255
      000009 00                      65 	.db #0x00	; 0
      00000A FF                      66 	.db #0xff	; 255
      00000B 00                      67 	.db #0x00	; 0
      00000C FF                      68 	.db #0xff	; 255
      00000D 00                      69 	.db #0x00	; 0
      00000E FF                      70 	.db #0xff	; 255
      00000F 00                      71 	.db #0x00	; 0
      000010 FF                      72 	.db #0xff	; 255
      000011 00                      73 	.db #0x00	; 0
      000012 FF                      74 	.db #0xff	; 255
      000013 00                      75 	.db #0x00	; 0
      000014 FF                      76 	.db #0xff	; 255
      000015 00                      77 	.db #0x00	; 0
      000016 FF                      78 	.db #0xff	; 255
      000017 00                      79 	.db #0x00	; 0
      000018 EB                      80 	.db #0xeb	; 235
      000019 00                      81 	.db #0x00	; 0
      00001A FF                      82 	.db #0xff	; 255
      00001B 00                      83 	.db #0x00	; 0
      00001C 7F                      84 	.db #0x7f	; 127
      00001D 00                      85 	.db #0x00	; 0
      00001E EE                      86 	.db #0xee	; 238
      00001F 00                      87 	.db #0x00	; 0
      000020 3F                      88 	.db #0x3f	; 63
      000021 00                      89 	.db #0x00	; 0
      000022 EE                      90 	.db #0xee	; 238
      000023 00                      91 	.db #0x00	; 0
      000024 5E                      92 	.db #0x5e	; 94
      000025 00                      93 	.db #0x00	; 0
      000026 97                      94 	.db #0x97	; 151
      000027 00                      95 	.db #0x00	; 0
      000028 64                      96 	.db #0x64	; 100	'd'
      000029 00                      97 	.db #0x00	; 0
      00002A 46                      98 	.db #0x46	; 70	'F'
      00002B 00                      99 	.db #0x00	; 0
      00002C DA                     100 	.db #0xda	; 218
      00002D 00                     101 	.db #0x00	; 0
      00002E 28                     102 	.db #0x28	; 40
      00002F 00                     103 	.db #0x00	; 0
      000030 6B                     104 	.db #0x6b	; 107	'k'
      000031 00                     105 	.db #0x00	; 0
      000032 46                     106 	.db #0x46	; 70	'F'
      000033 00                     107 	.db #0x00	; 0
      000034 AC                     108 	.db #0xac	; 172
      000035 00                     109 	.db #0x00	; 0
      000036 51                     110 	.db #0x51	; 81	'Q'
      000037 00                     111 	.db #0x00	; 0
      000038 01                     112 	.db #0x01	; 1
      000039 00                     113 	.db #0x00	; 0
      00003A 03                     114 	.db #0x03	; 3
      00003B 00                     115 	.db #0x00	; 0
      00003C 07                     116 	.db #0x07	; 7
      00003D 00                     117 	.db #0x00	; 0
      00003E 0F                     118 	.db #0x0f	; 15
      00003F 00                     119 	.db #0x00	; 0
      000040 1F                     120 	.db #0x1f	; 31
      000041 00                     121 	.db #0x00	; 0
      000042 3F                     122 	.db #0x3f	; 63
      000043 00                     123 	.db #0x00	; 0
      000044 7F                     124 	.db #0x7f	; 127
      000045 00                     125 	.db #0x00	; 0
      000046 FF                     126 	.db #0xff	; 255
      000047 00                     127 	.db #0x00	; 0
      000048 01                     128 	.db #0x01	; 1
      000049 00                     129 	.db #0x00	; 0
      00004A 01                     130 	.db #0x01	; 1
      00004B 00                     131 	.db #0x00	; 0
      00004C 07                     132 	.db #0x07	; 7
      00004D 00                     133 	.db #0x00	; 0
      00004E 04                     134 	.db #0x04	; 4
      00004F 00                     135 	.db #0x00	; 0
      000050 0F                     136 	.db #0x0f	; 15
      000051 00                     137 	.db #0x00	; 0
      000052 3A                     138 	.db #0x3a	; 58
      000053 00                     139 	.db #0x00	; 0
      000054 2F                     140 	.db #0x2f	; 47
      000055 00                     141 	.db #0x00	; 0
      000056 DB                     142 	.db #0xdb	; 219
      000057 00                     143 	.db #0x00	; 0
      000058 01                     144 	.db #0x01	; 1
      000059 00                     145 	.db #0x00	; 0
      00005A 00                     146 	.db #0x00	; 0
      00005B 00                     147 	.db #0x00	; 0
      00005C 03                     148 	.db #0x03	; 3
      00005D 00                     149 	.db #0x00	; 0
      00005E 04                     150 	.db #0x04	; 4
      00005F 00                     151 	.db #0x00	; 0
      000060 19                     152 	.db #0x19	; 25
      000061 00                     153 	.db #0x00	; 0
      000062 22                     154 	.db #0x22	; 34
      000063 00                     155 	.db #0x00	; 0
      000064 49                     156 	.db #0x49	; 73	'I'
      000065 00                     157 	.db #0x00	; 0
      000066 24                     158 	.db #0x24	; 36
      000067 00                     159 	.db #0x00	; 0
      000068 80                     160 	.db #0x80	; 128
      000069 00                     161 	.db #0x00	; 0
      00006A C0                     162 	.db #0xc0	; 192
      00006B 00                     163 	.db #0x00	; 0
      00006C E0                     164 	.db #0xe0	; 224
      00006D 00                     165 	.db #0x00	; 0
      00006E F0                     166 	.db #0xf0	; 240
      00006F 00                     167 	.db #0x00	; 0
      000070 F8                     168 	.db #0xf8	; 248
      000071 00                     169 	.db #0x00	; 0
      000072 FC                     170 	.db #0xfc	; 252
      000073 00                     171 	.db #0x00	; 0
      000074 FE                     172 	.db #0xfe	; 254
      000075 00                     173 	.db #0x00	; 0
      000076 FF                     174 	.db #0xff	; 255
      000077 00                     175 	.db #0x00	; 0
      000078 80                     176 	.db #0x80	; 128
      000079 00                     177 	.db #0x00	; 0
      00007A 80                     178 	.db #0x80	; 128
      00007B 00                     179 	.db #0x00	; 0
      00007C E0                     180 	.db #0xe0	; 224
      00007D 00                     181 	.db #0x00	; 0
      00007E 20                     182 	.db #0x20	; 32
      00007F 00                     183 	.db #0x00	; 0
      000080 F0                     184 	.db #0xf0	; 240
      000081 00                     185 	.db #0x00	; 0
      000082 5C                     186 	.db #0x5c	; 92
      000083 00                     187 	.db #0x00	; 0
      000084 F4                     188 	.db #0xf4	; 244
      000085 00                     189 	.db #0x00	; 0
      000086 DB                     190 	.db #0xdb	; 219
      000087 00                     191 	.db #0x00	; 0
      000088 80                     192 	.db #0x80	; 128
      000089 00                     193 	.db #0x00	; 0
      00008A 00                     194 	.db #0x00	; 0
      00008B 00                     195 	.db #0x00	; 0
      00008C C0                     196 	.db #0xc0	; 192
      00008D 00                     197 	.db #0x00	; 0
      00008E 20                     198 	.db #0x20	; 32
      00008F 00                     199 	.db #0x00	; 0
      000090 98                     200 	.db #0x98	; 152
      000091 00                     201 	.db #0x00	; 0
      000092 44                     202 	.db #0x44	; 68	'D'
      000093 00                     203 	.db #0x00	; 0
      000094 92                     204 	.db #0x92	; 146
      000095 00                     205 	.db #0x00	; 0
      000096 24                     206 	.db #0x24	; 36
      000097 00                     207 	.db #0x00	; 0
      000098 F8                     208 	.db #0xf8	; 248
      000099 00                     209 	.db #0x00	; 0
      00009A E0                     210 	.db #0xe0	; 224
      00009B 00                     211 	.db #0x00	; 0
      00009C C0                     212 	.db #0xc0	; 192
      00009D 00                     213 	.db #0x00	; 0
      00009E 80                     214 	.db #0x80	; 128
      00009F 00                     215 	.db #0x00	; 0
      0000A0 80                     216 	.db #0x80	; 128
      0000A1 00                     217 	.db #0x00	; 0
      0000A2 00                     218 	.db #0x00	; 0
      0000A3 00                     219 	.db #0x00	; 0
      0000A4 00                     220 	.db #0x00	; 0
      0000A5 00                     221 	.db #0x00	; 0
      0000A6 00                     222 	.db #0x00	; 0
      0000A7 00                     223 	.db #0x00	; 0
      0000A8 D8                     224 	.db #0xd8	; 216
      0000A9 00                     225 	.db #0x00	; 0
      0000AA E0                     226 	.db #0xe0	; 224
      0000AB 00                     227 	.db #0x00	; 0
      0000AC 00                     228 	.db #0x00	; 0
      0000AD 00                     229 	.db #0x00	; 0
      0000AE 80                     230 	.db #0x80	; 128
      0000AF 00                     231 	.db #0x00	; 0
      0000B0 80                     232 	.db #0x80	; 128
      0000B1 00                     233 	.db #0x00	; 0
      0000B2 00                     234 	.db #0x00	; 0
      0000B3 00                     235 	.db #0x00	; 0
      0000B4 00                     236 	.db #0x00	; 0
      0000B5 00                     237 	.db #0x00	; 0
      0000B6 00                     238 	.db #0x00	; 0
      0000B7 00                     239 	.db #0x00	; 0
      0000B8 48                     240 	.db #0x48	; 72	'H'
      0000B9 00                     241 	.db #0x00	; 0
      0000BA 00                     242 	.db #0x00	; 0
      0000BB 00                     243 	.db #0x00	; 0
      0000BC 40                     244 	.db #0x40	; 64
      0000BD 00                     245 	.db #0x00	; 0
      0000BE 00                     246 	.db #0x00	; 0
      0000BF 00                     247 	.db #0x00	; 0
      0000C0 80                     248 	.db #0x80	; 128
      0000C1 00                     249 	.db #0x00	; 0
      0000C2 00                     250 	.db #0x00	; 0
      0000C3 00                     251 	.db #0x00	; 0
      0000C4 00                     252 	.db #0x00	; 0
      0000C5 00                     253 	.db #0x00	; 0
      0000C6 00                     254 	.db #0x00	; 0
      0000C7 00                     255 	.db #0x00	; 0
      0000C8 1F                     256 	.db #0x1f	; 31
      0000C9 00                     257 	.db #0x00	; 0
      0000CA 07                     258 	.db #0x07	; 7
      0000CB 00                     259 	.db #0x00	; 0
      0000CC 03                     260 	.db #0x03	; 3
      0000CD 00                     261 	.db #0x00	; 0
      0000CE 01                     262 	.db #0x01	; 1
      0000CF 00                     263 	.db #0x00	; 0
      0000D0 01                     264 	.db #0x01	; 1
      0000D1 00                     265 	.db #0x00	; 0
      0000D2 00                     266 	.db #0x00	; 0
      0000D3 00                     267 	.db #0x00	; 0
      0000D4 00                     268 	.db #0x00	; 0
      0000D5 00                     269 	.db #0x00	; 0
      0000D6 00                     270 	.db #0x00	; 0
      0000D7 00                     271 	.db #0x00	; 0
      0000D8 1B                     272 	.db #0x1b	; 27
      0000D9 00                     273 	.db #0x00	; 0
      0000DA 07                     274 	.db #0x07	; 7
      0000DB 00                     275 	.db #0x00	; 0
      0000DC 00                     276 	.db #0x00	; 0
      0000DD 00                     277 	.db #0x00	; 0
      0000DE 01                     278 	.db #0x01	; 1
      0000DF 00                     279 	.db #0x00	; 0
      0000E0 01                     280 	.db #0x01	; 1
      0000E1 00                     281 	.db #0x00	; 0
      0000E2 00                     282 	.db #0x00	; 0
      0000E3 00                     283 	.db #0x00	; 0
      0000E4 00                     284 	.db #0x00	; 0
      0000E5 00                     285 	.db #0x00	; 0
      0000E6 00                     286 	.db #0x00	; 0
      0000E7 00                     287 	.db #0x00	; 0
      0000E8 12                     288 	.db #0x12	; 18
      0000E9 00                     289 	.db #0x00	; 0
      0000EA 00                     290 	.db #0x00	; 0
      0000EB 00                     291 	.db #0x00	; 0
      0000EC 02                     292 	.db #0x02	; 2
      0000ED 00                     293 	.db #0x00	; 0
      0000EE 00                     294 	.db #0x00	; 0
      0000EF 00                     295 	.db #0x00	; 0
      0000F0 01                     296 	.db #0x01	; 1
      0000F1 00                     297 	.db #0x00	; 0
      0000F2 00                     298 	.db #0x00	; 0
      0000F3 00                     299 	.db #0x00	; 0
      0000F4 00                     300 	.db #0x00	; 0
      0000F5 00                     301 	.db #0x00	; 0
      0000F6 00                     302 	.db #0x00	; 0
      0000F7 00                     303 	.db #0x00	; 0
      0000F8                        304 _Barricade_tile_pals:
      0000F8 00                     305 	.db #0x00	; 0
      0000F9 00                     306 	.db #0x00	; 0
      0000FA 00                     307 	.db #0x00	; 0
      0000FB 00                     308 	.db #0x00	; 0
      0000FC 00                     309 	.db #0x00	; 0
      0000FD 00                     310 	.db #0x00	; 0
      0000FE 00                     311 	.db #0x00	; 0
      0000FF 00                     312 	.db #0x00	; 0
      000100 00                     313 	.db #0x00	; 0
      000101 00                     314 	.db #0x00	; 0
      000102 00                     315 	.db #0x00	; 0
      000103 00                     316 	.db #0x00	; 0
      000104 00                     317 	.db #0x00	; 0
      000105 00                     318 	.db #0x00	; 0
      000106 00                     319 	.db #0x00	; 0
      000107                        320 _Barricade_map:
      000107 00                     321 	.db #0x00	; 0
      000108 01                     322 	.db #0x01	; 1
      000109 02                     323 	.db #0x02	; 2
      00010A 03                     324 	.db #0x03	; 3
      00010B 04                     325 	.db #0x04	; 4
      00010C 05                     326 	.db #0x05	; 5
      00010D 06                     327 	.db #0x06	; 6
      00010E 07                     328 	.db #0x07	; 7
      00010F 08                     329 	.db #0x08	; 8
      000110 09                     330 	.db #0x09	; 9
      000111 0A                     331 	.db #0x0a	; 10
      000112 0B                     332 	.db #0x0b	; 11
      000113 0C                     333 	.db #0x0c	; 12
      000114 0D                     334 	.db #0x0d	; 13
      000115 0E                     335 	.db #0x0e	; 14
                                    336 	.area _INITIALIZER
                                    337 	.area _CABS (ABS)
