                                      1 ;--------------------------------------------------------
                                      2 ; File Created by SDCC : free open source ANSI-C Compiler
                                      3 ; Version 4.1.6 #12539 (MINGW32)
                                      4 ;--------------------------------------------------------
                                      5 	.module SpaceInvadersFont
                                      6 	.optsdcc -mgbz80
                                      7 	
                                      8 ;--------------------------------------------------------
                                      9 ; Public variables in this module
                                     10 ;--------------------------------------------------------
                                     11 	.globl _SpaceInvadersFont_map
                                     12 	.globl _SpaceInvadersFont_tile_pals
                                     13 	.globl _SpaceInvadersFont_tiles
                                     14 	.globl _SpaceInvadersFont_palettes
                                     15 	.globl b___func_SpaceInvadersFont
                                     16 	.globl ___func_SpaceInvadersFont
                                     17 ;--------------------------------------------------------
                                     18 ; special function registers
                                     19 ;--------------------------------------------------------
                                     20 ;--------------------------------------------------------
                                     21 ; ram data
                                     22 ;--------------------------------------------------------
                                     23 	.area _DATA
                                     24 ;--------------------------------------------------------
                                     25 ; ram data
                                     26 ;--------------------------------------------------------
                                     27 	.area _INITIALIZED
                                     28 ;--------------------------------------------------------
                                     29 ; absolute external ram data
                                     30 ;--------------------------------------------------------
                                     31 	.area _DABS (ABS)
                                     32 ;--------------------------------------------------------
                                     33 ; global & static initialisations
                                     34 ;--------------------------------------------------------
                                     35 	.area _HOME
                                     36 	.area _GSINIT
                                     37 	.area _GSFINAL
                                     38 	.area _GSINIT
                                     39 ;--------------------------------------------------------
                                     40 ; Home
                                     41 ;--------------------------------------------------------
                                     42 	.area _HOME
                                     43 	.area _HOME
                                     44 ;--------------------------------------------------------
                                     45 ; code
                                     46 ;--------------------------------------------------------
                                     47 	.area _CODE
                                     48 ;D:\Business\LaroldsJubilantJunkyard\game-remakes\space-invaders\source\gen\default\graphics\SpaceInvadersFont.c:7: BANKREF(SpaceInvadersFont)
                                     49 ;	---------------------------------
                                     50 ; Function __func_SpaceInvadersFont
                                     51 ; ---------------------------------
                           000000    52 	b___func_SpaceInvadersFont	= 0
      000000                         53 ___func_SpaceInvadersFont::
                                     54 	.local b___func_SpaceInvadersFont 
                           000000    55 	___bank_SpaceInvadersFont = b___func_SpaceInvadersFont 
                                     56 	.globl ___bank_SpaceInvadersFont 
                                     57 	.area _CODE
      000000                         58 _SpaceInvadersFont_palettes:
      000000 FF 7F                   59 	.dw #0x7fff
      000002 00 00                   60 	.dw #0x0000
      000004 0A 70                   61 	.dw #0x700a
      000006 01 00                   62 	.dw #0x0001
      000008                         63 _SpaceInvadersFont_tiles:
      000008 10                      64 	.db #0x10	; 16
      000009 00                      65 	.db #0x00	; 0
      00000A 28                      66 	.db #0x28	; 40
      00000B 00                      67 	.db #0x00	; 0
      00000C 44                      68 	.db #0x44	; 68	'D'
      00000D 00                      69 	.db #0x00	; 0
      00000E 44                      70 	.db #0x44	; 68	'D'
      00000F 00                      71 	.db #0x00	; 0
      000010 7C                      72 	.db #0x7c	; 124
      000011 00                      73 	.db #0x00	; 0
      000012 44                      74 	.db #0x44	; 68	'D'
      000013 00                      75 	.db #0x00	; 0
      000014 44                      76 	.db #0x44	; 68	'D'
      000015 00                      77 	.db #0x00	; 0
      000016 00                      78 	.db #0x00	; 0
      000017 00                      79 	.db #0x00	; 0
      000018 78                      80 	.db #0x78	; 120	'x'
      000019 00                      81 	.db #0x00	; 0
      00001A 44                      82 	.db #0x44	; 68	'D'
      00001B 00                      83 	.db #0x00	; 0
      00001C 44                      84 	.db #0x44	; 68	'D'
      00001D 00                      85 	.db #0x00	; 0
      00001E 78                      86 	.db #0x78	; 120	'x'
      00001F 00                      87 	.db #0x00	; 0
      000020 44                      88 	.db #0x44	; 68	'D'
      000021 00                      89 	.db #0x00	; 0
      000022 44                      90 	.db #0x44	; 68	'D'
      000023 00                      91 	.db #0x00	; 0
      000024 78                      92 	.db #0x78	; 120	'x'
      000025 00                      93 	.db #0x00	; 0
      000026 00                      94 	.db #0x00	; 0
      000027 00                      95 	.db #0x00	; 0
      000028 38                      96 	.db #0x38	; 56	'8'
      000029 00                      97 	.db #0x00	; 0
      00002A 44                      98 	.db #0x44	; 68	'D'
      00002B 00                      99 	.db #0x00	; 0
      00002C 40                     100 	.db #0x40	; 64
      00002D 00                     101 	.db #0x00	; 0
      00002E 40                     102 	.db #0x40	; 64
      00002F 00                     103 	.db #0x00	; 0
      000030 40                     104 	.db #0x40	; 64
      000031 00                     105 	.db #0x00	; 0
      000032 44                     106 	.db #0x44	; 68	'D'
      000033 00                     107 	.db #0x00	; 0
      000034 38                     108 	.db #0x38	; 56	'8'
      000035 00                     109 	.db #0x00	; 0
      000036 00                     110 	.db #0x00	; 0
      000037 00                     111 	.db #0x00	; 0
      000038 78                     112 	.db #0x78	; 120	'x'
      000039 00                     113 	.db #0x00	; 0
      00003A 44                     114 	.db #0x44	; 68	'D'
      00003B 00                     115 	.db #0x00	; 0
      00003C 44                     116 	.db #0x44	; 68	'D'
      00003D 00                     117 	.db #0x00	; 0
      00003E 44                     118 	.db #0x44	; 68	'D'
      00003F 00                     119 	.db #0x00	; 0
      000040 44                     120 	.db #0x44	; 68	'D'
      000041 00                     121 	.db #0x00	; 0
      000042 44                     122 	.db #0x44	; 68	'D'
      000043 00                     123 	.db #0x00	; 0
      000044 78                     124 	.db #0x78	; 120	'x'
      000045 00                     125 	.db #0x00	; 0
      000046 00                     126 	.db #0x00	; 0
      000047 00                     127 	.db #0x00	; 0
      000048 7C                     128 	.db #0x7c	; 124
      000049 00                     129 	.db #0x00	; 0
      00004A 40                     130 	.db #0x40	; 64
      00004B 00                     131 	.db #0x00	; 0
      00004C 40                     132 	.db #0x40	; 64
      00004D 00                     133 	.db #0x00	; 0
      00004E 78                     134 	.db #0x78	; 120	'x'
      00004F 00                     135 	.db #0x00	; 0
      000050 40                     136 	.db #0x40	; 64
      000051 00                     137 	.db #0x00	; 0
      000052 40                     138 	.db #0x40	; 64
      000053 00                     139 	.db #0x00	; 0
      000054 7C                     140 	.db #0x7c	; 124
      000055 00                     141 	.db #0x00	; 0
      000056 00                     142 	.db #0x00	; 0
      000057 00                     143 	.db #0x00	; 0
      000058 7C                     144 	.db #0x7c	; 124
      000059 00                     145 	.db #0x00	; 0
      00005A 40                     146 	.db #0x40	; 64
      00005B 00                     147 	.db #0x00	; 0
      00005C 40                     148 	.db #0x40	; 64
      00005D 00                     149 	.db #0x00	; 0
      00005E 78                     150 	.db #0x78	; 120	'x'
      00005F 00                     151 	.db #0x00	; 0
      000060 40                     152 	.db #0x40	; 64
      000061 00                     153 	.db #0x00	; 0
      000062 40                     154 	.db #0x40	; 64
      000063 00                     155 	.db #0x00	; 0
      000064 40                     156 	.db #0x40	; 64
      000065 00                     157 	.db #0x00	; 0
      000066 00                     158 	.db #0x00	; 0
      000067 00                     159 	.db #0x00	; 0
      000068 3C                     160 	.db #0x3c	; 60
      000069 00                     161 	.db #0x00	; 0
      00006A 40                     162 	.db #0x40	; 64
      00006B 00                     163 	.db #0x00	; 0
      00006C 40                     164 	.db #0x40	; 64
      00006D 00                     165 	.db #0x00	; 0
      00006E 40                     166 	.db #0x40	; 64
      00006F 00                     167 	.db #0x00	; 0
      000070 5C                     168 	.db #0x5c	; 92
      000071 00                     169 	.db #0x00	; 0
      000072 44                     170 	.db #0x44	; 68	'D'
      000073 00                     171 	.db #0x00	; 0
      000074 3C                     172 	.db #0x3c	; 60
      000075 00                     173 	.db #0x00	; 0
      000076 00                     174 	.db #0x00	; 0
      000077 00                     175 	.db #0x00	; 0
      000078 44                     176 	.db #0x44	; 68	'D'
      000079 00                     177 	.db #0x00	; 0
      00007A 44                     178 	.db #0x44	; 68	'D'
      00007B 00                     179 	.db #0x00	; 0
      00007C 44                     180 	.db #0x44	; 68	'D'
      00007D 00                     181 	.db #0x00	; 0
      00007E 7C                     182 	.db #0x7c	; 124
      00007F 00                     183 	.db #0x00	; 0
      000080 44                     184 	.db #0x44	; 68	'D'
      000081 00                     185 	.db #0x00	; 0
      000082 44                     186 	.db #0x44	; 68	'D'
      000083 00                     187 	.db #0x00	; 0
      000084 44                     188 	.db #0x44	; 68	'D'
      000085 00                     189 	.db #0x00	; 0
      000086 00                     190 	.db #0x00	; 0
      000087 00                     191 	.db #0x00	; 0
      000088 70                     192 	.db #0x70	; 112	'p'
      000089 00                     193 	.db #0x00	; 0
      00008A 20                     194 	.db #0x20	; 32
      00008B 00                     195 	.db #0x00	; 0
      00008C 20                     196 	.db #0x20	; 32
      00008D 00                     197 	.db #0x00	; 0
      00008E 20                     198 	.db #0x20	; 32
      00008F 00                     199 	.db #0x00	; 0
      000090 20                     200 	.db #0x20	; 32
      000091 00                     201 	.db #0x00	; 0
      000092 20                     202 	.db #0x20	; 32
      000093 00                     203 	.db #0x00	; 0
      000094 70                     204 	.db #0x70	; 112	'p'
      000095 00                     205 	.db #0x00	; 0
      000096 00                     206 	.db #0x00	; 0
      000097 00                     207 	.db #0x00	; 0
      000098 3E                     208 	.db #0x3e	; 62
      000099 00                     209 	.db #0x00	; 0
      00009A 08                     210 	.db #0x08	; 8
      00009B 00                     211 	.db #0x00	; 0
      00009C 08                     212 	.db #0x08	; 8
      00009D 00                     213 	.db #0x00	; 0
      00009E 08                     214 	.db #0x08	; 8
      00009F 00                     215 	.db #0x00	; 0
      0000A0 48                     216 	.db #0x48	; 72	'H'
      0000A1 00                     217 	.db #0x00	; 0
      0000A2 48                     218 	.db #0x48	; 72	'H'
      0000A3 00                     219 	.db #0x00	; 0
      0000A4 30                     220 	.db #0x30	; 48	'0'
      0000A5 00                     221 	.db #0x00	; 0
      0000A6 00                     222 	.db #0x00	; 0
      0000A7 00                     223 	.db #0x00	; 0
      0000A8 44                     224 	.db #0x44	; 68	'D'
      0000A9 00                     225 	.db #0x00	; 0
      0000AA 48                     226 	.db #0x48	; 72	'H'
      0000AB 00                     227 	.db #0x00	; 0
      0000AC 50                     228 	.db #0x50	; 80	'P'
      0000AD 00                     229 	.db #0x00	; 0
      0000AE 60                     230 	.db #0x60	; 96
      0000AF 00                     231 	.db #0x00	; 0
      0000B0 50                     232 	.db #0x50	; 80	'P'
      0000B1 00                     233 	.db #0x00	; 0
      0000B2 48                     234 	.db #0x48	; 72	'H'
      0000B3 00                     235 	.db #0x00	; 0
      0000B4 44                     236 	.db #0x44	; 68	'D'
      0000B5 00                     237 	.db #0x00	; 0
      0000B6 00                     238 	.db #0x00	; 0
      0000B7 00                     239 	.db #0x00	; 0
      0000B8 40                     240 	.db #0x40	; 64
      0000B9 00                     241 	.db #0x00	; 0
      0000BA 40                     242 	.db #0x40	; 64
      0000BB 00                     243 	.db #0x00	; 0
      0000BC 40                     244 	.db #0x40	; 64
      0000BD 00                     245 	.db #0x00	; 0
      0000BE 40                     246 	.db #0x40	; 64
      0000BF 00                     247 	.db #0x00	; 0
      0000C0 40                     248 	.db #0x40	; 64
      0000C1 00                     249 	.db #0x00	; 0
      0000C2 40                     250 	.db #0x40	; 64
      0000C3 00                     251 	.db #0x00	; 0
      0000C4 7C                     252 	.db #0x7c	; 124
      0000C5 00                     253 	.db #0x00	; 0
      0000C6 00                     254 	.db #0x00	; 0
      0000C7 00                     255 	.db #0x00	; 0
      0000C8 44                     256 	.db #0x44	; 68	'D'
      0000C9 00                     257 	.db #0x00	; 0
      0000CA 44                     258 	.db #0x44	; 68	'D'
      0000CB 00                     259 	.db #0x00	; 0
      0000CC 6C                     260 	.db #0x6c	; 108	'l'
      0000CD 00                     261 	.db #0x00	; 0
      0000CE 54                     262 	.db #0x54	; 84	'T'
      0000CF 00                     263 	.db #0x00	; 0
      0000D0 54                     264 	.db #0x54	; 84	'T'
      0000D1 00                     265 	.db #0x00	; 0
      0000D2 44                     266 	.db #0x44	; 68	'D'
      0000D3 00                     267 	.db #0x00	; 0
      0000D4 44                     268 	.db #0x44	; 68	'D'
      0000D5 00                     269 	.db #0x00	; 0
      0000D6 00                     270 	.db #0x00	; 0
      0000D7 00                     271 	.db #0x00	; 0
      0000D8 44                     272 	.db #0x44	; 68	'D'
      0000D9 00                     273 	.db #0x00	; 0
      0000DA 44                     274 	.db #0x44	; 68	'D'
      0000DB 00                     275 	.db #0x00	; 0
      0000DC 64                     276 	.db #0x64	; 100	'd'
      0000DD 00                     277 	.db #0x00	; 0
      0000DE 54                     278 	.db #0x54	; 84	'T'
      0000DF 00                     279 	.db #0x00	; 0
      0000E0 4C                     280 	.db #0x4c	; 76	'L'
      0000E1 00                     281 	.db #0x00	; 0
      0000E2 44                     282 	.db #0x44	; 68	'D'
      0000E3 00                     283 	.db #0x00	; 0
      0000E4 44                     284 	.db #0x44	; 68	'D'
      0000E5 00                     285 	.db #0x00	; 0
      0000E6 00                     286 	.db #0x00	; 0
      0000E7 00                     287 	.db #0x00	; 0
      0000E8 38                     288 	.db #0x38	; 56	'8'
      0000E9 00                     289 	.db #0x00	; 0
      0000EA 44                     290 	.db #0x44	; 68	'D'
      0000EB 00                     291 	.db #0x00	; 0
      0000EC 44                     292 	.db #0x44	; 68	'D'
      0000ED 00                     293 	.db #0x00	; 0
      0000EE 44                     294 	.db #0x44	; 68	'D'
      0000EF 00                     295 	.db #0x00	; 0
      0000F0 44                     296 	.db #0x44	; 68	'D'
      0000F1 00                     297 	.db #0x00	; 0
      0000F2 44                     298 	.db #0x44	; 68	'D'
      0000F3 00                     299 	.db #0x00	; 0
      0000F4 38                     300 	.db #0x38	; 56	'8'
      0000F5 00                     301 	.db #0x00	; 0
      0000F6 00                     302 	.db #0x00	; 0
      0000F7 00                     303 	.db #0x00	; 0
      0000F8 78                     304 	.db #0x78	; 120	'x'
      0000F9 00                     305 	.db #0x00	; 0
      0000FA 44                     306 	.db #0x44	; 68	'D'
      0000FB 00                     307 	.db #0x00	; 0
      0000FC 44                     308 	.db #0x44	; 68	'D'
      0000FD 00                     309 	.db #0x00	; 0
      0000FE 78                     310 	.db #0x78	; 120	'x'
      0000FF 00                     311 	.db #0x00	; 0
      000100 40                     312 	.db #0x40	; 64
      000101 00                     313 	.db #0x00	; 0
      000102 40                     314 	.db #0x40	; 64
      000103 00                     315 	.db #0x00	; 0
      000104 40                     316 	.db #0x40	; 64
      000105 00                     317 	.db #0x00	; 0
      000106 00                     318 	.db #0x00	; 0
      000107 00                     319 	.db #0x00	; 0
      000108 38                     320 	.db #0x38	; 56	'8'
      000109 00                     321 	.db #0x00	; 0
      00010A 44                     322 	.db #0x44	; 68	'D'
      00010B 00                     323 	.db #0x00	; 0
      00010C 44                     324 	.db #0x44	; 68	'D'
      00010D 00                     325 	.db #0x00	; 0
      00010E 44                     326 	.db #0x44	; 68	'D'
      00010F 00                     327 	.db #0x00	; 0
      000110 54                     328 	.db #0x54	; 84	'T'
      000111 00                     329 	.db #0x00	; 0
      000112 54                     330 	.db #0x54	; 84	'T'
      000113 00                     331 	.db #0x00	; 0
      000114 38                     332 	.db #0x38	; 56	'8'
      000115 00                     333 	.db #0x00	; 0
      000116 04                     334 	.db #0x04	; 4
      000117 00                     335 	.db #0x00	; 0
      000118 78                     336 	.db #0x78	; 120	'x'
      000119 00                     337 	.db #0x00	; 0
      00011A 44                     338 	.db #0x44	; 68	'D'
      00011B 00                     339 	.db #0x00	; 0
      00011C 44                     340 	.db #0x44	; 68	'D'
      00011D 00                     341 	.db #0x00	; 0
      00011E 78                     342 	.db #0x78	; 120	'x'
      00011F 00                     343 	.db #0x00	; 0
      000120 50                     344 	.db #0x50	; 80	'P'
      000121 00                     345 	.db #0x00	; 0
      000122 48                     346 	.db #0x48	; 72	'H'
      000123 00                     347 	.db #0x00	; 0
      000124 44                     348 	.db #0x44	; 68	'D'
      000125 00                     349 	.db #0x00	; 0
      000126 00                     350 	.db #0x00	; 0
      000127 00                     351 	.db #0x00	; 0
      000128 38                     352 	.db #0x38	; 56	'8'
      000129 00                     353 	.db #0x00	; 0
      00012A 44                     354 	.db #0x44	; 68	'D'
      00012B 00                     355 	.db #0x00	; 0
      00012C 40                     356 	.db #0x40	; 64
      00012D 00                     357 	.db #0x00	; 0
      00012E 38                     358 	.db #0x38	; 56	'8'
      00012F 00                     359 	.db #0x00	; 0
      000130 04                     360 	.db #0x04	; 4
      000131 00                     361 	.db #0x00	; 0
      000132 44                     362 	.db #0x44	; 68	'D'
      000133 00                     363 	.db #0x00	; 0
      000134 38                     364 	.db #0x38	; 56	'8'
      000135 00                     365 	.db #0x00	; 0
      000136 00                     366 	.db #0x00	; 0
      000137 00                     367 	.db #0x00	; 0
      000138 7C                     368 	.db #0x7c	; 124
      000139 00                     369 	.db #0x00	; 0
      00013A 10                     370 	.db #0x10	; 16
      00013B 00                     371 	.db #0x00	; 0
      00013C 10                     372 	.db #0x10	; 16
      00013D 00                     373 	.db #0x00	; 0
      00013E 10                     374 	.db #0x10	; 16
      00013F 00                     375 	.db #0x00	; 0
      000140 10                     376 	.db #0x10	; 16
      000141 00                     377 	.db #0x00	; 0
      000142 10                     378 	.db #0x10	; 16
      000143 00                     379 	.db #0x00	; 0
      000144 10                     380 	.db #0x10	; 16
      000145 00                     381 	.db #0x00	; 0
      000146 00                     382 	.db #0x00	; 0
      000147 00                     383 	.db #0x00	; 0
      000148 44                     384 	.db #0x44	; 68	'D'
      000149 00                     385 	.db #0x00	; 0
      00014A 44                     386 	.db #0x44	; 68	'D'
      00014B 00                     387 	.db #0x00	; 0
      00014C 44                     388 	.db #0x44	; 68	'D'
      00014D 00                     389 	.db #0x00	; 0
      00014E 44                     390 	.db #0x44	; 68	'D'
      00014F 00                     391 	.db #0x00	; 0
      000150 44                     392 	.db #0x44	; 68	'D'
      000151 00                     393 	.db #0x00	; 0
      000152 44                     394 	.db #0x44	; 68	'D'
      000153 00                     395 	.db #0x00	; 0
      000154 38                     396 	.db #0x38	; 56	'8'
      000155 00                     397 	.db #0x00	; 0
      000156 00                     398 	.db #0x00	; 0
      000157 00                     399 	.db #0x00	; 0
      000158 44                     400 	.db #0x44	; 68	'D'
      000159 00                     401 	.db #0x00	; 0
      00015A 44                     402 	.db #0x44	; 68	'D'
      00015B 00                     403 	.db #0x00	; 0
      00015C 44                     404 	.db #0x44	; 68	'D'
      00015D 00                     405 	.db #0x00	; 0
      00015E 44                     406 	.db #0x44	; 68	'D'
      00015F 00                     407 	.db #0x00	; 0
      000160 28                     408 	.db #0x28	; 40
      000161 00                     409 	.db #0x00	; 0
      000162 28                     410 	.db #0x28	; 40
      000163 00                     411 	.db #0x00	; 0
      000164 10                     412 	.db #0x10	; 16
      000165 00                     413 	.db #0x00	; 0
      000166 00                     414 	.db #0x00	; 0
      000167 00                     415 	.db #0x00	; 0
      000168 44                     416 	.db #0x44	; 68	'D'
      000169 00                     417 	.db #0x00	; 0
      00016A 44                     418 	.db #0x44	; 68	'D'
      00016B 00                     419 	.db #0x00	; 0
      00016C 44                     420 	.db #0x44	; 68	'D'
      00016D 00                     421 	.db #0x00	; 0
      00016E 54                     422 	.db #0x54	; 84	'T'
      00016F 00                     423 	.db #0x00	; 0
      000170 54                     424 	.db #0x54	; 84	'T'
      000171 00                     425 	.db #0x00	; 0
      000172 6C                     426 	.db #0x6c	; 108	'l'
      000173 00                     427 	.db #0x00	; 0
      000174 44                     428 	.db #0x44	; 68	'D'
      000175 00                     429 	.db #0x00	; 0
      000176 00                     430 	.db #0x00	; 0
      000177 00                     431 	.db #0x00	; 0
      000178 42                     432 	.db #0x42	; 66	'B'
      000179 00                     433 	.db #0x00	; 0
      00017A 24                     434 	.db #0x24	; 36
      00017B 00                     435 	.db #0x00	; 0
      00017C 18                     436 	.db #0x18	; 24
      00017D 00                     437 	.db #0x00	; 0
      00017E 18                     438 	.db #0x18	; 24
      00017F 00                     439 	.db #0x00	; 0
      000180 18                     440 	.db #0x18	; 24
      000181 00                     441 	.db #0x00	; 0
      000182 24                     442 	.db #0x24	; 36
      000183 00                     443 	.db #0x00	; 0
      000184 42                     444 	.db #0x42	; 66	'B'
      000185 00                     445 	.db #0x00	; 0
      000186 00                     446 	.db #0x00	; 0
      000187 00                     447 	.db #0x00	; 0
      000188 22                     448 	.db #0x22	; 34
      000189 00                     449 	.db #0x00	; 0
      00018A 22                     450 	.db #0x22	; 34
      00018B 00                     451 	.db #0x00	; 0
      00018C 22                     452 	.db #0x22	; 34
      00018D 00                     453 	.db #0x00	; 0
      00018E 14                     454 	.db #0x14	; 20
      00018F 00                     455 	.db #0x00	; 0
      000190 08                     456 	.db #0x08	; 8
      000191 00                     457 	.db #0x00	; 0
      000192 08                     458 	.db #0x08	; 8
      000193 00                     459 	.db #0x00	; 0
      000194 08                     460 	.db #0x08	; 8
      000195 00                     461 	.db #0x00	; 0
      000196 00                     462 	.db #0x00	; 0
      000197 00                     463 	.db #0x00	; 0
      000198 78                     464 	.db #0x78	; 120	'x'
      000199 00                     465 	.db #0x00	; 0
      00019A 08                     466 	.db #0x08	; 8
      00019B 00                     467 	.db #0x00	; 0
      00019C 10                     468 	.db #0x10	; 16
      00019D 00                     469 	.db #0x00	; 0
      00019E 10                     470 	.db #0x10	; 16
      00019F 00                     471 	.db #0x00	; 0
      0001A0 20                     472 	.db #0x20	; 32
      0001A1 00                     473 	.db #0x00	; 0
      0001A2 40                     474 	.db #0x40	; 64
      0001A3 00                     475 	.db #0x00	; 0
      0001A4 78                     476 	.db #0x78	; 120	'x'
      0001A5 00                     477 	.db #0x00	; 0
      0001A6 00                     478 	.db #0x00	; 0
      0001A7 00                     479 	.db #0x00	; 0
      0001A8 38                     480 	.db #0x38	; 56	'8'
      0001A9 00                     481 	.db #0x00	; 0
      0001AA 44                     482 	.db #0x44	; 68	'D'
      0001AB 00                     483 	.db #0x00	; 0
      0001AC 64                     484 	.db #0x64	; 100	'd'
      0001AD 00                     485 	.db #0x00	; 0
      0001AE 54                     486 	.db #0x54	; 84	'T'
      0001AF 00                     487 	.db #0x00	; 0
      0001B0 4C                     488 	.db #0x4c	; 76	'L'
      0001B1 00                     489 	.db #0x00	; 0
      0001B2 44                     490 	.db #0x44	; 68	'D'
      0001B3 00                     491 	.db #0x00	; 0
      0001B4 38                     492 	.db #0x38	; 56	'8'
      0001B5 00                     493 	.db #0x00	; 0
      0001B6 00                     494 	.db #0x00	; 0
      0001B7 00                     495 	.db #0x00	; 0
      0001B8 10                     496 	.db #0x10	; 16
      0001B9 00                     497 	.db #0x00	; 0
      0001BA 30                     498 	.db #0x30	; 48	'0'
      0001BB 00                     499 	.db #0x00	; 0
      0001BC 10                     500 	.db #0x10	; 16
      0001BD 00                     501 	.db #0x00	; 0
      0001BE 10                     502 	.db #0x10	; 16
      0001BF 00                     503 	.db #0x00	; 0
      0001C0 10                     504 	.db #0x10	; 16
      0001C1 00                     505 	.db #0x00	; 0
      0001C2 10                     506 	.db #0x10	; 16
      0001C3 00                     507 	.db #0x00	; 0
      0001C4 38                     508 	.db #0x38	; 56	'8'
      0001C5 00                     509 	.db #0x00	; 0
      0001C6 00                     510 	.db #0x00	; 0
      0001C7 00                     511 	.db #0x00	; 0
      0001C8 38                     512 	.db #0x38	; 56	'8'
      0001C9 00                     513 	.db #0x00	; 0
      0001CA 44                     514 	.db #0x44	; 68	'D'
      0001CB 00                     515 	.db #0x00	; 0
      0001CC 04                     516 	.db #0x04	; 4
      0001CD 00                     517 	.db #0x00	; 0
      0001CE 18                     518 	.db #0x18	; 24
      0001CF 00                     519 	.db #0x00	; 0
      0001D0 20                     520 	.db #0x20	; 32
      0001D1 00                     521 	.db #0x00	; 0
      0001D2 40                     522 	.db #0x40	; 64
      0001D3 00                     523 	.db #0x00	; 0
      0001D4 7C                     524 	.db #0x7c	; 124
      0001D5 00                     525 	.db #0x00	; 0
      0001D6 00                     526 	.db #0x00	; 0
      0001D7 00                     527 	.db #0x00	; 0
      0001D8 7C                     528 	.db #0x7c	; 124
      0001D9 00                     529 	.db #0x00	; 0
      0001DA 04                     530 	.db #0x04	; 4
      0001DB 00                     531 	.db #0x00	; 0
      0001DC 08                     532 	.db #0x08	; 8
      0001DD 00                     533 	.db #0x00	; 0
      0001DE 18                     534 	.db #0x18	; 24
      0001DF 00                     535 	.db #0x00	; 0
      0001E0 04                     536 	.db #0x04	; 4
      0001E1 00                     537 	.db #0x00	; 0
      0001E2 44                     538 	.db #0x44	; 68	'D'
      0001E3 00                     539 	.db #0x00	; 0
      0001E4 38                     540 	.db #0x38	; 56	'8'
      0001E5 00                     541 	.db #0x00	; 0
      0001E6 00                     542 	.db #0x00	; 0
      0001E7 00                     543 	.db #0x00	; 0
      0001E8 44                     544 	.db #0x44	; 68	'D'
      0001E9 00                     545 	.db #0x00	; 0
      0001EA 44                     546 	.db #0x44	; 68	'D'
      0001EB 00                     547 	.db #0x00	; 0
      0001EC 44                     548 	.db #0x44	; 68	'D'
      0001ED 00                     549 	.db #0x00	; 0
      0001EE 7C                     550 	.db #0x7c	; 124
      0001EF 00                     551 	.db #0x00	; 0
      0001F0 04                     552 	.db #0x04	; 4
      0001F1 00                     553 	.db #0x00	; 0
      0001F2 04                     554 	.db #0x04	; 4
      0001F3 00                     555 	.db #0x00	; 0
      0001F4 04                     556 	.db #0x04	; 4
      0001F5 00                     557 	.db #0x00	; 0
      0001F6 00                     558 	.db #0x00	; 0
      0001F7 00                     559 	.db #0x00	; 0
      0001F8 7C                     560 	.db #0x7c	; 124
      0001F9 00                     561 	.db #0x00	; 0
      0001FA 40                     562 	.db #0x40	; 64
      0001FB 00                     563 	.db #0x00	; 0
      0001FC 40                     564 	.db #0x40	; 64
      0001FD 00                     565 	.db #0x00	; 0
      0001FE 38                     566 	.db #0x38	; 56	'8'
      0001FF 00                     567 	.db #0x00	; 0
      000200 04                     568 	.db #0x04	; 4
      000201 00                     569 	.db #0x00	; 0
      000202 44                     570 	.db #0x44	; 68	'D'
      000203 00                     571 	.db #0x00	; 0
      000204 38                     572 	.db #0x38	; 56	'8'
      000205 00                     573 	.db #0x00	; 0
      000206 00                     574 	.db #0x00	; 0
      000207 00                     575 	.db #0x00	; 0
      000208 38                     576 	.db #0x38	; 56	'8'
      000209 00                     577 	.db #0x00	; 0
      00020A 40                     578 	.db #0x40	; 64
      00020B 00                     579 	.db #0x00	; 0
      00020C 40                     580 	.db #0x40	; 64
      00020D 00                     581 	.db #0x00	; 0
      00020E 78                     582 	.db #0x78	; 120	'x'
      00020F 00                     583 	.db #0x00	; 0
      000210 44                     584 	.db #0x44	; 68	'D'
      000211 00                     585 	.db #0x00	; 0
      000212 44                     586 	.db #0x44	; 68	'D'
      000213 00                     587 	.db #0x00	; 0
      000214 38                     588 	.db #0x38	; 56	'8'
      000215 00                     589 	.db #0x00	; 0
      000216 00                     590 	.db #0x00	; 0
      000217 00                     591 	.db #0x00	; 0
      000218 7C                     592 	.db #0x7c	; 124
      000219 00                     593 	.db #0x00	; 0
      00021A 04                     594 	.db #0x04	; 4
      00021B 00                     595 	.db #0x00	; 0
      00021C 04                     596 	.db #0x04	; 4
      00021D 00                     597 	.db #0x00	; 0
      00021E 04                     598 	.db #0x04	; 4
      00021F 00                     599 	.db #0x00	; 0
      000220 04                     600 	.db #0x04	; 4
      000221 00                     601 	.db #0x00	; 0
      000222 04                     602 	.db #0x04	; 4
      000223 00                     603 	.db #0x00	; 0
      000224 04                     604 	.db #0x04	; 4
      000225 00                     605 	.db #0x00	; 0
      000226 00                     606 	.db #0x00	; 0
      000227 00                     607 	.db #0x00	; 0
      000228 38                     608 	.db #0x38	; 56	'8'
      000229 00                     609 	.db #0x00	; 0
      00022A 44                     610 	.db #0x44	; 68	'D'
      00022B 00                     611 	.db #0x00	; 0
      00022C 44                     612 	.db #0x44	; 68	'D'
      00022D 00                     613 	.db #0x00	; 0
      00022E 38                     614 	.db #0x38	; 56	'8'
      00022F 00                     615 	.db #0x00	; 0
      000230 44                     616 	.db #0x44	; 68	'D'
      000231 00                     617 	.db #0x00	; 0
      000232 44                     618 	.db #0x44	; 68	'D'
      000233 00                     619 	.db #0x00	; 0
      000234 38                     620 	.db #0x38	; 56	'8'
      000235 00                     621 	.db #0x00	; 0
      000236 00                     622 	.db #0x00	; 0
      000237 00                     623 	.db #0x00	; 0
      000238 78                     624 	.db #0x78	; 120	'x'
      000239 00                     625 	.db #0x00	; 0
      00023A 48                     626 	.db #0x48	; 72	'H'
      00023B 00                     627 	.db #0x00	; 0
      00023C 48                     628 	.db #0x48	; 72	'H'
      00023D 00                     629 	.db #0x00	; 0
      00023E 78                     630 	.db #0x78	; 120	'x'
      00023F 00                     631 	.db #0x00	; 0
      000240 08                     632 	.db #0x08	; 8
      000241 00                     633 	.db #0x00	; 0
      000242 08                     634 	.db #0x08	; 8
      000243 00                     635 	.db #0x00	; 0
      000244 08                     636 	.db #0x08	; 8
      000245 00                     637 	.db #0x00	; 0
      000246 00                     638 	.db #0x00	; 0
      000247 00                     639 	.db #0x00	; 0
      000248 00                     640 	.db #0x00	; 0
      000249 00                     641 	.db #0x00	; 0
      00024A 00                     642 	.db #0x00	; 0
      00024B 00                     643 	.db #0x00	; 0
      00024C 00                     644 	.db #0x00	; 0
      00024D 00                     645 	.db #0x00	; 0
      00024E 00                     646 	.db #0x00	; 0
      00024F 00                     647 	.db #0x00	; 0
      000250 00                     648 	.db #0x00	; 0
      000251 00                     649 	.db #0x00	; 0
      000252 60                     650 	.db #0x60	; 96
      000253 00                     651 	.db #0x00	; 0
      000254 60                     652 	.db #0x60	; 96
      000255 00                     653 	.db #0x00	; 0
      000256 00                     654 	.db #0x00	; 0
      000257 00                     655 	.db #0x00	; 0
      000258 00                     656 	.db #0x00	; 0
      000259 00                     657 	.db #0x00	; 0
      00025A 00                     658 	.db #0x00	; 0
      00025B 00                     659 	.db #0x00	; 0
      00025C 00                     660 	.db #0x00	; 0
      00025D 00                     661 	.db #0x00	; 0
      00025E 3E                     662 	.db #0x3e	; 62
      00025F 00                     663 	.db #0x00	; 0
      000260 00                     664 	.db #0x00	; 0
      000261 00                     665 	.db #0x00	; 0
      000262 00                     666 	.db #0x00	; 0
      000263 00                     667 	.db #0x00	; 0
      000264 00                     668 	.db #0x00	; 0
      000265 00                     669 	.db #0x00	; 0
      000266 00                     670 	.db #0x00	; 0
      000267 00                     671 	.db #0x00	; 0
      000268 00                     672 	.db #0x00	; 0
      000269 00                     673 	.db #0x00	; 0
      00026A 00                     674 	.db #0x00	; 0
      00026B 00                     675 	.db #0x00	; 0
      00026C 7E                     676 	.db #0x7e	; 126
      00026D 00                     677 	.db #0x00	; 0
      00026E 00                     678 	.db #0x00	; 0
      00026F 00                     679 	.db #0x00	; 0
      000270 7E                     680 	.db #0x7e	; 126
      000271 00                     681 	.db #0x00	; 0
      000272 00                     682 	.db #0x00	; 0
      000273 00                     683 	.db #0x00	; 0
      000274 00                     684 	.db #0x00	; 0
      000275 00                     685 	.db #0x00	; 0
      000276 00                     686 	.db #0x00	; 0
      000277 00                     687 	.db #0x00	; 0
      000278 08                     688 	.db #0x08	; 8
      000279 00                     689 	.db #0x00	; 0
      00027A 2A                     690 	.db #0x2a	; 42
      00027B 00                     691 	.db #0x00	; 0
      00027C 1C                     692 	.db #0x1c	; 28
      00027D 00                     693 	.db #0x00	; 0
      00027E 08                     694 	.db #0x08	; 8
      00027F 00                     695 	.db #0x00	; 0
      000280 1C                     696 	.db #0x1c	; 28
      000281 00                     697 	.db #0x00	; 0
      000282 2A                     698 	.db #0x2a	; 42
      000283 00                     699 	.db #0x00	; 0
      000284 08                     700 	.db #0x08	; 8
      000285 00                     701 	.db #0x00	; 0
      000286 00                     702 	.db #0x00	; 0
      000287 00                     703 	.db #0x00	; 0
      000288 38                     704 	.db #0x38	; 56	'8'
      000289 00                     705 	.db #0x00	; 0
      00028A 44                     706 	.db #0x44	; 68	'D'
      00028B 00                     707 	.db #0x00	; 0
      00028C 08                     708 	.db #0x08	; 8
      00028D 00                     709 	.db #0x00	; 0
      00028E 10                     710 	.db #0x10	; 16
      00028F 00                     711 	.db #0x00	; 0
      000290 10                     712 	.db #0x10	; 16
      000291 00                     713 	.db #0x00	; 0
      000292 00                     714 	.db #0x00	; 0
      000293 00                     715 	.db #0x00	; 0
      000294 10                     716 	.db #0x10	; 16
      000295 00                     717 	.db #0x00	; 0
      000296 00                     718 	.db #0x00	; 0
      000297 00                     719 	.db #0x00	; 0
      000298 20                     720 	.db #0x20	; 32
      000299 00                     721 	.db #0x00	; 0
      00029A 20                     722 	.db #0x20	; 32
      00029B 00                     723 	.db #0x00	; 0
      00029C 20                     724 	.db #0x20	; 32
      00029D 00                     725 	.db #0x00	; 0
      00029E 20                     726 	.db #0x20	; 32
      00029F 00                     727 	.db #0x00	; 0
      0002A0 20                     728 	.db #0x20	; 32
      0002A1 00                     729 	.db #0x00	; 0
      0002A2 00                     730 	.db #0x00	; 0
      0002A3 00                     731 	.db #0x00	; 0
      0002A4 20                     732 	.db #0x20	; 32
      0002A5 00                     733 	.db #0x00	; 0
      0002A6 00                     734 	.db #0x00	; 0
      0002A7 00                     735 	.db #0x00	; 0
      0002A8 00                     736 	.db #0x00	; 0
      0002A9 00                     737 	.db #0x00	; 0
      0002AA 00                     738 	.db #0x00	; 0
      0002AB 00                     739 	.db #0x00	; 0
      0002AC 00                     740 	.db #0x00	; 0
      0002AD 00                     741 	.db #0x00	; 0
      0002AE 00                     742 	.db #0x00	; 0
      0002AF 00                     743 	.db #0x00	; 0
      0002B0 00                     744 	.db #0x00	; 0
      0002B1 00                     745 	.db #0x00	; 0
      0002B2 00                     746 	.db #0x00	; 0
      0002B3 00                     747 	.db #0x00	; 0
      0002B4 00                     748 	.db #0x00	; 0
      0002B5 00                     749 	.db #0x00	; 0
      0002B6 00                     750 	.db #0x00	; 0
      0002B7 00                     751 	.db #0x00	; 0
      0002B8                        752 _SpaceInvadersFont_tile_pals:
      0002B8 00                     753 	.db #0x00	; 0
      0002B9 00                     754 	.db #0x00	; 0
      0002BA 00                     755 	.db #0x00	; 0
      0002BB 00                     756 	.db #0x00	; 0
      0002BC 00                     757 	.db #0x00	; 0
      0002BD 00                     758 	.db #0x00	; 0
      0002BE 00                     759 	.db #0x00	; 0
      0002BF 00                     760 	.db #0x00	; 0
      0002C0 00                     761 	.db #0x00	; 0
      0002C1 00                     762 	.db #0x00	; 0
      0002C2 00                     763 	.db #0x00	; 0
      0002C3 00                     764 	.db #0x00	; 0
      0002C4 00                     765 	.db #0x00	; 0
      0002C5 00                     766 	.db #0x00	; 0
      0002C6 00                     767 	.db #0x00	; 0
      0002C7 00                     768 	.db #0x00	; 0
      0002C8 00                     769 	.db #0x00	; 0
      0002C9 00                     770 	.db #0x00	; 0
      0002CA 00                     771 	.db #0x00	; 0
      0002CB 00                     772 	.db #0x00	; 0
      0002CC 00                     773 	.db #0x00	; 0
      0002CD 00                     774 	.db #0x00	; 0
      0002CE 00                     775 	.db #0x00	; 0
      0002CF 00                     776 	.db #0x00	; 0
      0002D0 00                     777 	.db #0x00	; 0
      0002D1 00                     778 	.db #0x00	; 0
      0002D2 00                     779 	.db #0x00	; 0
      0002D3 00                     780 	.db #0x00	; 0
      0002D4 00                     781 	.db #0x00	; 0
      0002D5 00                     782 	.db #0x00	; 0
      0002D6 00                     783 	.db #0x00	; 0
      0002D7 00                     784 	.db #0x00	; 0
      0002D8 00                     785 	.db #0x00	; 0
      0002D9 00                     786 	.db #0x00	; 0
      0002DA 00                     787 	.db #0x00	; 0
      0002DB 00                     788 	.db #0x00	; 0
      0002DC 00                     789 	.db #0x00	; 0
      0002DD 00                     790 	.db #0x00	; 0
      0002DE 00                     791 	.db #0x00	; 0
      0002DF 00                     792 	.db #0x00	; 0
      0002E0 00                     793 	.db #0x00	; 0
      0002E1 00                     794 	.db #0x00	; 0
      0002E2 00                     795 	.db #0x00	; 0
      0002E3                        796 _SpaceInvadersFont_map:
      0002E3 00                     797 	.db #0x00	; 0
      0002E4 01                     798 	.db #0x01	; 1
      0002E5 02                     799 	.db #0x02	; 2
      0002E6 03                     800 	.db #0x03	; 3
      0002E7 04                     801 	.db #0x04	; 4
      0002E8 05                     802 	.db #0x05	; 5
      0002E9 06                     803 	.db #0x06	; 6
      0002EA 07                     804 	.db #0x07	; 7
      0002EB 08                     805 	.db #0x08	; 8
      0002EC 09                     806 	.db #0x09	; 9
      0002ED 0A                     807 	.db #0x0a	; 10
      0002EE 0B                     808 	.db #0x0b	; 11
      0002EF 0C                     809 	.db #0x0c	; 12
      0002F0 0D                     810 	.db #0x0d	; 13
      0002F1 0E                     811 	.db #0x0e	; 14
      0002F2 0F                     812 	.db #0x0f	; 15
      0002F3 10                     813 	.db #0x10	; 16
      0002F4 11                     814 	.db #0x11	; 17
      0002F5 12                     815 	.db #0x12	; 18
      0002F6 13                     816 	.db #0x13	; 19
      0002F7 14                     817 	.db #0x14	; 20
      0002F8 15                     818 	.db #0x15	; 21
      0002F9 16                     819 	.db #0x16	; 22
      0002FA 17                     820 	.db #0x17	; 23
      0002FB 18                     821 	.db #0x18	; 24
      0002FC 19                     822 	.db #0x19	; 25
      0002FD 1A                     823 	.db #0x1a	; 26
      0002FE 1B                     824 	.db #0x1b	; 27
      0002FF 1C                     825 	.db #0x1c	; 28
      000300 1D                     826 	.db #0x1d	; 29
      000301 1E                     827 	.db #0x1e	; 30
      000302 1F                     828 	.db #0x1f	; 31
      000303 20                     829 	.db #0x20	; 32
      000304 21                     830 	.db #0x21	; 33
      000305 22                     831 	.db #0x22	; 34
      000306 23                     832 	.db #0x23	; 35
      000307 24                     833 	.db #0x24	; 36
      000308 25                     834 	.db #0x25	; 37
      000309 26                     835 	.db #0x26	; 38
      00030A 27                     836 	.db #0x27	; 39
      00030B 28                     837 	.db #0x28	; 40
      00030C 29                     838 	.db #0x29	; 41
      00030D 2A                     839 	.db #0x2a	; 42
      00030E 2A                     840 	.db #0x2a	; 42
      00030F 2A                     841 	.db #0x2a	; 42
      000310 2A                     842 	.db #0x2a	; 42
      000311 2A                     843 	.db #0x2a	; 42
      000312 2A                     844 	.db #0x2a	; 42
      000313 2A                     845 	.db #0x2a	; 42
      000314 2A                     846 	.db #0x2a	; 42
      000315 2A                     847 	.db #0x2a	; 42
      000316 2A                     848 	.db #0x2a	; 42
                                    849 	.area _INITIALIZER
                                    850 	.area _CABS (ABS)
