                                      1 ;--------------------------------------------------------
                                      2 ; File Created by SDCC : free open source ANSI-C Compiler
                                      3 ; Version 4.1.6 #12539 (MINGW32)
                                      4 ;--------------------------------------------------------
                                      5 	.module Alien
                                      6 	.optsdcc -mgbz80
                                      7 	
                                      8 ;--------------------------------------------------------
                                      9 ; Public variables in this module
                                     10 ;--------------------------------------------------------
                                     11 	.globl _Alien_metasprites
                                     12 	.globl _Alien_metasprite0
                                     13 	.globl _Alien_tiles
                                     14 	.globl _Alien_palettes
                                     15 	.globl b___func_Alien
                                     16 	.globl ___func_Alien
                                     17 ;--------------------------------------------------------
                                     18 ; special function registers
                                     19 ;--------------------------------------------------------
                                     20 ;--------------------------------------------------------
                                     21 ; ram data
                                     22 ;--------------------------------------------------------
                                     23 	.area _DATA
                                     24 ;--------------------------------------------------------
                                     25 ; ram data
                                     26 ;--------------------------------------------------------
                                     27 	.area _INITIALIZED
                                     28 ;--------------------------------------------------------
                                     29 ; absolute external ram data
                                     30 ;--------------------------------------------------------
                                     31 	.area _DABS (ABS)
                                     32 ;--------------------------------------------------------
                                     33 ; global & static initialisations
                                     34 ;--------------------------------------------------------
                                     35 	.area _HOME
                                     36 	.area _GSINIT
                                     37 	.area _GSFINAL
                                     38 	.area _GSINIT
                                     39 ;--------------------------------------------------------
                                     40 ; Home
                                     41 ;--------------------------------------------------------
                                     42 	.area _HOME
                                     43 	.area _HOME
                                     44 ;--------------------------------------------------------
                                     45 ; code
                                     46 ;--------------------------------------------------------
                                     47 	.area _CODE
                                     48 ;D:\Business\LaroldsJubilantJunkyard\game-remakes\space-invaders\source\gen\default\graphics\Alien.c:7: BANKREF(Alien)
                                     49 ;	---------------------------------
                                     50 ; Function __func_Alien
                                     51 ; ---------------------------------
                           000000    52 	b___func_Alien	= 0
      000000                         53 ___func_Alien::
                                     54 	.local b___func_Alien 
                           000000    55 	___bank_Alien = b___func_Alien 
                                     56 	.globl ___bank_Alien 
                                     57 	.area _CODE
      000000                         58 _Alien_palettes:
      000000 FF 7F                   59 	.dw #0x7fff
      000002 00 00                   60 	.dw #0x0000
      000004 0A 74                   61 	.dw #0x740a
      000006 07 00                   62 	.dw #0x0007
      000008                         63 _Alien_tiles:
      000008 01                      64 	.db #0x01	; 1
      000009 00                      65 	.db #0x00	; 0
      00000A 07                      66 	.db #0x07	; 7
      00000B 00                      67 	.db #0x00	; 0
      00000C 0F                      68 	.db #0x0f	; 15
      00000D 00                      69 	.db #0x00	; 0
      00000E 1F                      70 	.db #0x1f	; 31
      00000F 00                      71 	.db #0x00	; 0
      000010 3F                      72 	.db #0x3f	; 63
      000011 00                      73 	.db #0x00	; 0
      000012 75                      74 	.db #0x75	; 117	'u'
      000013 00                      75 	.db #0x00	; 0
      000014 FF                      76 	.db #0xff	; 255
      000015 00                      77 	.db #0x00	; 0
      000016 31                      78 	.db #0x31	; 49	'1'
      000017 00                      79 	.db #0x00	; 0
      000018 80                      80 	.db #0x80	; 128
      000019 00                      81 	.db #0x00	; 0
      00001A E0                      82 	.db #0xe0	; 224
      00001B 00                      83 	.db #0x00	; 0
      00001C F0                      84 	.db #0xf0	; 240
      00001D 00                      85 	.db #0x00	; 0
      00001E F8                      86 	.db #0xf8	; 248
      00001F 00                      87 	.db #0x00	; 0
      000020 FC                      88 	.db #0xfc	; 252
      000021 00                      89 	.db #0x00	; 0
      000022 5E                      90 	.db #0x5e	; 94
      000023 00                      91 	.db #0x00	; 0
      000024 FF                      92 	.db #0xff	; 255
      000025 00                      93 	.db #0x00	; 0
      000026 8C                      94 	.db #0x8c	; 140
      000027 00                      95 	.db #0x00	; 0
      000028                         96 _Alien_metasprite0:
      000028 FC                      97 	.db #0xfc	; -4
      000029 F8                      98 	.db #0xf8	; -8
      00002A 00                      99 	.db #0x00	; 0
      00002B 00                     100 	.db #0x00	; 0
      00002C 00                     101 	.db #0x00	;  0
      00002D 08                     102 	.db #0x08	;  8
      00002E 01                     103 	.db #0x01	; 1
      00002F 00                     104 	.db #0x00	; 0
      000030 80                     105 	.db #0x80	; -128
      000031 00                     106 	.db #0x00	;  0
      000032 00                     107 	.db #0x00	; 0
      000033 00                     108 	.db #0x00	; 0
      000034                        109 _Alien_metasprites:
      000034r28r00                  110 	.dw _Alien_metasprite0
                                    111 	.area _INITIALIZER
                                    112 	.area _CABS (ABS)
