                                      1 ;--------------------------------------------------------
                                      2 ; File Created by SDCC : free open source ANSI-C Compiler
                                      3 ; Version 4.1.6 #12539 (MINGW32)
                                      4 ;--------------------------------------------------------
                                      5 	.module invaders
                                      6 	.optsdcc -mgbz80
                                      7 	
                                      8 ;--------------------------------------------------------
                                      9 ; Public variables in this module
                                     10 ;--------------------------------------------------------
                                     11 	.globl _RandomNumber
                                     12 	.globl _SpawnEnemyBullet
                                     13 	.globl _set_bkg_tile_xy
                                     14 	.globl _set_bkg_tiles
                                     15 	.globl _shotTimer
                                     16 	.globl _invadersRemaining
                                     17 	.globl _topRow
                                     18 	.globl _slideDir
                                     19 	.globl _invaderCounter
                                     20 	.globl _invaderSpeed
                                     21 	.globl _invaders
                                     22 	.globl _SetupInvaders
                                     23 	.globl _GetInvaderForNode
                                     24 	.globl _UpdateInvaders
                                     25 ;--------------------------------------------------------
                                     26 ; special function registers
                                     27 ;--------------------------------------------------------
                                     28 ;--------------------------------------------------------
                                     29 ; ram data
                                     30 ;--------------------------------------------------------
                                     31 	.area _DATA
      000000                         32 _invaders::
      000000                         33 	.ds 160
      0000A0                         34 _invaderSpeed::
      0000A0                         35 	.ds 1
      0000A1                         36 _invaderCounter::
      0000A1                         37 	.ds 1
      0000A2                         38 _slideDir::
      0000A2                         39 	.ds 1
      0000A3                         40 _topRow::
      0000A3                         41 	.ds 1
      0000A4                         42 _invadersRemaining::
      0000A4                         43 	.ds 1
      0000A5                         44 _shotTimer::
      0000A5                         45 	.ds 1
                                     46 ;--------------------------------------------------------
                                     47 ; ram data
                                     48 ;--------------------------------------------------------
                                     49 	.area _INITIALIZED
                                     50 ;--------------------------------------------------------
                                     51 ; absolute external ram data
                                     52 ;--------------------------------------------------------
                                     53 	.area _DABS (ABS)
                                     54 ;--------------------------------------------------------
                                     55 ; global & static initialisations
                                     56 ;--------------------------------------------------------
                                     57 	.area _HOME
                                     58 	.area _GSINIT
                                     59 	.area _GSFINAL
                                     60 	.area _GSINIT
                                     61 ;--------------------------------------------------------
                                     62 ; Home
                                     63 ;--------------------------------------------------------
                                     64 	.area _HOME
                                     65 	.area _HOME
                                     66 ;--------------------------------------------------------
                                     67 ; code
                                     68 ;--------------------------------------------------------
                                     69 	.area _CODE
                                     70 ;source/default/invaders.c:19: void SetupInvaders(){
                                     71 ;	---------------------------------
                                     72 ; Function SetupInvaders
                                     73 ; ---------------------------------
      000000                         74 _SetupInvaders::
      000000 E8 F9                   75 	add	sp, #-7
                                     76 ;source/default/invaders.c:21: for(UINT8 i=0;i<40;i++){
      000002 F8 06                   77 	ldhl	sp,	#6
      000004 36 00                   78 	ld	(hl), #0x00
      000006                         79 00103$:
      000006 F8 06                   80 	ldhl	sp,	#6
                                     81 ;source/default/invaders.c:22: invaders[i].column=(i%8)*2+2;
      000008 7E                      82 	ld	a,(hl)
      000009 FE 28                   83 	cp	a,#0x28
      00000B D2r98r00                84 	jp	NC,00101$
      00000E F8 00                   85 	ldhl	sp,	#0
      000010 22                      86 	ld	(hl+), a
      000011 AF                      87 	xor	a, a
      000012 32                      88 	ld	(hl-), a
      000013 2A                      89 	ld	a, (hl+)
      000014 56                      90 	ld	d, (hl)
      000015 87                      91 	add	a, a
      000016 CB 12                   92 	rl	d
      000018 87                      93 	add	a, a
      000019 CB 12                   94 	rl	d
      00001B 5F                      95 	ld	e, a
      00001C 21r00r00                96 	ld	hl, #_invaders
      00001F 19                      97 	add	hl, de
      000020 E5                      98 	push	hl
      000021 7D                      99 	ld	a, l
      000022 F8 04                  100 	ldhl	sp,	#4
      000024 77                     101 	ld	(hl), a
      000025 E1                     102 	pop	hl
      000026 7C                     103 	ld	a, h
      000027 F8 03                  104 	ldhl	sp,	#3
      000029 77                     105 	ld	(hl), a
      00002A F8 00                  106 	ldhl	sp,	#0
      00002C 2A                     107 	ld	a, (hl+)
      00002D 23                     108 	inc	hl
      00002E E6 07                  109 	and	a, #0x07
      000030 87                     110 	add	a, a
      000031 C6 02                  111 	add	a, #0x02
      000033 4F                     112 	ld	c, a
      000034 2A                     113 	ld	a,	(hl+)
      000035 66                     114 	ld	h, (hl)
      000036 6F                     115 	ld	l, a
      000037 71                     116 	ld	(hl), c
                                    117 ;source/default/invaders.c:23: invaders[i].row=i/8;
      000038 F8 02                  118 	ldhl	sp,#2
      00003A 2A                     119 	ld	a, (hl+)
      00003B 5F                     120 	ld	e, a
      00003C 56                     121 	ld	d, (hl)
      00003D 6B                     122 	ld	l, e
      00003E 62                     123 	ld	h, d
      00003F 23                     124 	inc	hl
      000040 E5                     125 	push	hl
      000041 7D                     126 	ld	a, l
      000042 F8 06                  127 	ldhl	sp,	#6
      000044 77                     128 	ld	(hl), a
      000045 E1                     129 	pop	hl
      000046 7C                     130 	ld	a, h
      000047 F8 05                  131 	ldhl	sp,	#5
      000049 77                     132 	ld	(hl), a
      00004A C1                     133 	pop	bc
      00004B C5                     134 	push	bc
      00004C F8 01                  135 	ldhl	sp,	#1
      00004E CB 7E                  136 	bit	7, (hl)
      000050 28 08                  137 	jr	Z, 00107$
      000052 D1                     138 	pop	de
      000053 D5                     139 	push	de
      000054 21 07 00               140 	ld	hl, #0x0007
      000057 19                     141 	add	hl, de
      000058 4D                     142 	ld	c, l
      000059 44                     143 	ld	b, h
      00005A                        144 00107$:
      00005A CB 28                  145 	sra	b
      00005C CB 19                  146 	rr	c
      00005E CB 28                  147 	sra	b
      000060 CB 19                  148 	rr	c
      000062 CB 28                  149 	sra	b
      000064 CB 19                  150 	rr	c
      000066 F8 04                  151 	ldhl	sp,	#4
      000068 2A                     152 	ld	a,	(hl+)
      000069 66                     153 	ld	h, (hl)
      00006A 6F                     154 	ld	l, a
      00006B 71                     155 	ld	(hl), c
                                    156 ;source/default/invaders.c:24: invaders[i].slide=0;
      00006C F8 02                  157 	ldhl	sp,	#2
      00006E 2A                     158 	ld	a, (hl+)
      00006F 5F                     159 	ld	e, a
                                    160 ;source/default/invaders.c:25: invaders[i].active=1;
      000070 3A                     161 	ld	a, (hl-)
      000071 57                     162 	ld	d, a
      000072 13                     163 	inc	de
      000073 13                     164 	inc	de
      000074 13                     165 	inc	de
      000075 AF                     166 	xor	a, a
      000076 12                     167 	ld	(de), a
      000077 2A                     168 	ld	a, (hl+)
      000078 5F                     169 	ld	e, a
                                    170 ;source/default/invaders.c:27: set_bkg_tile_xy(invaders[i].column,invaders[i].row,21);
      000079 3A                     171 	ld	a, (hl-)
      00007A 57                     172 	ld	d, a
      00007B 13                     173 	inc	de
      00007C 13                     174 	inc	de
      00007D 3E 01                  175 	ld	a, #0x01
      00007F 12                     176 	ld	(de), a
      000080 2A                     177 	ld	a, (hl+)
      000081 5F                     178 	ld	e, a
      000082 56                     179 	ld	d, (hl)
      000083 1A                     180 	ld	a, (de)
      000084 26 15                  181 	ld	h, #0x15
                                    182 ;	spillPairReg hl
                                    183 ;	spillPairReg hl
      000086 E5                     184 	push	hl
      000087 33                     185 	inc	sp
      000088 61                     186 	ld	h, c
                                    187 ;	spillPairReg hl
                                    188 ;	spillPairReg hl
      000089 E5                     189 	push	hl
      00008A 33                     190 	inc	sp
      00008B F5                     191 	push	af
      00008C 33                     192 	inc	sp
      00008D CDr00r00               193 	call	_set_bkg_tile_xy
      000090 E8 03                  194 	add	sp, #3
                                    195 ;source/default/invaders.c:21: for(UINT8 i=0;i<40;i++){
      000092 F8 06                  196 	ldhl	sp,	#6
      000094 34                     197 	inc	(hl)
      000095 C3r06r00               198 	jp	00103$
      000098                        199 00101$:
                                    200 ;source/default/invaders.c:30: topRow=0;
      000098 21rA3r00               201 	ld	hl, #_topRow
      00009B 36 00                  202 	ld	(hl), #0x00
                                    203 ;source/default/invaders.c:31: shotTimer=SHOT_TIMER_MAX;
      00009D 21rA5r00               204 	ld	hl, #_shotTimer
      0000A0 36 32                  205 	ld	(hl), #0x32
                                    206 ;source/default/invaders.c:32: slideDir=-1;
      0000A2 21rA2r00               207 	ld	hl, #_slideDir
      0000A5 36 FF                  208 	ld	(hl), #0xff
                                    209 ;source/default/invaders.c:33: invaderCounter=0;
      0000A7 21rA1r00               210 	ld	hl, #_invaderCounter
      0000AA 36 00                  211 	ld	(hl), #0x00
                                    212 ;source/default/invaders.c:34: invaderSpeed=3;
      0000AC 21rA0r00               213 	ld	hl, #_invaderSpeed
      0000AF 36 03                  214 	ld	(hl), #0x03
                                    215 ;source/default/invaders.c:35: invadersRemaining=40;
      0000B1 21rA4r00               216 	ld	hl, #_invadersRemaining
      0000B4 36 28                  217 	ld	(hl), #0x28
                                    218 ;source/default/invaders.c:36: }
      0000B6 E8 07                  219 	add	sp, #7
      0000B8 C9                     220 	ret
                                    221 ;source/default/invaders.c:38: UINT8 GetInvaderForNode(UINT8 column, UINT8 row){
                                    222 ;	---------------------------------
                                    223 ; Function GetInvaderForNode
                                    224 ; ---------------------------------
      0000B9                        225 _GetInvaderForNode::
      0000B9 E8 F8                  226 	add	sp, #-8
                                    227 ;source/default/invaders.c:41: for(UINT8 i=0;i<40;i++){
      0000BB F8 00                  228 	ldhl	sp,	#0
      0000BD 36 00                  229 	ld	(hl), #0x00
      0000BF F8 07                  230 	ldhl	sp,	#7
      0000C1 36 00                  231 	ld	(hl), #0x00
      0000C3                        232 00120$:
      0000C3 F8 07                  233 	ldhl	sp,	#7
      0000C5 7E                     234 	ld	a, (hl)
      0000C6 D6 28                  235 	sub	a, #0x28
      0000C8 D2r85r01               236 	jp	NC, 00118$
                                    237 ;source/default/invaders.c:44: if(invaders[i].active==0)continue;
      0000CB 01r00r00               238 	ld	bc, #_invaders+0
      0000CE 6E                     239 	ld	l, (hl)
      0000CF 26 00                  240 	ld	h, #0x00
      0000D1 29                     241 	add	hl, hl
      0000D2 29                     242 	add	hl, hl
      0000D3 09                     243 	add	hl, bc
      0000D4 4D                     244 	ld	c, l
      0000D5 44                     245 	ld	b, h
      0000D6 59                     246 	ld	e, c
      0000D7 50                     247 	ld	d, b
      0000D8 13                     248 	inc	de
      0000D9 13                     249 	inc	de
      0000DA 1A                     250 	ld	a, (de)
      0000DB B7                     251 	or	a, a
      0000DC CAr7Br01               252 	jp	Z, 00117$
                                    253 ;source/default/invaders.c:53: if(column==invaders[i].column+1&&row==invaders[i].row)return i;
      0000DF 0A                     254 	ld	a, (bc)
      0000E0 F8 01                  255 	ldhl	sp,	#1
      0000E2 77                     256 	ld	(hl), a
                                    257 ;source/default/invaders.c:47: if(column==invaders[i].column&&row==invaders[i].row)return i;
      0000E3 69                     258 	ld	l, c
      0000E4 60                     259 	ld	h, b
      0000E5 23                     260 	inc	hl
      0000E6 E5                     261 	push	hl
      0000E7 7D                     262 	ld	a, l
      0000E8 F8 04                  263 	ldhl	sp,	#4
      0000EA 77                     264 	ld	(hl), a
      0000EB E1                     265 	pop	hl
      0000EC 7C                     266 	ld	a, h
      0000ED F8 03                  267 	ldhl	sp,	#3
      0000EF 77                     268 	ld	(hl), a
      0000F0 F8 0A                  269 	ldhl	sp,	#10
      0000F2 7E                     270 	ld	a, (hl)
      0000F3 F8 01                  271 	ldhl	sp,	#1
      0000F5 96                     272 	sub	a, (hl)
      0000F6 20 16                  273 	jr	NZ, 00104$
      0000F8 F8 02                  274 	ldhl	sp,#2
      0000FA 2A                     275 	ld	a, (hl+)
      0000FB 5F                     276 	ld	e, a
      0000FC 56                     277 	ld	d, (hl)
      0000FD 1A                     278 	ld	a, (de)
      0000FE F8 06                  279 	ldhl	sp,	#6
      000100 77                     280 	ld	(hl), a
      000101 F8 0B                  281 	ldhl	sp,	#11
      000103 7E                     282 	ld	a, (hl)
      000104 F8 06                  283 	ldhl	sp,	#6
      000106 96                     284 	sub	a, (hl)
      000107 20 05                  285 	jr	NZ, 00104$
      000109 F8 00                  286 	ldhl	sp,	#0
      00010B 5E                     287 	ld	e, (hl)
      00010C 18 79                  288 	jr	00121$
      00010E                        289 00104$:
                                    290 ;source/default/invaders.c:50: if(invaders[i].slide>0){
      00010E 03                     291 	inc	bc
      00010F 03                     292 	inc	bc
      000110 03                     293 	inc	bc
      000111 0A                     294 	ld	a, (bc)
      000112 F8 04                  295 	ldhl	sp,	#4
      000114 77                     296 	ld	(hl), a
                                    297 ;source/default/invaders.c:53: if(column==invaders[i].column+1&&row==invaders[i].row)return i;
      000115 F8 0A                  298 	ldhl	sp,	#10
      000117 7E                     299 	ld	a, (hl)
      000118 F8 05                  300 	ldhl	sp,	#5
      00011A 22                     301 	ld	(hl+), a
      00011B 36 00                  302 	ld	(hl), #0x00
      00011D F8 01                  303 	ldhl	sp,	#1
      00011F 4E                     304 	ld	c, (hl)
      000120 06 00                  305 	ld	b, #0x00
                                    306 ;source/default/invaders.c:50: if(invaders[i].slide>0){
      000122 F8 04                  307 	ldhl	sp,	#4
      000124 5E                     308 	ld	e, (hl)
      000125 AF                     309 	xor	a, a
      000126 57                     310 	ld	d, a
      000127 96                     311 	sub	a, (hl)
      000128 CB 7B                  312 	bit	7, e
      00012A 28 07                  313 	jr	Z, 00182$
      00012C CB 7A                  314 	bit	7, d
      00012E 20 08                  315 	jr	NZ, 00183$
      000130 BF                     316 	cp	a, a
      000131 18 05                  317 	jr	00183$
      000133                        318 00182$:
      000133 CB 7A                  319 	bit	7, d
      000135 28 01                  320 	jr	Z, 00183$
      000137 37                     321 	scf
      000138                        322 00183$:
      000138 30 1E                  323 	jr	NC, 00115$
                                    324 ;source/default/invaders.c:53: if(column==invaders[i].column+1&&row==invaders[i].row)return i;
      00013A 03                     325 	inc	bc
      00013B F8 05                  326 	ldhl	sp,	#5
      00013D 7E                     327 	ld	a, (hl)
      00013E 91                     328 	sub	a, c
      00013F 20 3A                  329 	jr	NZ, 00117$
      000141 23                     330 	inc	hl
      000142 7E                     331 	ld	a, (hl)
      000143 90                     332 	sub	a, b
      000144 20 35                  333 	jr	NZ, 00117$
      000146 F8 02                  334 	ldhl	sp,#2
      000148 2A                     335 	ld	a, (hl+)
      000149 5F                     336 	ld	e, a
      00014A 56                     337 	ld	d, (hl)
      00014B 1A                     338 	ld	a, (de)
      00014C 4F                     339 	ld	c, a
      00014D F8 0B                  340 	ldhl	sp,	#11
      00014F 7E                     341 	ld	a, (hl)
      000150 91                     342 	sub	a, c
      000151 20 28                  343 	jr	NZ, 00117$
      000153 F8 00                  344 	ldhl	sp,	#0
      000155 5E                     345 	ld	e, (hl)
      000156 18 2F                  346 	jr	00121$
      000158                        347 00115$:
                                    348 ;source/default/invaders.c:56: }else if(invaders[i].slide<0){
      000158 F8 04                  349 	ldhl	sp,	#4
      00015A CB 7E                  350 	bit	7, (hl)
      00015C 28 1D                  351 	jr	Z, 00117$
                                    352 ;source/default/invaders.c:59: if(column==invaders[i].column-1&&row==invaders[i].row)return i;
      00015E 23                     353 	inc	hl
      00015F 0B                     354 	dec	bc
      000160 7E                     355 	ld	a, (hl)
      000161 91                     356 	sub	a, c
      000162 20 17                  357 	jr	NZ, 00117$
      000164 23                     358 	inc	hl
      000165 7E                     359 	ld	a, (hl)
      000166 90                     360 	sub	a, b
      000167 20 12                  361 	jr	NZ, 00117$
      000169 F8 02                  362 	ldhl	sp,#2
      00016B 2A                     363 	ld	a, (hl+)
      00016C 5F                     364 	ld	e, a
      00016D 56                     365 	ld	d, (hl)
      00016E 1A                     366 	ld	a, (de)
      00016F 4F                     367 	ld	c, a
      000170 F8 0B                  368 	ldhl	sp,	#11
      000172 7E                     369 	ld	a, (hl)
      000173 91                     370 	sub	a, c
      000174 20 05                  371 	jr	NZ, 00117$
      000176 F8 00                  372 	ldhl	sp,	#0
      000178 5E                     373 	ld	e, (hl)
      000179 18 0C                  374 	jr	00121$
      00017B                        375 00117$:
                                    376 ;source/default/invaders.c:41: for(UINT8 i=0;i<40;i++){
      00017B F8 07                  377 	ldhl	sp,	#7
      00017D 34                     378 	inc	(hl)
      00017E 7E                     379 	ld	a, (hl)
      00017F F8 00                  380 	ldhl	sp,	#0
      000181 77                     381 	ld	(hl), a
      000182 C3rC3r00               382 	jp	00120$
      000185                        383 00118$:
                                    384 ;source/default/invaders.c:64: return 255;
      000185 1E FF                  385 	ld	e, #0xff
      000187                        386 00121$:
                                    387 ;source/default/invaders.c:65: }
      000187 E8 08                  388 	add	sp, #8
      000189 C9                     389 	ret
                                    390 ;source/default/invaders.c:67: UINT8 RandomNumber(UINT8 min, UINT8 max){
                                    391 ;	---------------------------------
                                    392 ; Function RandomNumber
                                    393 ; ---------------------------------
      00018A                        394 _RandomNumber::
                                    395 ;source/default/invaders.c:73: UINT8 v = (*(ptr_div_reg))+shadow_OAM[0].x+shadow_OAM[1].x+shadow_OAM[2].x+shadow_OAM[3].x+shadow_OAM[4].x;
      00018A 21 04 FF               396 	ld	hl, #0xff04
      00018D 4E                     397 	ld	c, (hl)
      00018E FAr01r00               398 	ld	a, (#(_shadow_OAM + 1) + 0)
      000191 81                     399 	add	a, c
      000192 4F                     400 	ld	c, a
      000193 FAr05r00               401 	ld	a, (#(_shadow_OAM + 5) + 0)
      000196 81                     402 	add	a, c
      000197 4F                     403 	ld	c, a
      000198 FAr09r00               404 	ld	a, (#(_shadow_OAM + 9) + 0)
      00019B 81                     405 	add	a, c
      00019C 4F                     406 	ld	c, a
      00019D FAr0Dr00               407 	ld	a, (#(_shadow_OAM + 13) + 0)
      0001A0 81                     408 	add	a, c
      0001A1 4F                     409 	ld	c, a
      0001A2 FAr11r00               410 	ld	a, (#(_shadow_OAM + 17) + 0)
      0001A5 81                     411 	add	a, c
      0001A6 4F                     412 	ld	c, a
                                    413 ;source/default/invaders.c:75: return min+(v % (max-min));    // get value at memory address
      0001A7 F8 03                  414 	ldhl	sp,	#3
      0001A9 3A                     415 	ld	a, (hl-)
      0001AA 06 00                  416 	ld	b, #0x00
      0001AC 5E                     417 	ld	e, (hl)
      0001AD 16 00                  418 	ld	d, #0x00
      0001AF 93                     419 	sub	a, e
      0001B0 5F                     420 	ld	e, a
      0001B1 78                     421 	ld	a, b
      0001B2 9A                     422 	sbc	a, d
      0001B3 06 00                  423 	ld	b, #0x00
      0001B5 57                     424 	ld	d, a
      0001B6 D5                     425 	push	de
      0001B7 C5                     426 	push	bc
      0001B8 CDr00r00               427 	call	__modsint
      0001BB E8 04                  428 	add	sp, #4
      0001BD F8 02                  429 	ldhl	sp,	#2
      0001BF 7E                     430 	ld	a, (hl)
      0001C0 83                     431 	add	a, e
      0001C1 5F                     432 	ld	e, a
                                    433 ;source/default/invaders.c:76: }
      0001C2 C9                     434 	ret
                                    435 ;source/default/invaders.c:78: void UpdateInvaders(){
                                    436 ;	---------------------------------
                                    437 ; Function UpdateInvaders
                                    438 ; ---------------------------------
      0001C3                        439 _UpdateInvaders::
      0001C3 E8 DE                  440 	add	sp, #-34
                                    441 ;source/default/invaders.c:80: UINT8 playerColumn=paddle.x/8;
      0001C5 FAr00r00               442 	ld	a, (#_paddle + 0)
      0001C8 4F                     443 	ld	c, a
      0001C9 06 00                  444 	ld	b, #0x00
      0001CB 69                     445 	ld	l, c
                                    446 ;	spillPairReg hl
                                    447 ;	spillPairReg hl
      0001CC 60                     448 	ld	h, b
                                    449 ;	spillPairReg hl
                                    450 ;	spillPairReg hl
      0001CD CB 78                  451 	bit	7, b
      0001CF 28 04                  452 	jr	Z, 00164$
      0001D1 21 07 00               453 	ld	hl, #0x0007
      0001D4 09                     454 	add	hl, bc
      0001D5                        455 00164$:
      0001D5 4D                     456 	ld	c, l
      0001D6 44                     457 	ld	b, h
      0001D7 CB 28                  458 	sra	b
      0001D9 CB 19                  459 	rr	c
      0001DB CB 28                  460 	sra	b
      0001DD CB 19                  461 	rr	c
      0001DF CB 28                  462 	sra	b
      0001E1 CB 19                  463 	rr	c
      0001E3 F8 0B                  464 	ldhl	sp,	#11
      0001E5 71                     465 	ld	(hl), c
                                    466 ;source/default/invaders.c:81: UINT8 playerRow=paddle.y/8;
      0001E6 FAr01r00               467 	ld	a, (#(_paddle + 1) + 0)
      0001E9 4F                     468 	ld	c, a
      0001EA 06 00                  469 	ld	b, #0x00
      0001EC 69                     470 	ld	l, c
                                    471 ;	spillPairReg hl
                                    472 ;	spillPairReg hl
      0001ED 60                     473 	ld	h, b
                                    474 ;	spillPairReg hl
                                    475 ;	spillPairReg hl
      0001EE CB 78                  476 	bit	7, b
      0001F0 28 04                  477 	jr	Z, 00165$
      0001F2 21 07 00               478 	ld	hl, #0x0007
      0001F5 09                     479 	add	hl, bc
      0001F6                        480 00165$:
      0001F6 4D                     481 	ld	c, l
      0001F7 44                     482 	ld	b, h
      0001F8 CB 28                  483 	sra	b
      0001FA CB 19                  484 	rr	c
      0001FC CB 28                  485 	sra	b
      0001FE CB 19                  486 	rr	c
      000200 CB 28                  487 	sra	b
      000202 CB 19                  488 	rr	c
      000204 F8 0C                  489 	ldhl	sp,	#12
                                    490 ;source/default/invaders.c:83: UINT8 anyInvaderHasReachedEndOfScreen=0;
      000206 79                     491 	ld	a, c
      000207 22                     492 	ld	(hl+), a
      000208 36 00                  493 	ld	(hl), #0x00
                                    494 ;source/default/invaders.c:85: invadersRemaining=0;
      00020A 21rA4r00               495 	ld	hl, #_invadersRemaining
      00020D 36 00                  496 	ld	(hl), #0x00
                                    497 ;source/default/invaders.c:86: invaderCounter++;
      00020F 21rA1r00               498 	ld	hl, #_invaderCounter
      000212 34                     499 	inc	(hl)
                                    500 ;source/default/invaders.c:87: if(shotTimer!=0)shotTimer--;
      000213 21rA5r00               501 	ld	hl, #_shotTimer
      000216 7E                     502 	ld	a, (hl)
      000217 B7                     503 	or	a, a
      000218 28 01                  504 	jr	Z, 00193$
      00021A 35                     505 	dec	(hl)
                                    506 ;source/default/invaders.c:89: for(UINT8 i=0;i<40;i++){
      00021B                        507 00193$:
      00021B F8 21                  508 	ldhl	sp,	#33
      00021D 36 00                  509 	ld	(hl), #0x00
      00021F                        510 00154$:
      00021F F8 21                  511 	ldhl	sp,	#33
      000221 7E                     512 	ld	a, (hl)
      000222 D6 28                  513 	sub	a, #0x28
      000224 D2r11r06               514 	jp	NC, 00145$
                                    515 ;source/default/invaders.c:91: unsigned char tiles[9] = {25,18,19,20,21,22,23,24,25};
      000227 F8 00                  516 	ldhl	sp,	#0
      000229 7D                     517 	ld	a, l
      00022A 54                     518 	ld	d, h
      00022B F8 0E                  519 	ldhl	sp,	#14
      00022D 22                     520 	ld	(hl+), a
      00022E 7A                     521 	ld	a, d
      00022F 32                     522 	ld	(hl-), a
      000230 2A                     523 	ld	a,	(hl+)
      000231 66                     524 	ld	h, (hl)
      000232 6F                     525 	ld	l, a
      000233 36 19                  526 	ld	(hl), #0x19
      000235 F8 0E                  527 	ldhl	sp,	#14
      000237 2A                     528 	ld	a, (hl+)
      000238 4F                     529 	ld	c, a
      000239 3A                     530 	ld	a, (hl-)
      00023A 47                     531 	ld	b, a
      00023B 03                     532 	inc	bc
      00023C 3E 12                  533 	ld	a, #0x12
      00023E 02                     534 	ld	(bc), a
      00023F 2A                     535 	ld	a, (hl+)
      000240 4F                     536 	ld	c, a
      000241 3A                     537 	ld	a, (hl-)
      000242 47                     538 	ld	b, a
      000243 03                     539 	inc	bc
      000244 03                     540 	inc	bc
      000245 3E 13                  541 	ld	a, #0x13
      000247 02                     542 	ld	(bc), a
      000248 2A                     543 	ld	a, (hl+)
      000249 4F                     544 	ld	c, a
      00024A 3A                     545 	ld	a, (hl-)
      00024B 47                     546 	ld	b, a
      00024C 03                     547 	inc	bc
      00024D 03                     548 	inc	bc
      00024E 03                     549 	inc	bc
      00024F 3E 14                  550 	ld	a, #0x14
      000251 02                     551 	ld	(bc), a
      000252 2A                     552 	ld	a, (hl+)
      000253 5F                     553 	ld	e, a
      000254 56                     554 	ld	d, (hl)
      000255 21 04 00               555 	ld	hl, #0x0004
      000258 19                     556 	add	hl, de
      000259 E5                     557 	push	hl
      00025A 7D                     558 	ld	a, l
      00025B F8 12                  559 	ldhl	sp,	#18
      00025D 77                     560 	ld	(hl), a
      00025E E1                     561 	pop	hl
      00025F 7C                     562 	ld	a, h
      000260 F8 11                  563 	ldhl	sp,	#17
      000262 32                     564 	ld	(hl-), a
      000263 2A                     565 	ld	a,	(hl+)
      000264 66                     566 	ld	h, (hl)
      000265 6F                     567 	ld	l, a
      000266 36 15                  568 	ld	(hl), #0x15
      000268 F8 0E                  569 	ldhl	sp,#14
      00026A 2A                     570 	ld	a, (hl+)
      00026B 5F                     571 	ld	e, a
      00026C 56                     572 	ld	d, (hl)
      00026D 21 05 00               573 	ld	hl, #0x0005
      000270 19                     574 	add	hl, de
      000271 36 16                  575 	ld	(hl), #0x16
      000273 F8 0E                  576 	ldhl	sp,#14
      000275 2A                     577 	ld	a, (hl+)
      000276 5F                     578 	ld	e, a
      000277 56                     579 	ld	d, (hl)
      000278 21 06 00               580 	ld	hl, #0x0006
      00027B 19                     581 	add	hl, de
      00027C 36 17                  582 	ld	(hl), #0x17
      00027E F8 0E                  583 	ldhl	sp,#14
      000280 2A                     584 	ld	a, (hl+)
      000281 5F                     585 	ld	e, a
      000282 56                     586 	ld	d, (hl)
      000283 21 07 00               587 	ld	hl, #0x0007
      000286 19                     588 	add	hl, de
      000287 36 18                  589 	ld	(hl), #0x18
      000289 F8 0E                  590 	ldhl	sp,#14
      00028B 2A                     591 	ld	a, (hl+)
      00028C 5F                     592 	ld	e, a
      00028D 56                     593 	ld	d, (hl)
      00028E 21 08 00               594 	ld	hl, #0x0008
      000291 19                     595 	add	hl, de
      000292 36 19                  596 	ld	(hl), #0x19
                                    597 ;source/default/invaders.c:93: unsigned char leftMiddleRight[2] = {0x0,0x0};
      000294 F8 09                  598 	ldhl	sp,	#9
      000296 7D                     599 	ld	a, l
      000297 54                     600 	ld	d, h
      000298 F8 12                  601 	ldhl	sp,	#18
      00029A 22                     602 	ld	(hl+), a
      00029B 7A                     603 	ld	a, d
      00029C 32                     604 	ld	(hl-), a
      00029D 2A                     605 	ld	a,	(hl+)
      00029E 66                     606 	ld	h, (hl)
      00029F 6F                     607 	ld	l, a
      0002A0 36 00                  608 	ld	(hl), #0x00
      0002A2 F8 12                  609 	ldhl	sp,#18
      0002A4 2A                     610 	ld	a, (hl+)
      0002A5 5F                     611 	ld	e, a
      0002A6 56                     612 	ld	d, (hl)
      0002A7 6B                     613 	ld	l, e
      0002A8 62                     614 	ld	h, d
      0002A9 23                     615 	inc	hl
      0002AA E5                     616 	push	hl
      0002AB 7D                     617 	ld	a, l
      0002AC F8 16                  618 	ldhl	sp,	#22
      0002AE 77                     619 	ld	(hl), a
      0002AF E1                     620 	pop	hl
      0002B0 7C                     621 	ld	a, h
      0002B1 F8 15                  622 	ldhl	sp,	#21
      0002B3 32                     623 	ld	(hl-), a
      0002B4 2A                     624 	ld	a,	(hl+)
      0002B5 66                     625 	ld	h, (hl)
      0002B6 6F                     626 	ld	l, a
      0002B7 36 00                  627 	ld	(hl), #0x00
                                    628 ;source/default/invaders.c:95: if(invaders[i].active==1){
      0002B9 F8 21                  629 	ldhl	sp,	#33
      0002BB 7E                     630 	ld	a, (hl)
      0002BC 16 00                  631 	ld	d, #0x00
      0002BE 87                     632 	add	a, a
      0002BF CB 12                  633 	rl	d
      0002C1 87                     634 	add	a, a
      0002C2 CB 12                  635 	rl	d
      0002C4 5F                     636 	ld	e, a
      0002C5 21r00r00               637 	ld	hl, #_invaders
      0002C8 19                     638 	add	hl, de
      0002C9 E5                     639 	push	hl
      0002CA 7D                     640 	ld	a, l
      0002CB F8 18                  641 	ldhl	sp,	#24
      0002CD 77                     642 	ld	(hl), a
      0002CE E1                     643 	pop	hl
      0002CF 7C                     644 	ld	a, h
      0002D0 F8 17                  645 	ldhl	sp,	#23
      0002D2 32                     646 	ld	(hl-), a
      0002D3 2A                     647 	ld	a, (hl+)
      0002D4 5F                     648 	ld	e, a
      0002D5 56                     649 	ld	d, (hl)
      0002D6 21 02 00               650 	ld	hl, #0x0002
      0002D9 19                     651 	add	hl, de
      0002DA E5                     652 	push	hl
      0002DB 7D                     653 	ld	a, l
      0002DC F8 1A                  654 	ldhl	sp,	#26
      0002DE 77                     655 	ld	(hl), a
      0002DF E1                     656 	pop	hl
      0002E0 7C                     657 	ld	a, h
      0002E1 F8 19                  658 	ldhl	sp,	#25
      0002E3 32                     659 	ld	(hl-), a
      0002E4 2A                     660 	ld	a, (hl+)
      0002E5 5F                     661 	ld	e, a
                                    662 ;source/default/invaders.c:108: SpawnEnemyBullet(invaders[i].column*8+4+invaders[i].slide*2,invaders[i].row*8+16);
      0002E6 3A                     663 	ld	a, (hl-)
      0002E7 2B                     664 	dec	hl
      0002E8 2B                     665 	dec	hl
      0002E9 57                     666 	ld	d, a
      0002EA 1A                     667 	ld	a, (de)
      0002EB 4F                     668 	ld	c, a
      0002EC 2A                     669 	ld	a, (hl+)
      0002ED 5F                     670 	ld	e, a
      0002EE 56                     671 	ld	d, (hl)
      0002EF 6B                     672 	ld	l, e
      0002F0 62                     673 	ld	h, d
      0002F1 23                     674 	inc	hl
      0002F2 E5                     675 	push	hl
      0002F3 7D                     676 	ld	a, l
      0002F4 F8 1C                  677 	ldhl	sp,	#28
      0002F6 77                     678 	ld	(hl), a
      0002F7 E1                     679 	pop	hl
      0002F8 7C                     680 	ld	a, h
      0002F9 F8 1B                  681 	ldhl	sp,	#27
      0002FB 77                     682 	ld	(hl), a
      0002FC F8 16                  683 	ldhl	sp,#22
      0002FE 2A                     684 	ld	a, (hl+)
      0002FF 5F                     685 	ld	e, a
      000300 56                     686 	ld	d, (hl)
      000301 21 03 00               687 	ld	hl, #0x0003
      000304 19                     688 	add	hl, de
      000305 E5                     689 	push	hl
      000306 7D                     690 	ld	a, l
      000307 F8 1E                  691 	ldhl	sp,	#30
      000309 77                     692 	ld	(hl), a
      00030A E1                     693 	pop	hl
      00030B 7C                     694 	ld	a, h
      00030C F8 1D                  695 	ldhl	sp,	#29
      00030E 77                     696 	ld	(hl), a
                                    697 ;source/default/invaders.c:95: if(invaders[i].active==1){
      00030F 0D                     698 	dec	c
      000310 C2rA7r03               699 	jp	NZ,00112$
                                    700 ;source/default/invaders.c:96: invadersRemaining++;
      000313 21rA4r00               701 	ld	hl, #_invadersRemaining
      000316 34                     702 	inc	(hl)
                                    703 ;source/default/invaders.c:98: if(shotTimer==0){
      000317 FArA5r00               704 	ld	a, (#_shotTimer)
      00031A B7                     705 	or	a, a
      00031B C2rA7r03               706 	jp	NZ, 00112$
                                    707 ;source/default/invaders.c:100: INT8 xd = invaders[i].column - paddle.x/8;
      00031E F8 16                  708 	ldhl	sp,#22
      000320 2A                     709 	ld	a, (hl+)
      000321 5F                     710 	ld	e, a
      000322 56                     711 	ld	d, (hl)
      000323 1A                     712 	ld	a, (de)
      000324 F8 1E                  713 	ldhl	sp,	#30
      000326 22                     714 	ld	(hl+), a
      000327 FAr00r00               715 	ld	a, (#_paddle + 0)
      00032A 22                     716 	ld	(hl+), a
      00032B AF                     717 	xor	a, a
      00032C 32                     718 	ld	(hl-), a
      00032D 2A                     719 	ld	a, (hl+)
      00032E 4F                     720 	ld	c, a
      00032F 46                     721 	ld	b, (hl)
      000330 CB 7E                  722 	bit	7, (hl)
      000332 28 0A                  723 	jr	Z, 00166$
      000334 2B                     724 	dec	hl
      000335 2A                     725 	ld	a, (hl+)
      000336 5F                     726 	ld	e, a
      000337 56                     727 	ld	d, (hl)
      000338 21 07 00               728 	ld	hl, #0x0007
      00033B 19                     729 	add	hl, de
      00033C 4D                     730 	ld	c, l
      00033D 44                     731 	ld	b, h
      00033E                        732 00166$:
      00033E CB 28                  733 	sra	b
      000340 CB 19                  734 	rr	c
      000342 CB 28                  735 	sra	b
      000344 CB 19                  736 	rr	c
      000346 CB 28                  737 	sra	b
      000348 CB 19                  738 	rr	c
      00034A F8 1E                  739 	ldhl	sp,	#30
      00034C 7E                     740 	ld	a, (hl)
      00034D 91                     741 	sub	a, c
      00034E 4F                     742 	ld	c, a
                                    743 ;source/default/invaders.c:102: if(xd<0)xd=-xd;
      00034F CB 79                  744 	bit	7, c
      000351 28 03                  745 	jr	Z, 00104$
      000353 AF                     746 	xor	a, a
      000354 91                     747 	sub	a, c
      000355 4F                     748 	ld	c, a
      000356                        749 00104$:
                                    750 ;source/default/invaders.c:104: if(xd<=1){
      000356 59                     751 	ld	e, c
      000357 3E 01                  752 	ld	a,#0x01
      000359 57                     753 	ld	d,a
      00035A 91                     754 	sub	a, c
      00035B CB 7B                  755 	bit	7, e
      00035D 28 07                  756 	jr	Z, 00335$
      00035F CB 7A                  757 	bit	7, d
      000361 20 08                  758 	jr	NZ, 00336$
      000363 BF                     759 	cp	a, a
      000364 18 05                  760 	jr	00336$
      000366                        761 00335$:
      000366 CB 7A                  762 	bit	7, d
      000368 28 01                  763 	jr	Z, 00336$
      00036A 37                     764 	scf
      00036B                        765 00336$:
      00036B 38 3A                  766 	jr	C, 00112$
                                    767 ;source/default/invaders.c:106: if(RandomNumber(0,100)<10){
      00036D 21 00 64               768 	ld	hl, #0x6400
      000370 E5                     769 	push	hl
      000371 CDr8Ar01               770 	call	_RandomNumber
      000374 E1                     771 	pop	hl
      000375 7B                     772 	ld	a, e
      000376 D6 0A                  773 	sub	a, #0x0a
      000378 30 2D                  774 	jr	NC, 00112$
                                    775 ;source/default/invaders.c:108: SpawnEnemyBullet(invaders[i].column*8+4+invaders[i].slide*2,invaders[i].row*8+16);
      00037A F8 1A                  776 	ldhl	sp,#26
      00037C 2A                     777 	ld	a, (hl+)
      00037D 5F                     778 	ld	e, a
      00037E 56                     779 	ld	d, (hl)
      00037F 1A                     780 	ld	a, (de)
      000380 87                     781 	add	a, a
      000381 87                     782 	add	a, a
      000382 87                     783 	add	a, a
      000383 C6 10                  784 	add	a, #0x10
      000385 47                     785 	ld	b, a
      000386 F8 16                  786 	ldhl	sp,#22
      000388 2A                     787 	ld	a, (hl+)
      000389 5F                     788 	ld	e, a
      00038A 56                     789 	ld	d, (hl)
      00038B 1A                     790 	ld	a, (de)
      00038C 87                     791 	add	a, a
      00038D 87                     792 	add	a, a
      00038E 87                     793 	add	a, a
      00038F C6 04                  794 	add	a, #0x04
      000391 4F                     795 	ld	c, a
      000392 F8 1C                  796 	ldhl	sp,#28
      000394 2A                     797 	ld	a, (hl+)
      000395 5F                     798 	ld	e, a
      000396 56                     799 	ld	d, (hl)
      000397 1A                     800 	ld	a, (de)
      000398 87                     801 	add	a, a
      000399 81                     802 	add	a, c
      00039A C5                     803 	push	bc
      00039B 33                     804 	inc	sp
      00039C F5                     805 	push	af
      00039D 33                     806 	inc	sp
      00039E CDr00r00               807 	call	_SpawnEnemyBullet
      0003A1 E1                     808 	pop	hl
                                    809 ;source/default/invaders.c:110: shotTimer=SHOT_TIMER_MAX;
      0003A2 21rA5r00               810 	ld	hl, #_shotTimer
      0003A5 36 32                  811 	ld	(hl), #0x32
      0003A7                        812 00112$:
                                    813 ;source/default/invaders.c:119: if((playerColumn==invaders[i].column&&playerRow==invaders[i].row)&&invaders[i].active){
      0003A7 F8 16                  814 	ldhl	sp,#22
      0003A9 2A                     815 	ld	a, (hl+)
      0003AA 5F                     816 	ld	e, a
      0003AB 56                     817 	ld	d, (hl)
      0003AC 1A                     818 	ld	a, (de)
      0003AD 4F                     819 	ld	c, a
      0003AE F8 0B                  820 	ldhl	sp,	#11
      0003B0 7E                     821 	ld	a, (hl)
      0003B1 91                     822 	sub	a, c
      0003B2 20 20                  823 	jr	NZ, 00114$
      0003B4 F8 1A                  824 	ldhl	sp,#26
      0003B6 2A                     825 	ld	a, (hl+)
      0003B7 5F                     826 	ld	e, a
      0003B8 56                     827 	ld	d, (hl)
      0003B9 1A                     828 	ld	a, (de)
      0003BA 4F                     829 	ld	c, a
      0003BB F8 0C                  830 	ldhl	sp,	#12
      0003BD 7E                     831 	ld	a, (hl)
      0003BE 91                     832 	sub	a, c
      0003BF 20 13                  833 	jr	NZ, 00114$
      0003C1 F8 18                  834 	ldhl	sp,#24
      0003C3 2A                     835 	ld	a, (hl+)
      0003C4 5F                     836 	ld	e, a
      0003C5 56                     837 	ld	d, (hl)
      0003C6 1A                     838 	ld	a, (de)
      0003C7 B7                     839 	or	a, a
      0003C8 28 0A                  840 	jr	Z, 00114$
                                    841 ;source/default/invaders.c:120: paddle.dead=1;
      0003CA 21r02r00               842 	ld	hl, #(_paddle + 2)
      0003CD 36 01                  843 	ld	(hl), #0x01
                                    844 ;source/default/invaders.c:121: paddle.lives=0;
      0003CF 21r03r00               845 	ld	hl, #(_paddle + 3)
      0003D2 36 00                  846 	ld	(hl), #0x00
      0003D4                        847 00114$:
                                    848 ;source/default/invaders.c:124: if(invaders[i].slide==0){
      0003D4 F8 1C                  849 	ldhl	sp,#28
      0003D6 2A                     850 	ld	a, (hl+)
      0003D7 5F                     851 	ld	e, a
      0003D8 56                     852 	ld	d, (hl)
      0003D9 1A                     853 	ld	a, (de)
      0003DA F8 20                  854 	ldhl	sp,	#32
      0003DC 77                     855 	ld	(hl), a
      0003DD B7                     856 	or	a, a
      0003DE 20 58                  857 	jr	NZ, 00132$
                                    858 ;source/default/invaders.c:127: if(invaders[i].active==0){
      0003E0 F8 18                  859 	ldhl	sp,#24
      0003E2 2A                     860 	ld	a, (hl+)
      0003E3 5F                     861 	ld	e, a
      0003E4 56                     862 	ld	d, (hl)
      0003E5 1A                     863 	ld	a, (de)
      0003E6 B7                     864 	or	a, a
      0003E7 20 10                  865 	jr	NZ, 00118$
                                    866 ;source/default/invaders.c:128: leftMiddleRight[0]=0;
      0003E9 F8 12                  867 	ldhl	sp,	#18
      0003EB 2A                     868 	ld	a,	(hl+)
      0003EC 66                     869 	ld	h, (hl)
      0003ED 6F                     870 	ld	l, a
      0003EE 36 00                  871 	ld	(hl), #0x00
                                    872 ;source/default/invaders.c:129: leftMiddleRight[1]=0;
      0003F0 F8 14                  873 	ldhl	sp,	#20
      0003F2 2A                     874 	ld	a,	(hl+)
      0003F3 66                     875 	ld	h, (hl)
      0003F4 6F                     876 	ld	l, a
      0003F5 36 00                  877 	ld	(hl), #0x00
      0003F7 18 13                  878 	jr	00119$
      0003F9                        879 00118$:
                                    880 ;source/default/invaders.c:131: leftMiddleRight[0]=tiles[4];
      0003F9 F8 10                  881 	ldhl	sp,#16
      0003FB 2A                     882 	ld	a, (hl+)
      0003FC 5F                     883 	ld	e, a
      0003FD 2A                     884 	ld	a, (hl+)
      0003FE 57                     885 	ld	d, a
      0003FF 1A                     886 	ld	a, (de)
      000400 4F                     887 	ld	c, a
      000401 2A                     888 	ld	a,	(hl+)
      000402 66                     889 	ld	h, (hl)
      000403 6F                     890 	ld	l, a
      000404 71                     891 	ld	(hl), c
                                    892 ;source/default/invaders.c:132: leftMiddleRight[1]=25;
      000405 F8 14                  893 	ldhl	sp,	#20
      000407 2A                     894 	ld	a,	(hl+)
      000408 66                     895 	ld	h, (hl)
      000409 6F                     896 	ld	l, a
      00040A 36 19                  897 	ld	(hl), #0x19
      00040C                        898 00119$:
                                    899 ;source/default/invaders.c:134: set_bkg_tiles(invaders[i].column,invaders[i].row,2,1,leftMiddleRight);
      00040C F8 12                  900 	ldhl	sp,	#18
      00040E 2A                     901 	ld	a, (hl+)
      00040F 4F                     902 	ld	c, a
      000410 46                     903 	ld	b, (hl)
      000411 F8 1A                  904 	ldhl	sp,#26
      000413 2A                     905 	ld	a, (hl+)
      000414 5F                     906 	ld	e, a
      000415 56                     907 	ld	d, (hl)
      000416 1A                     908 	ld	a, (de)
      000417 F8 20                  909 	ldhl	sp,	#32
      000419 77                     910 	ld	(hl), a
      00041A F8 16                  911 	ldhl	sp,#22
      00041C 2A                     912 	ld	a, (hl+)
      00041D 5F                     913 	ld	e, a
      00041E 56                     914 	ld	d, (hl)
      00041F 1A                     915 	ld	a, (de)
      000420 C5                     916 	push	bc
      000421 26 01                  917 	ld	h, #0x01
                                    918 ;	spillPairReg hl
                                    919 ;	spillPairReg hl
      000423 E5                     920 	push	hl
      000424 33                     921 	inc	sp
      000425 26 02                  922 	ld	h, #0x02
                                    923 ;	spillPairReg hl
                                    924 ;	spillPairReg hl
      000427 E5                     925 	push	hl
      000428 33                     926 	inc	sp
      000429 F8 24                  927 	ldhl	sp,	#36
      00042B 66                     928 	ld	h, (hl)
                                    929 ;	spillPairReg hl
                                    930 ;	spillPairReg hl
      00042C E5                     931 	push	hl
      00042D 33                     932 	inc	sp
      00042E F5                     933 	push	af
      00042F 33                     934 	inc	sp
      000430 CDr00r00               935 	call	_set_bkg_tiles
      000433 E8 06                  936 	add	sp, #6
      000435 C3r49r05               937 	jp	00133$
      000438                        938 00132$:
                                    939 ;source/default/invaders.c:136: }else if(invaders[i].slide>0){
      000438 F8 20                  940 	ldhl	sp,	#32
      00043A 5E                     941 	ld	e, (hl)
      00043B AF                     942 	xor	a, a
      00043C 57                     943 	ld	d, a
      00043D 96                     944 	sub	a, (hl)
      00043E CB 7B                  945 	bit	7, e
      000440 28 07                  946 	jr	Z, 00341$
      000442 CB 7A                  947 	bit	7, d
      000444 20 08                  948 	jr	NZ, 00342$
      000446 BF                     949 	cp	a, a
      000447 18 05                  950 	jr	00342$
      000449                        951 00341$:
      000449 CB 7A                  952 	bit	7, d
      00044B 28 01                  953 	jr	Z, 00342$
      00044D 37                     954 	scf
      00044E                        955 00342$:
      00044E 30 7C                  956 	jr	NC, 00129$
                                    957 ;source/default/invaders.c:139: if(invaders[i].active==0){
      000450 F8 18                  958 	ldhl	sp,#24
      000452 2A                     959 	ld	a, (hl+)
      000453 5F                     960 	ld	e, a
      000454 56                     961 	ld	d, (hl)
      000455 1A                     962 	ld	a, (de)
      000456 B7                     963 	or	a, a
      000457 20 10                  964 	jr	NZ, 00121$
                                    965 ;source/default/invaders.c:140: leftMiddleRight[0]=0;
      000459 F8 12                  966 	ldhl	sp,	#18
      00045B 2A                     967 	ld	a,	(hl+)
      00045C 66                     968 	ld	h, (hl)
      00045D 6F                     969 	ld	l, a
      00045E 36 00                  970 	ld	(hl), #0x00
                                    971 ;source/default/invaders.c:141: leftMiddleRight[1]=0;
      000460 F8 14                  972 	ldhl	sp,	#20
      000462 2A                     973 	ld	a,	(hl+)
      000463 66                     974 	ld	h, (hl)
      000464 6F                     975 	ld	l, a
      000465 36 00                  976 	ld	(hl), #0x00
      000467 18 37                  977 	jr	00122$
      000469                        978 00121$:
                                    979 ;source/default/invaders.c:143: leftMiddleRight[0]=tiles[4-invaders[i].slide];
      000469 3E 04                  980 	ld	a, #0x04
      00046B F8 20                  981 	ldhl	sp,	#32
      00046D 96                     982 	sub	a, (hl)
      00046E 4F                     983 	ld	c, a
      00046F 07                     984 	rlca
      000470 9F                     985 	sbc	a, a
      000471 47                     986 	ld	b, a
      000472 F8 0E                  987 	ldhl	sp,	#14
      000474 2A                     988 	ld	a,	(hl+)
      000475 66                     989 	ld	h, (hl)
      000476 6F                     990 	ld	l, a
      000477 09                     991 	add	hl, bc
      000478 4D                     992 	ld	c, l
      000479 44                     993 	ld	b, h
      00047A 0A                     994 	ld	a, (bc)
      00047B 4F                     995 	ld	c, a
      00047C F8 12                  996 	ldhl	sp,	#18
      00047E 2A                     997 	ld	a,	(hl+)
      00047F 66                     998 	ld	h, (hl)
      000480 6F                     999 	ld	l, a
      000481 71                    1000 	ld	(hl), c
                                   1001 ;source/default/invaders.c:144: leftMiddleRight[1]=tiles[8-invaders[i].slide];
      000482 F8 1C                 1002 	ldhl	sp,#28
      000484 2A                    1003 	ld	a, (hl+)
      000485 5F                    1004 	ld	e, a
      000486 56                    1005 	ld	d, (hl)
      000487 1A                    1006 	ld	a, (de)
      000488 4F                    1007 	ld	c, a
      000489 3E 08                 1008 	ld	a, #0x08
      00048B 91                    1009 	sub	a, c
      00048C 4F                    1010 	ld	c, a
      00048D 07                    1011 	rlca
      00048E 9F                    1012 	sbc	a, a
      00048F 47                    1013 	ld	b, a
      000490 F8 0E                 1014 	ldhl	sp,	#14
      000492 2A                    1015 	ld	a,	(hl+)
      000493 66                    1016 	ld	h, (hl)
      000494 6F                    1017 	ld	l, a
      000495 09                    1018 	add	hl, bc
      000496 4D                    1019 	ld	c, l
      000497 44                    1020 	ld	b, h
      000498 0A                    1021 	ld	a, (bc)
      000499 4F                    1022 	ld	c, a
      00049A F8 14                 1023 	ldhl	sp,	#20
      00049C 2A                    1024 	ld	a,	(hl+)
      00049D 66                    1025 	ld	h, (hl)
      00049E 6F                    1026 	ld	l, a
      00049F 71                    1027 	ld	(hl), c
      0004A0                       1028 00122$:
                                   1029 ;source/default/invaders.c:146: set_bkg_tiles(invaders[i].column,invaders[i].row,2,1,leftMiddleRight);
      0004A0 F8 12                 1030 	ldhl	sp,	#18
      0004A2 2A                    1031 	ld	a, (hl+)
      0004A3 4F                    1032 	ld	c, a
      0004A4 46                    1033 	ld	b, (hl)
      0004A5 F8 1A                 1034 	ldhl	sp,#26
      0004A7 2A                    1035 	ld	a, (hl+)
      0004A8 5F                    1036 	ld	e, a
      0004A9 56                    1037 	ld	d, (hl)
      0004AA 1A                    1038 	ld	a, (de)
      0004AB F8 20                 1039 	ldhl	sp,	#32
      0004AD 77                    1040 	ld	(hl), a
      0004AE F8 16                 1041 	ldhl	sp,#22
      0004B0 2A                    1042 	ld	a, (hl+)
      0004B1 5F                    1043 	ld	e, a
      0004B2 56                    1044 	ld	d, (hl)
      0004B3 1A                    1045 	ld	a, (de)
      0004B4 C5                    1046 	push	bc
      0004B5 26 01                 1047 	ld	h, #0x01
                                   1048 ;	spillPairReg hl
                                   1049 ;	spillPairReg hl
      0004B7 E5                    1050 	push	hl
      0004B8 33                    1051 	inc	sp
      0004B9 26 02                 1052 	ld	h, #0x02
                                   1053 ;	spillPairReg hl
                                   1054 ;	spillPairReg hl
      0004BB E5                    1055 	push	hl
      0004BC 33                    1056 	inc	sp
      0004BD F8 24                 1057 	ldhl	sp,	#36
      0004BF 66                    1058 	ld	h, (hl)
                                   1059 ;	spillPairReg hl
                                   1060 ;	spillPairReg hl
      0004C0 E5                    1061 	push	hl
      0004C1 33                    1062 	inc	sp
      0004C2 F5                    1063 	push	af
      0004C3 33                    1064 	inc	sp
      0004C4 CDr00r00              1065 	call	_set_bkg_tiles
      0004C7 E8 06                 1066 	add	sp, #6
      0004C9 C3r49r05              1067 	jp	00133$
      0004CC                       1068 00129$:
                                   1069 ;source/default/invaders.c:148: }else if(invaders[i].slide<0){
      0004CC F8 20                 1070 	ldhl	sp,	#32
      0004CE CB 7E                 1071 	bit	7, (hl)
      0004D0 28 77                 1072 	jr	Z, 00133$
                                   1073 ;source/default/invaders.c:151: if(invaders[i].active==0){
      0004D2 F8 18                 1074 	ldhl	sp,#24
      0004D4 2A                    1075 	ld	a, (hl+)
      0004D5 5F                    1076 	ld	e, a
      0004D6 56                    1077 	ld	d, (hl)
      0004D7 1A                    1078 	ld	a, (de)
      0004D8 B7                    1079 	or	a, a
      0004D9 20 10                 1080 	jr	NZ, 00124$
                                   1081 ;source/default/invaders.c:152: leftMiddleRight[0]=0;
      0004DB F8 12                 1082 	ldhl	sp,	#18
      0004DD 2A                    1083 	ld	a,	(hl+)
      0004DE 66                    1084 	ld	h, (hl)
      0004DF 6F                    1085 	ld	l, a
      0004E0 36 00                 1086 	ld	(hl), #0x00
                                   1087 ;source/default/invaders.c:153: leftMiddleRight[1]=0;
      0004E2 F8 14                 1088 	ldhl	sp,	#20
      0004E4 2A                    1089 	ld	a,	(hl+)
      0004E5 66                    1090 	ld	h, (hl)
      0004E6 6F                    1091 	ld	l, a
      0004E7 36 00                 1092 	ld	(hl), #0x00
      0004E9 18 36                 1093 	jr	00125$
      0004EB                       1094 00124$:
                                   1095 ;source/default/invaders.c:155: leftMiddleRight[0]=tiles[-invaders[i].slide];
      0004EB AF                    1096 	xor	a, a
      0004EC F8 20                 1097 	ldhl	sp,	#32
      0004EE 96                    1098 	sub	a, (hl)
      0004EF 4F                    1099 	ld	c, a
      0004F0 07                    1100 	rlca
      0004F1 9F                    1101 	sbc	a, a
      0004F2 47                    1102 	ld	b, a
      0004F3 F8 0E                 1103 	ldhl	sp,	#14
      0004F5 2A                    1104 	ld	a,	(hl+)
      0004F6 66                    1105 	ld	h, (hl)
      0004F7 6F                    1106 	ld	l, a
      0004F8 09                    1107 	add	hl, bc
      0004F9 4D                    1108 	ld	c, l
      0004FA 44                    1109 	ld	b, h
      0004FB 0A                    1110 	ld	a, (bc)
      0004FC 4F                    1111 	ld	c, a
      0004FD F8 12                 1112 	ldhl	sp,	#18
      0004FF 2A                    1113 	ld	a,	(hl+)
      000500 66                    1114 	ld	h, (hl)
      000501 6F                    1115 	ld	l, a
      000502 71                    1116 	ld	(hl), c
                                   1117 ;source/default/invaders.c:156: leftMiddleRight[1]=tiles[4-invaders[i].slide];
      000503 F8 1C                 1118 	ldhl	sp,#28
      000505 2A                    1119 	ld	a, (hl+)
      000506 5F                    1120 	ld	e, a
      000507 56                    1121 	ld	d, (hl)
      000508 1A                    1122 	ld	a, (de)
      000509 4F                    1123 	ld	c, a
      00050A 3E 04                 1124 	ld	a, #0x04
      00050C 91                    1125 	sub	a, c
      00050D 4F                    1126 	ld	c, a
      00050E 07                    1127 	rlca
      00050F 9F                    1128 	sbc	a, a
      000510 47                    1129 	ld	b, a
      000511 F8 0E                 1130 	ldhl	sp,	#14
      000513 2A                    1131 	ld	a,	(hl+)
      000514 66                    1132 	ld	h, (hl)
      000515 6F                    1133 	ld	l, a
      000516 09                    1134 	add	hl, bc
      000517 4D                    1135 	ld	c, l
      000518 44                    1136 	ld	b, h
      000519 0A                    1137 	ld	a, (bc)
      00051A 4F                    1138 	ld	c, a
      00051B F8 14                 1139 	ldhl	sp,	#20
      00051D 2A                    1140 	ld	a,	(hl+)
      00051E 66                    1141 	ld	h, (hl)
      00051F 6F                    1142 	ld	l, a
      000520 71                    1143 	ld	(hl), c
      000521                       1144 00125$:
                                   1145 ;source/default/invaders.c:158: set_bkg_tiles(invaders[i].column-1,invaders[i].row,2,1,leftMiddleRight);
      000521 F8 12                 1146 	ldhl	sp,	#18
      000523 2A                    1147 	ld	a, (hl+)
      000524 4F                    1148 	ld	c, a
      000525 46                    1149 	ld	b, (hl)
      000526 F8 1A                 1150 	ldhl	sp,#26
      000528 2A                    1151 	ld	a, (hl+)
      000529 5F                    1152 	ld	e, a
      00052A 56                    1153 	ld	d, (hl)
      00052B 1A                    1154 	ld	a, (de)
      00052C F8 16                 1155 	ldhl	sp,#22
      00052E 5E                    1156 	ld	e, (hl)
      00052F 23                    1157 	inc	hl
      000530 56                    1158 	ld	d, (hl)
      000531 F5                    1159 	push	af
      000532 1A                    1160 	ld	a, (de)
      000533 6F                    1161 	ld	l, a
                                   1162 ;	spillPairReg hl
                                   1163 ;	spillPairReg hl
      000534 F1                    1164 	pop	af
      000535 55                    1165 	ld	d, l
      000536 15                    1166 	dec	d
      000537 C5                    1167 	push	bc
      000538 26 01                 1168 	ld	h, #0x01
                                   1169 ;	spillPairReg hl
                                   1170 ;	spillPairReg hl
      00053A E5                    1171 	push	hl
      00053B 33                    1172 	inc	sp
      00053C 26 02                 1173 	ld	h, #0x02
                                   1174 ;	spillPairReg hl
                                   1175 ;	spillPairReg hl
      00053E E5                    1176 	push	hl
      00053F 33                    1177 	inc	sp
      000540 F5                    1178 	push	af
      000541 33                    1179 	inc	sp
      000542 D5                    1180 	push	de
      000543 33                    1181 	inc	sp
      000544 CDr00r00              1182 	call	_set_bkg_tiles
      000547 E8 06                 1183 	add	sp, #6
      000549                       1184 00133$:
                                   1185 ;source/default/invaders.c:164: if(invaderCounter>4-topRow/2||topRow>9){
      000549 21rA3r00              1186 	ld	hl, #_topRow
      00054C 6E                    1187 	ld	l, (hl)
                                   1188 ;	spillPairReg hl
                                   1189 ;	spillPairReg hl
      00054D 26 00                 1190 	ld	h, #0x00
                                   1191 ;	spillPairReg hl
                                   1192 ;	spillPairReg hl
      00054F 4D                    1193 	ld	c, l
      000550 44                    1194 	ld	b, h
      000551 CB 7C                 1195 	bit	7, h
      000553 28 03                 1196 	jr	Z, 00167$
      000555 23                    1197 	inc	hl
      000556 4D                    1198 	ld	c, l
      000557 44                    1199 	ld	b, h
      000558                       1200 00167$:
      000558 CB 28                 1201 	sra	b
      00055A CB 19                 1202 	rr	c
      00055C 3E 04                 1203 	ld	a, #0x04
      00055E 91                    1204 	sub	a, c
      00055F 4F                    1205 	ld	c, a
      000560 9F                    1206 	sbc	a, a
      000561 90                    1207 	sub	a, b
      000562 47                    1208 	ld	b, a
      000563 21rA1r00              1209 	ld	hl, #_invaderCounter
      000566 6E                    1210 	ld	l, (hl)
                                   1211 ;	spillPairReg hl
                                   1212 ;	spillPairReg hl
      000567 26 00                 1213 	ld	h, #0x00
                                   1214 ;	spillPairReg hl
                                   1215 ;	spillPairReg hl
      000569 5C                    1216 	ld	e, h
      00056A 50                    1217 	ld	d, b
      00056B 79                    1218 	ld	a, c
      00056C 95                    1219 	sub	a, l
      00056D 78                    1220 	ld	a, b
      00056E 9C                    1221 	sbc	a, h
      00056F CB 7B                 1222 	bit	7, e
      000571 28 07                 1223 	jr	Z, 00343$
      000573 CB 7A                 1224 	bit	7, d
      000575 20 08                 1225 	jr	NZ, 00344$
      000577 BF                    1226 	cp	a, a
      000578 18 05                 1227 	jr	00344$
      00057A                       1228 00343$:
      00057A CB 7A                 1229 	bit	7, d
      00057C 28 01                 1230 	jr	Z, 00344$
      00057E 37                    1231 	scf
      00057F                       1232 00344$:
      00057F 38 09                 1233 	jr	C, 00142$
      000581 3E 09                 1234 	ld	a, #0x09
      000583 21rA3r00              1235 	ld	hl, #_topRow
      000586 96                    1236 	sub	a, (hl)
      000587 D2r0Br06              1237 	jp	NC, 00155$
      00058A                       1238 00142$:
                                   1239 ;source/default/invaders.c:166: invaders[i].slide+=slideDir;
      00058A F8 1C                 1240 	ldhl	sp,#28
      00058C 2A                    1241 	ld	a, (hl+)
      00058D 5F                    1242 	ld	e, a
      00058E 56                    1243 	ld	d, (hl)
      00058F 1A                    1244 	ld	a, (de)
      000590 21rA2r00              1245 	ld	hl, #_slideDir
      000593 86                    1246 	add	a, (hl)
      000594 47                    1247 	ld	b, a
      000595 F8 1C                 1248 	ldhl	sp,	#28
      000597 2A                    1249 	ld	a,	(hl+)
      000598 66                    1250 	ld	h, (hl)
      000599 6F                    1251 	ld	l, a
      00059A 70                    1252 	ld	(hl), b
                                   1253 ;source/default/invaders.c:168: if(invaders[i].slide>4||invaders[i].slide<-4){
      00059B F8 1C                 1254 	ldhl	sp,#28
      00059D 2A                    1255 	ld	a, (hl+)
      00059E 5F                    1256 	ld	e, a
      00059F 56                    1257 	ld	d, (hl)
      0005A0 1A                    1258 	ld	a, (de)
      0005A1 4F                    1259 	ld	c, a
      0005A2 58                    1260 	ld	e, b
      0005A3 3E 04                 1261 	ld	a,#0x04
      0005A5 57                    1262 	ld	d,a
      0005A6 90                    1263 	sub	a, b
      0005A7 CB 7B                 1264 	bit	7, e
      0005A9 28 07                 1265 	jr	Z, 00345$
      0005AB CB 7A                 1266 	bit	7, d
      0005AD 20 08                 1267 	jr	NZ, 00346$
      0005AF BF                    1268 	cp	a, a
      0005B0 18 05                 1269 	jr	00346$
      0005B2                       1270 00345$:
      0005B2 CB 7A                 1271 	bit	7, d
      0005B4 28 01                 1272 	jr	Z, 00346$
      0005B6 37                    1273 	scf
      0005B7                       1274 00346$:
      0005B7 38 07                 1275 	jr	C, 00139$
      0005B9 79                    1276 	ld	a, c
      0005BA EE 80                 1277 	xor	a, #0x80
      0005BC D6 7C                 1278 	sub	a, #0x7c
      0005BE 30 4B                 1279 	jr	NC, 00155$
      0005C0                       1280 00139$:
                                   1281 ;source/default/invaders.c:169: invaders[i].slide=0;
      0005C0 F8 1C                 1282 	ldhl	sp,	#28
      0005C2 2A                    1283 	ld	a,	(hl+)
      0005C3 66                    1284 	ld	h, (hl)
      0005C4 6F                    1285 	ld	l, a
      0005C5 36 00                 1286 	ld	(hl), #0x00
                                   1287 ;source/default/invaders.c:170: invaders[i].column+=slideDir;
      0005C7 F8 16                 1288 	ldhl	sp,#22
      0005C9 2A                    1289 	ld	a, (hl+)
      0005CA 5F                    1290 	ld	e, a
      0005CB 56                    1291 	ld	d, (hl)
      0005CC 1A                    1292 	ld	a, (de)
      0005CD 21rA2r00              1293 	ld	hl, #_slideDir
      0005D0 86                    1294 	add	a, (hl)
      0005D1 4F                    1295 	ld	c, a
      0005D2 F8 16                 1296 	ldhl	sp,	#22
      0005D4 2A                    1297 	ld	a,	(hl+)
      0005D5 66                    1298 	ld	h, (hl)
      0005D6 6F                    1299 	ld	l, a
      0005D7 71                    1300 	ld	(hl), c
      0005D8 F8 16                 1301 	ldhl	sp,#22
      0005DA 2A                    1302 	ld	a, (hl+)
      0005DB 5F                    1303 	ld	e, a
      0005DC 56                    1304 	ld	d, (hl)
      0005DD 1A                    1305 	ld	a, (de)
                                   1306 ;source/default/invaders.c:171: if((invaders[i].column==0&&slideDir<0)||(invaders[i].column==19&&slideDir>0)){
      0005DE 4F                    1307 	ld	c, a
      0005DF B7                    1308 	or	a, a
      0005E0 20 07                 1309 	jr	NZ, 00138$
      0005E2 FArA2r00              1310 	ld	a, (#_slideDir)
      0005E5 CB 7F                 1311 	bit	7, a
      0005E7 20 1E                 1312 	jr	NZ, 00134$
      0005E9                       1313 00138$:
      0005E9 79                    1314 	ld	a, c
      0005EA D6 13                 1315 	sub	a, #0x13
      0005EC 20 1D                 1316 	jr	NZ, 00155$
      0005EE 21rA2r00              1317 	ld	hl, #_slideDir
      0005F1 5E                    1318 	ld	e, (hl)
      0005F2 AF                    1319 	xor	a, a
      0005F3 57                    1320 	ld	d, a
      0005F4 96                    1321 	sub	a, (hl)
      0005F5 CB 7B                 1322 	bit	7, e
      0005F7 28 07                 1323 	jr	Z, 00349$
      0005F9 CB 7A                 1324 	bit	7, d
      0005FB 20 08                 1325 	jr	NZ, 00350$
      0005FD BF                    1326 	cp	a, a
      0005FE 18 05                 1327 	jr	00350$
      000600                       1328 00349$:
      000600 CB 7A                 1329 	bit	7, d
      000602 28 01                 1330 	jr	Z, 00350$
      000604 37                    1331 	scf
      000605                       1332 00350$:
      000605 30 04                 1333 	jr	NC, 00155$
      000607                       1334 00134$:
                                   1335 ;source/default/invaders.c:172: anyInvaderHasReachedEndOfScreen=1;
      000607 F8 0D                 1336 	ldhl	sp,	#13
      000609 36 01                 1337 	ld	(hl), #0x01
      00060B                       1338 00155$:
                                   1339 ;source/default/invaders.c:89: for(UINT8 i=0;i<40;i++){
      00060B F8 21                 1340 	ldhl	sp,	#33
      00060D 34                    1341 	inc	(hl)
      00060E C3r1Fr02              1342 	jp	00154$
      000611                       1343 00145$:
                                   1344 ;source/default/invaders.c:179: if(invaderCounter>4-topRow/2||topRow>9){
      000611 21rA3r00              1345 	ld	hl, #_topRow
      000614 4E                    1346 	ld	c, (hl)
      000615 06 00                 1347 	ld	b, #0x00
      000617 69                    1348 	ld	l, c
                                   1349 ;	spillPairReg hl
                                   1350 ;	spillPairReg hl
      000618 60                    1351 	ld	h, b
                                   1352 ;	spillPairReg hl
                                   1353 ;	spillPairReg hl
      000619 CB 78                 1354 	bit	7, b
      00061B 28 03                 1355 	jr	Z, 00168$
      00061D 69                    1356 	ld	l, c
                                   1357 ;	spillPairReg hl
                                   1358 ;	spillPairReg hl
      00061E 60                    1359 	ld	h, b
                                   1360 ;	spillPairReg hl
                                   1361 ;	spillPairReg hl
      00061F 23                    1362 	inc	hl
      000620                       1363 00168$:
      000620 CB 2C                 1364 	sra	h
      000622 CB 1D                 1365 	rr	l
      000624 3E 04                 1366 	ld	a, #0x04
      000626 95                    1367 	sub	a, l
      000627 4F                    1368 	ld	c, a
      000628 9F                    1369 	sbc	a, a
      000629 94                    1370 	sub	a, h
      00062A 47                    1371 	ld	b, a
      00062B 21rA1r00              1372 	ld	hl, #_invaderCounter
      00062E 6E                    1373 	ld	l, (hl)
                                   1374 ;	spillPairReg hl
                                   1375 ;	spillPairReg hl
      00062F 26 00                 1376 	ld	h, #0x00
                                   1377 ;	spillPairReg hl
                                   1378 ;	spillPairReg hl
      000631 5C                    1379 	ld	e, h
      000632 50                    1380 	ld	d, b
      000633 79                    1381 	ld	a, c
      000634 95                    1382 	sub	a, l
      000635 78                    1383 	ld	a, b
      000636 9C                    1384 	sbc	a, h
      000637 CB 7B                 1385 	bit	7, e
      000639 28 07                 1386 	jr	Z, 00351$
      00063B CB 7A                 1387 	bit	7, d
      00063D 20 08                 1388 	jr	NZ, 00352$
      00063F BF                    1389 	cp	a, a
      000640 18 05                 1390 	jr	00352$
      000642                       1391 00351$:
      000642 CB 7A                 1392 	bit	7, d
      000644 28 01                 1393 	jr	Z, 00352$
      000646 37                    1394 	scf
      000647                       1395 00352$:
      000647 38 08                 1396 	jr	C, 00146$
      000649 3E 09                 1397 	ld	a, #0x09
      00064B 21rA3r00              1398 	ld	hl, #_topRow
      00064E 96                    1399 	sub	a, (hl)
      00064F 30 05                 1400 	jr	NC, 00147$
      000651                       1401 00146$:
                                   1402 ;source/default/invaders.c:180: invaderCounter=0;
      000651 21rA1r00              1403 	ld	hl, #_invaderCounter
      000654 36 00                 1404 	ld	(hl), #0x00
      000656                       1405 00147$:
                                   1406 ;source/default/invaders.c:186: if(anyInvaderHasReachedEndOfScreen){
      000656 F8 0D                 1407 	ldhl	sp,	#13
      000658 7E                    1408 	ld	a, (hl)
      000659 B7                    1409 	or	a, a
      00065A 28 41                 1410 	jr	Z, 00162$
                                   1411 ;source/default/invaders.c:189: for(UINT8 i=0;i<40;i++){invaders[i].row++;}
      00065C 01r00r00              1412 	ld	bc, #_invaders
      00065F 1E 00                 1413 	ld	e, #0x00
      000661                       1414 00157$:
      000661 7B                    1415 	ld	a, e
      000662 D6 28                 1416 	sub	a, #0x28
      000664 30 0B                 1417 	jr	NC, 00149$
      000666 6B                    1418 	ld	l, e
                                   1419 ;	spillPairReg hl
                                   1420 ;	spillPairReg hl
      000667 26 00                 1421 	ld	h, #0x00
                                   1422 ;	spillPairReg hl
                                   1423 ;	spillPairReg hl
      000669 29                    1424 	add	hl, hl
      00066A 29                    1425 	add	hl, hl
      00066B 09                    1426 	add	hl, bc
      00066C 23                    1427 	inc	hl
      00066D 34                    1428 	inc	(hl)
      00066E 1C                    1429 	inc	e
      00066F 18 F0                 1430 	jr	00157$
      000671                       1431 00149$:
                                   1432 ;source/default/invaders.c:192: slideDir=-slideDir;
      000671 AF                    1433 	xor	a, a
      000672 21rA2r00              1434 	ld	hl, #_slideDir
      000675 96                    1435 	sub	a, (hl)
      000676 77                    1436 	ld	(hl), a
                                   1437 ;source/default/invaders.c:195: helper[0]=0;
      000677 21r00r00              1438 	ld	hl, #_helper
                                   1439 ;source/default/invaders.c:197: for(UINT8  i=0;i<20;i++){
      00067A 36 00                 1440 	ld	(hl), #0x00
      00067C 46                    1441 	ld	b, (hl)
      00067D                       1442 00160$:
      00067D 78                    1443 	ld	a, b
      00067E D6 14                 1444 	sub	a, #0x14
      000680 30 17                 1445 	jr	NC, 00150$
                                   1446 ;source/default/invaders.c:198: set_bkg_tiles(i,topRow,1,1,helper);
      000682 11r00r00              1447 	ld	de, #_helper
      000685 D5                    1448 	push	de
      000686 21 01 01              1449 	ld	hl, #0x101
      000689 E5                    1450 	push	hl
      00068A FArA3r00              1451 	ld	a, (#_topRow)
      00068D F5                    1452 	push	af
      00068E 33                    1453 	inc	sp
      00068F C5                    1454 	push	bc
      000690 33                    1455 	inc	sp
      000691 CDr00r00              1456 	call	_set_bkg_tiles
      000694 E8 06                 1457 	add	sp, #6
                                   1458 ;source/default/invaders.c:197: for(UINT8  i=0;i<20;i++){
      000696 04                    1459 	inc	b
      000697 18 E4                 1460 	jr	00160$
      000699                       1461 00150$:
                                   1462 ;source/default/invaders.c:202: topRow++;
      000699 21rA3r00              1463 	ld	hl, #_topRow
      00069C 34                    1464 	inc	(hl)
      00069D                       1465 00162$:
                                   1466 ;source/default/invaders.c:204: }
      00069D E8 22                 1467 	add	sp, #34
      00069F C9                    1468 	ret
                                   1469 	.area _CODE
                                   1470 	.area _INITIALIZER
                                   1471 	.area _CABS (ABS)
