                                      1 ;--------------------------------------------------------
                                      2 ; File Created by SDCC : free open source ANSI-C Compiler
                                      3 ; Version 4.1.6 #12539 (MINGW32)
                                      4 ;--------------------------------------------------------
                                      5 	.module NextLevelScreen
                                      6 	.optsdcc -mgbz80
                                      7 	
                                      8 ;--------------------------------------------------------
                                      9 ; Public variables in this module
                                     10 ;--------------------------------------------------------
                                     11 	.globl _UpdateNextLevelScreen
                                     12 	.globl _SetupNextLevelScreen
                                     13 	.globl _DrawNumber
                                     14 	.globl _DrawText
                                     15 	.globl _delay
                                     16 ;--------------------------------------------------------
                                     17 ; special function registers
                                     18 ;--------------------------------------------------------
                                     19 ;--------------------------------------------------------
                                     20 ; ram data
                                     21 ;--------------------------------------------------------
                                     22 	.area _DATA
                                     23 ;--------------------------------------------------------
                                     24 ; ram data
                                     25 ;--------------------------------------------------------
                                     26 	.area _INITIALIZED
                                     27 ;--------------------------------------------------------
                                     28 ; absolute external ram data
                                     29 ;--------------------------------------------------------
                                     30 	.area _DABS (ABS)
                                     31 ;--------------------------------------------------------
                                     32 ; global & static initialisations
                                     33 ;--------------------------------------------------------
                                     34 	.area _HOME
                                     35 	.area _GSINIT
                                     36 	.area _GSFINAL
                                     37 	.area _GSINIT
                                     38 ;--------------------------------------------------------
                                     39 ; Home
                                     40 ;--------------------------------------------------------
                                     41 	.area _HOME
                                     42 	.area _HOME
                                     43 ;--------------------------------------------------------
                                     44 ; code
                                     45 ;--------------------------------------------------------
                                     46 	.area _CODE
                                     47 ;D:\Business\LaroldsJubilantJunkyard\game-remakes\space-invaders\source\main\default\States\NextLevelScreen.c:5: void SetupNextLevelScreen(){
                                     48 ;	---------------------------------
                                     49 ; Function SetupNextLevelScreen
                                     50 ; ---------------------------------
      000000                         51 _SetupNextLevelScreen::
                                     52 ;D:\Business\LaroldsJubilantJunkyard\game-remakes\space-invaders\source\main\default\States\NextLevelScreen.c:7: DrawText(8,8,"ROUND");
      000000 11r2Fr00                53 	ld	de, #___str_0
      000003 D5                      54 	push	de
      000004 21 08 08                55 	ld	hl, #0x808
      000007 E5                      56 	push	hl
      000008 CDr00r00                57 	call	_DrawText
      00000B E8 04                   58 	add	sp, #4
                                     59 ;D:\Business\LaroldsJubilantJunkyard\game-remakes\space-invaders\source\main\default\States\NextLevelScreen.c:8: DrawNumber(9,9,level,2);
      00000D 21r00r00                60 	ld	hl, #_level
      000010 4E                      61 	ld	c, (hl)
      000011 06 00                   62 	ld	b, #0x00
      000013 3E 02                   63 	ld	a, #0x02
      000015 F5                      64 	push	af
      000016 33                      65 	inc	sp
      000017 C5                      66 	push	bc
      000018 21 09 09                67 	ld	hl, #0x909
      00001B E5                      68 	push	hl
      00001C CDr00r00                69 	call	_DrawNumber
      00001F E8 05                   70 	add	sp, #5
                                     71 ;D:\Business\LaroldsJubilantJunkyard\game-remakes\space-invaders\source\main\default\States\NextLevelScreen.c:9: DrawText(8,11,"READY!");
      000021 11r35r00                72 	ld	de, #___str_1
      000024 D5                      73 	push	de
      000025 21 08 0B                74 	ld	hl, #0xb08
      000028 E5                      75 	push	hl
      000029 CDr00r00                76 	call	_DrawText
      00002C E8 04                   77 	add	sp, #4
                                     78 ;D:\Business\LaroldsJubilantJunkyard\game-remakes\space-invaders\source\main\default\States\NextLevelScreen.c:10: }
      00002E C9                      79 	ret
      00002F                         80 ___str_0:
      00002F 52 4F 55 4E 44          81 	.ascii "ROUND"
      000034 00                      82 	.db 0x00
      000035                         83 ___str_1:
      000035 52 45 41 44 59 21       84 	.ascii "READY!"
      00003B 00                      85 	.db 0x00
                                     86 ;D:\Business\LaroldsJubilantJunkyard\game-remakes\space-invaders\source\main\default\States\NextLevelScreen.c:12: uint8_t UpdateNextLevelScreen(){
                                     87 ;	---------------------------------
                                     88 ; Function UpdateNextLevelScreen
                                     89 ; ---------------------------------
      00003C                         90 _UpdateNextLevelScreen::
                                     91 ;D:\Business\LaroldsJubilantJunkyard\game-remakes\space-invaders\source\main\default\States\NextLevelScreen.c:14: delay(2000);
      00003C 11 D0 07                92 	ld	de, #0x07d0
      00003F D5                      93 	push	de
      000040 CDr00r00                94 	call	_delay
      000043 E1                      95 	pop	hl
                                     96 ;D:\Business\LaroldsJubilantJunkyard\game-remakes\space-invaders\source\main\default\States\NextLevelScreen.c:16: return GAMEPLAYSCREEN;
      000044 1E 03                   97 	ld	e, #0x03
                                     98 ;D:\Business\LaroldsJubilantJunkyard\game-remakes\space-invaders\source\main\default\States\NextLevelScreen.c:17: }
      000046 C9                      99 	ret
                                    100 	.area _CODE
                                    101 	.area _INITIALIZER
                                    102 	.area _CABS (ABS)
