                                      1 ;--------------------------------------------------------
                                      2 ; File Created by SDCC : free open source ANSI-C Compiler
                                      3 ; Version 4.1.6 #12539 (MINGW32)
                                      4 ;--------------------------------------------------------
                                      5 	.module SpaceInvadersTiles
                                      6 	.optsdcc -mgbz80
                                      7 	
                                      8 ;--------------------------------------------------------
                                      9 ; Public variables in this module
                                     10 ;--------------------------------------------------------
                                     11 	.globl _SpaceInvadersTiles
                                     12 ;--------------------------------------------------------
                                     13 ; special function registers
                                     14 ;--------------------------------------------------------
                                     15 ;--------------------------------------------------------
                                     16 ; ram data
                                     17 ;--------------------------------------------------------
                                     18 	.area _DATA
                                     19 ;--------------------------------------------------------
                                     20 ; ram data
                                     21 ;--------------------------------------------------------
                                     22 	.area _INITIALIZED
                                     23 ;--------------------------------------------------------
                                     24 ; absolute external ram data
                                     25 ;--------------------------------------------------------
                                     26 	.area _DABS (ABS)
                                     27 ;--------------------------------------------------------
                                     28 ; global & static initialisations
                                     29 ;--------------------------------------------------------
                                     30 	.area _HOME
                                     31 	.area _GSINIT
                                     32 	.area _GSFINAL
                                     33 	.area _GSINIT
                                     34 ;--------------------------------------------------------
                                     35 ; Home
                                     36 ;--------------------------------------------------------
                                     37 	.area _HOME
                                     38 	.area _HOME
                                     39 ;--------------------------------------------------------
                                     40 ; code
                                     41 ;--------------------------------------------------------
                                     42 	.area _CODE
                                     43 	.area _CODE
      000000                         44 _SpaceInvadersTiles:
      000000 00                      45 	.db #0x00	; 0
      000001 00                      46 	.db #0x00	; 0
      000002 00                      47 	.db #0x00	; 0
      000003 00                      48 	.db #0x00	; 0
      000004 00                      49 	.db #0x00	; 0
      000005 00                      50 	.db #0x00	; 0
      000006 00                      51 	.db #0x00	; 0
      000007 00                      52 	.db #0x00	; 0
      000008 00                      53 	.db #0x00	; 0
      000009 00                      54 	.db #0x00	; 0
      00000A 00                      55 	.db #0x00	; 0
      00000B 00                      56 	.db #0x00	; 0
      00000C 00                      57 	.db #0x00	; 0
      00000D 00                      58 	.db #0x00	; 0
      00000E 00                      59 	.db #0x00	; 0
      00000F 00                      60 	.db #0x00	; 0
      000010 00                      61 	.db #0x00	; 0
      000011 00                      62 	.db #0x00	; 0
      000012 01                      63 	.db #0x01	; 1
      000013 01                      64 	.db #0x01	; 1
      000014 03                      65 	.db #0x03	; 3
      000015 03                      66 	.db #0x03	; 3
      000016 03                      67 	.db #0x03	; 3
      000017 03                      68 	.db #0x03	; 3
      000018 3F                      69 	.db #0x3f	; 63
      000019 3F                      70 	.db #0x3f	; 63
      00001A 7F                      71 	.db #0x7f	; 127
      00001B 7F                      72 	.db #0x7f	; 127
      00001C 7F                      73 	.db #0x7f	; 127
      00001D 7F                      74 	.db #0x7f	; 127
      00001E 7F                      75 	.db #0x7f	; 127
      00001F 7F                      76 	.db #0x7f	; 127
      000020 00                      77 	.db #0x00	; 0
      000021 00                      78 	.db #0x00	; 0
      000022 00                      79 	.db #0x00	; 0
      000023 00                      80 	.db #0x00	; 0
      000024 80                      81 	.db #0x80	; 128
      000025 80                      82 	.db #0x80	; 128
      000026 80                      83 	.db #0x80	; 128
      000027 80                      84 	.db #0x80	; 128
      000028 F8                      85 	.db #0xf8	; 248
      000029 F8                      86 	.db #0xf8	; 248
      00002A FC                      87 	.db #0xfc	; 252
      00002B FC                      88 	.db #0xfc	; 252
      00002C FC                      89 	.db #0xfc	; 252
      00002D FC                      90 	.db #0xfc	; 252
      00002E FC                      91 	.db #0xfc	; 252
      00002F FC                      92 	.db #0xfc	; 252
      000030 FF                      93 	.db #0xff	; 255
      000031 FF                      94 	.db #0xff	; 255
      000032 FF                      95 	.db #0xff	; 255
      000033 FF                      96 	.db #0xff	; 255
      000034 FF                      97 	.db #0xff	; 255
      000035 FF                      98 	.db #0xff	; 255
      000036 FF                      99 	.db #0xff	; 255
      000037 FF                     100 	.db #0xff	; 255
      000038 FF                     101 	.db #0xff	; 255
      000039 FF                     102 	.db #0xff	; 255
      00003A FF                     103 	.db #0xff	; 255
      00003B FF                     104 	.db #0xff	; 255
      00003C FF                     105 	.db #0xff	; 255
      00003D FF                     106 	.db #0xff	; 255
      00003E FF                     107 	.db #0xff	; 255
      00003F FF                     108 	.db #0xff	; 255
      000040 EB                     109 	.db #0xeb	; 235
      000041 EB                     110 	.db #0xeb	; 235
      000042 FF                     111 	.db #0xff	; 255
      000043 FF                     112 	.db #0xff	; 255
      000044 7F                     113 	.db #0x7f	; 127
      000045 7F                     114 	.db #0x7f	; 127
      000046 EE                     115 	.db #0xee	; 238
      000047 EE                     116 	.db #0xee	; 238
      000048 3F                     117 	.db #0x3f	; 63
      000049 3F                     118 	.db #0x3f	; 63
      00004A EE                     119 	.db #0xee	; 238
      00004B EE                     120 	.db #0xee	; 238
      00004C 5E                     121 	.db #0x5e	; 94
      00004D 5E                     122 	.db #0x5e	; 94
      00004E 97                     123 	.db #0x97	; 151
      00004F 97                     124 	.db #0x97	; 151
      000050 64                     125 	.db #0x64	; 100	'd'
      000051 64                     126 	.db #0x64	; 100	'd'
      000052 46                     127 	.db #0x46	; 70	'F'
      000053 46                     128 	.db #0x46	; 70	'F'
      000054 DA                     129 	.db #0xda	; 218
      000055 DA                     130 	.db #0xda	; 218
      000056 28                     131 	.db #0x28	; 40
      000057 28                     132 	.db #0x28	; 40
      000058 6B                     133 	.db #0x6b	; 107	'k'
      000059 6B                     134 	.db #0x6b	; 107	'k'
      00005A 46                     135 	.db #0x46	; 70	'F'
      00005B 46                     136 	.db #0x46	; 70	'F'
      00005C AC                     137 	.db #0xac	; 172
      00005D AC                     138 	.db #0xac	; 172
      00005E 51                     139 	.db #0x51	; 81	'Q'
      00005F 51                     140 	.db #0x51	; 81	'Q'
      000060 01                     141 	.db #0x01	; 1
      000061 01                     142 	.db #0x01	; 1
      000062 03                     143 	.db #0x03	; 3
      000063 03                     144 	.db #0x03	; 3
      000064 07                     145 	.db #0x07	; 7
      000065 07                     146 	.db #0x07	; 7
      000066 0F                     147 	.db #0x0f	; 15
      000067 0F                     148 	.db #0x0f	; 15
      000068 1F                     149 	.db #0x1f	; 31
      000069 1F                     150 	.db #0x1f	; 31
      00006A 3F                     151 	.db #0x3f	; 63
      00006B 3F                     152 	.db #0x3f	; 63
      00006C 7F                     153 	.db #0x7f	; 127
      00006D 7F                     154 	.db #0x7f	; 127
      00006E FF                     155 	.db #0xff	; 255
      00006F FF                     156 	.db #0xff	; 255
      000070 01                     157 	.db #0x01	; 1
      000071 01                     158 	.db #0x01	; 1
      000072 01                     159 	.db #0x01	; 1
      000073 01                     160 	.db #0x01	; 1
      000074 07                     161 	.db #0x07	; 7
      000075 07                     162 	.db #0x07	; 7
      000076 04                     163 	.db #0x04	; 4
      000077 04                     164 	.db #0x04	; 4
      000078 0F                     165 	.db #0x0f	; 15
      000079 0F                     166 	.db #0x0f	; 15
      00007A 3A                     167 	.db #0x3a	; 58
      00007B 3A                     168 	.db #0x3a	; 58
      00007C 2F                     169 	.db #0x2f	; 47
      00007D 2F                     170 	.db #0x2f	; 47
      00007E DB                     171 	.db #0xdb	; 219
      00007F DB                     172 	.db #0xdb	; 219
      000080 01                     173 	.db #0x01	; 1
      000081 01                     174 	.db #0x01	; 1
      000082 00                     175 	.db #0x00	; 0
      000083 00                     176 	.db #0x00	; 0
      000084 03                     177 	.db #0x03	; 3
      000085 03                     178 	.db #0x03	; 3
      000086 04                     179 	.db #0x04	; 4
      000087 04                     180 	.db #0x04	; 4
      000088 19                     181 	.db #0x19	; 25
      000089 19                     182 	.db #0x19	; 25
      00008A 22                     183 	.db #0x22	; 34
      00008B 22                     184 	.db #0x22	; 34
      00008C 49                     185 	.db #0x49	; 73	'I'
      00008D 49                     186 	.db #0x49	; 73	'I'
      00008E 24                     187 	.db #0x24	; 36
      00008F 24                     188 	.db #0x24	; 36
      000090 80                     189 	.db #0x80	; 128
      000091 80                     190 	.db #0x80	; 128
      000092 C0                     191 	.db #0xc0	; 192
      000093 C0                     192 	.db #0xc0	; 192
      000094 E0                     193 	.db #0xe0	; 224
      000095 E0                     194 	.db #0xe0	; 224
      000096 F0                     195 	.db #0xf0	; 240
      000097 F0                     196 	.db #0xf0	; 240
      000098 F8                     197 	.db #0xf8	; 248
      000099 F8                     198 	.db #0xf8	; 248
      00009A FC                     199 	.db #0xfc	; 252
      00009B FC                     200 	.db #0xfc	; 252
      00009C FE                     201 	.db #0xfe	; 254
      00009D FE                     202 	.db #0xfe	; 254
      00009E FF                     203 	.db #0xff	; 255
      00009F FF                     204 	.db #0xff	; 255
      0000A0 80                     205 	.db #0x80	; 128
      0000A1 80                     206 	.db #0x80	; 128
      0000A2 80                     207 	.db #0x80	; 128
      0000A3 80                     208 	.db #0x80	; 128
      0000A4 E0                     209 	.db #0xe0	; 224
      0000A5 E0                     210 	.db #0xe0	; 224
      0000A6 20                     211 	.db #0x20	; 32
      0000A7 20                     212 	.db #0x20	; 32
      0000A8 F0                     213 	.db #0xf0	; 240
      0000A9 F0                     214 	.db #0xf0	; 240
      0000AA 5C                     215 	.db #0x5c	; 92
      0000AB 5C                     216 	.db #0x5c	; 92
      0000AC F4                     217 	.db #0xf4	; 244
      0000AD F4                     218 	.db #0xf4	; 244
      0000AE DB                     219 	.db #0xdb	; 219
      0000AF DB                     220 	.db #0xdb	; 219
      0000B0 80                     221 	.db #0x80	; 128
      0000B1 80                     222 	.db #0x80	; 128
      0000B2 00                     223 	.db #0x00	; 0
      0000B3 00                     224 	.db #0x00	; 0
      0000B4 C0                     225 	.db #0xc0	; 192
      0000B5 C0                     226 	.db #0xc0	; 192
      0000B6 20                     227 	.db #0x20	; 32
      0000B7 20                     228 	.db #0x20	; 32
      0000B8 98                     229 	.db #0x98	; 152
      0000B9 98                     230 	.db #0x98	; 152
      0000BA 44                     231 	.db #0x44	; 68	'D'
      0000BB 44                     232 	.db #0x44	; 68	'D'
      0000BC 92                     233 	.db #0x92	; 146
      0000BD 92                     234 	.db #0x92	; 146
      0000BE 24                     235 	.db #0x24	; 36
      0000BF 24                     236 	.db #0x24	; 36
      0000C0 F8                     237 	.db #0xf8	; 248
      0000C1 F8                     238 	.db #0xf8	; 248
      0000C2 E0                     239 	.db #0xe0	; 224
      0000C3 E0                     240 	.db #0xe0	; 224
      0000C4 C0                     241 	.db #0xc0	; 192
      0000C5 C0                     242 	.db #0xc0	; 192
      0000C6 80                     243 	.db #0x80	; 128
      0000C7 80                     244 	.db #0x80	; 128
      0000C8 80                     245 	.db #0x80	; 128
      0000C9 80                     246 	.db #0x80	; 128
      0000CA 00                     247 	.db #0x00	; 0
      0000CB 00                     248 	.db #0x00	; 0
      0000CC 00                     249 	.db #0x00	; 0
      0000CD 00                     250 	.db #0x00	; 0
      0000CE 00                     251 	.db #0x00	; 0
      0000CF 00                     252 	.db #0x00	; 0
      0000D0 D8                     253 	.db #0xd8	; 216
      0000D1 D8                     254 	.db #0xd8	; 216
      0000D2 E0                     255 	.db #0xe0	; 224
      0000D3 E0                     256 	.db #0xe0	; 224
      0000D4 00                     257 	.db #0x00	; 0
      0000D5 00                     258 	.db #0x00	; 0
      0000D6 80                     259 	.db #0x80	; 128
      0000D7 80                     260 	.db #0x80	; 128
      0000D8 80                     261 	.db #0x80	; 128
      0000D9 80                     262 	.db #0x80	; 128
      0000DA 00                     263 	.db #0x00	; 0
      0000DB 00                     264 	.db #0x00	; 0
      0000DC 00                     265 	.db #0x00	; 0
      0000DD 00                     266 	.db #0x00	; 0
      0000DE 00                     267 	.db #0x00	; 0
      0000DF 00                     268 	.db #0x00	; 0
      0000E0 48                     269 	.db #0x48	; 72	'H'
      0000E1 48                     270 	.db #0x48	; 72	'H'
      0000E2 00                     271 	.db #0x00	; 0
      0000E3 00                     272 	.db #0x00	; 0
      0000E4 40                     273 	.db #0x40	; 64
      0000E5 40                     274 	.db #0x40	; 64
      0000E6 00                     275 	.db #0x00	; 0
      0000E7 00                     276 	.db #0x00	; 0
      0000E8 80                     277 	.db #0x80	; 128
      0000E9 80                     278 	.db #0x80	; 128
      0000EA 00                     279 	.db #0x00	; 0
      0000EB 00                     280 	.db #0x00	; 0
      0000EC 00                     281 	.db #0x00	; 0
      0000ED 00                     282 	.db #0x00	; 0
      0000EE 00                     283 	.db #0x00	; 0
      0000EF 00                     284 	.db #0x00	; 0
      0000F0 1F                     285 	.db #0x1f	; 31
      0000F1 1F                     286 	.db #0x1f	; 31
      0000F2 07                     287 	.db #0x07	; 7
      0000F3 07                     288 	.db #0x07	; 7
      0000F4 03                     289 	.db #0x03	; 3
      0000F5 03                     290 	.db #0x03	; 3
      0000F6 01                     291 	.db #0x01	; 1
      0000F7 01                     292 	.db #0x01	; 1
      0000F8 01                     293 	.db #0x01	; 1
      0000F9 01                     294 	.db #0x01	; 1
      0000FA 00                     295 	.db #0x00	; 0
      0000FB 00                     296 	.db #0x00	; 0
      0000FC 00                     297 	.db #0x00	; 0
      0000FD 00                     298 	.db #0x00	; 0
      0000FE 00                     299 	.db #0x00	; 0
      0000FF 00                     300 	.db #0x00	; 0
      000100 1B                     301 	.db #0x1b	; 27
      000101 1B                     302 	.db #0x1b	; 27
      000102 07                     303 	.db #0x07	; 7
      000103 07                     304 	.db #0x07	; 7
      000104 00                     305 	.db #0x00	; 0
      000105 00                     306 	.db #0x00	; 0
      000106 01                     307 	.db #0x01	; 1
      000107 01                     308 	.db #0x01	; 1
      000108 01                     309 	.db #0x01	; 1
      000109 01                     310 	.db #0x01	; 1
      00010A 00                     311 	.db #0x00	; 0
      00010B 00                     312 	.db #0x00	; 0
      00010C 00                     313 	.db #0x00	; 0
      00010D 00                     314 	.db #0x00	; 0
      00010E 00                     315 	.db #0x00	; 0
      00010F 00                     316 	.db #0x00	; 0
      000110 12                     317 	.db #0x12	; 18
      000111 12                     318 	.db #0x12	; 18
      000112 00                     319 	.db #0x00	; 0
      000113 00                     320 	.db #0x00	; 0
      000114 02                     321 	.db #0x02	; 2
      000115 02                     322 	.db #0x02	; 2
      000116 00                     323 	.db #0x00	; 0
      000117 00                     324 	.db #0x00	; 0
      000118 01                     325 	.db #0x01	; 1
      000119 01                     326 	.db #0x01	; 1
      00011A 00                     327 	.db #0x00	; 0
      00011B 00                     328 	.db #0x00	; 0
      00011C 00                     329 	.db #0x00	; 0
      00011D 00                     330 	.db #0x00	; 0
      00011E 00                     331 	.db #0x00	; 0
      00011F 00                     332 	.db #0x00	; 0
      000120 00                     333 	.db #0x00	; 0
      000121 00                     334 	.db #0x00	; 0
      000122 00                     335 	.db #0x00	; 0
      000123 00                     336 	.db #0x00	; 0
      000124 80                     337 	.db #0x80	; 128
      000125 80                     338 	.db #0x80	; 128
      000126 C0                     339 	.db #0xc0	; 192
      000127 C0                     340 	.db #0xc0	; 192
      000128 C0                     341 	.db #0xc0	; 192
      000129 C0                     342 	.db #0xc0	; 192
      00012A 00                     343 	.db #0x00	; 0
      00012B 00                     344 	.db #0x00	; 0
      00012C 80                     345 	.db #0x80	; 128
      00012D 80                     346 	.db #0x80	; 128
      00012E 40                     347 	.db #0x40	; 64
      00012F 40                     348 	.db #0x40	; 64
      000130 80                     349 	.db #0x80	; 128
      000131 80                     350 	.db #0x80	; 128
      000132 C0                     351 	.db #0xc0	; 192
      000133 C0                     352 	.db #0xc0	; 192
      000134 E0                     353 	.db #0xe0	; 224
      000135 E0                     354 	.db #0xe0	; 224
      000136 B0                     355 	.db #0xb0	; 176
      000137 B0                     356 	.db #0xb0	; 176
      000138 F0                     357 	.db #0xf0	; 240
      000139 F0                     358 	.db #0xf0	; 240
      00013A A0                     359 	.db #0xa0	; 160
      00013B A0                     360 	.db #0xa0	; 160
      00013C 10                     361 	.db #0x10	; 16
      00013D 10                     362 	.db #0x10	; 16
      00013E 20                     363 	.db #0x20	; 32
      00013F 20                     364 	.db #0x20	; 32
      000140 60                     365 	.db #0x60	; 96
      000141 60                     366 	.db #0x60	; 96
      000142 F0                     367 	.db #0xf0	; 240
      000143 F0                     368 	.db #0xf0	; 240
      000144 F8                     369 	.db #0xf8	; 248
      000145 F8                     370 	.db #0xf8	; 248
      000146 6C                     371 	.db #0x6c	; 108	'l'
      000147 6C                     372 	.db #0x6c	; 108	'l'
      000148 FC                     373 	.db #0xfc	; 252
      000149 FC                     374 	.db #0xfc	; 252
      00014A 90                     375 	.db #0x90	; 144
      00014B 90                     376 	.db #0x90	; 144
      00014C 68                     377 	.db #0x68	; 104	'h'
      00014D 68                     378 	.db #0x68	; 104	'h'
      00014E 94                     379 	.db #0x94	; 148
      00014F 94                     380 	.db #0x94	; 148
      000150 18                     381 	.db #0x18	; 24
      000151 18                     382 	.db #0x18	; 24
      000152 3C                     383 	.db #0x3c	; 60
      000153 3C                     384 	.db #0x3c	; 60
      000154 7E                     385 	.db #0x7e	; 126
      000155 7E                     386 	.db #0x7e	; 126
      000156 DB                     387 	.db #0xdb	; 219
      000157 DB                     388 	.db #0xdb	; 219
      000158 FF                     389 	.db #0xff	; 255
      000159 FF                     390 	.db #0xff	; 255
      00015A 5A                     391 	.db #0x5a	; 90	'Z'
      00015B 5A                     392 	.db #0x5a	; 90	'Z'
      00015C 81                     393 	.db #0x81	; 129
      00015D 81                     394 	.db #0x81	; 129
      00015E 42                     395 	.db #0x42	; 66	'B'
      00015F 42                     396 	.db #0x42	; 66	'B'
      000160 06                     397 	.db #0x06	; 6
      000161 06                     398 	.db #0x06	; 6
      000162 0F                     399 	.db #0x0f	; 15
      000163 0F                     400 	.db #0x0f	; 15
      000164 1F                     401 	.db #0x1f	; 31
      000165 1F                     402 	.db #0x1f	; 31
      000166 36                     403 	.db #0x36	; 54	'6'
      000167 36                     404 	.db #0x36	; 54	'6'
      000168 3F                     405 	.db #0x3f	; 63
      000169 3F                     406 	.db #0x3f	; 63
      00016A 09                     407 	.db #0x09	; 9
      00016B 09                     408 	.db #0x09	; 9
      00016C 16                     409 	.db #0x16	; 22
      00016D 16                     410 	.db #0x16	; 22
      00016E 29                     411 	.db #0x29	; 41
      00016F 29                     412 	.db #0x29	; 41
      000170 01                     413 	.db #0x01	; 1
      000171 01                     414 	.db #0x01	; 1
      000172 03                     415 	.db #0x03	; 3
      000173 03                     416 	.db #0x03	; 3
      000174 07                     417 	.db #0x07	; 7
      000175 07                     418 	.db #0x07	; 7
      000176 0D                     419 	.db #0x0d	; 13
      000177 0D                     420 	.db #0x0d	; 13
      000178 0F                     421 	.db #0x0f	; 15
      000179 0F                     422 	.db #0x0f	; 15
      00017A 05                     423 	.db #0x05	; 5
      00017B 05                     424 	.db #0x05	; 5
      00017C 08                     425 	.db #0x08	; 8
      00017D 08                     426 	.db #0x08	; 8
      00017E 04                     427 	.db #0x04	; 4
      00017F 04                     428 	.db #0x04	; 4
      000180 00                     429 	.db #0x00	; 0
      000181 00                     430 	.db #0x00	; 0
      000182 00                     431 	.db #0x00	; 0
      000183 00                     432 	.db #0x00	; 0
      000184 01                     433 	.db #0x01	; 1
      000185 01                     434 	.db #0x01	; 1
      000186 03                     435 	.db #0x03	; 3
      000187 03                     436 	.db #0x03	; 3
      000188 03                     437 	.db #0x03	; 3
      000189 03                     438 	.db #0x03	; 3
      00018A 00                     439 	.db #0x00	; 0
      00018B 00                     440 	.db #0x00	; 0
      00018C 01                     441 	.db #0x01	; 1
      00018D 01                     442 	.db #0x01	; 1
      00018E 02                     443 	.db #0x02	; 2
      00018F 02                     444 	.db #0x02	; 2
      000190 00                     445 	.db #0x00	; 0
      000191 00                     446 	.db #0x00	; 0
      000192 00                     447 	.db #0x00	; 0
      000193 00                     448 	.db #0x00	; 0
      000194 00                     449 	.db #0x00	; 0
      000195 00                     450 	.db #0x00	; 0
      000196 00                     451 	.db #0x00	; 0
      000197 00                     452 	.db #0x00	; 0
      000198 00                     453 	.db #0x00	; 0
      000199 00                     454 	.db #0x00	; 0
      00019A 00                     455 	.db #0x00	; 0
      00019B 00                     456 	.db #0x00	; 0
      00019C 00                     457 	.db #0x00	; 0
      00019D 00                     458 	.db #0x00	; 0
      00019E 00                     459 	.db #0x00	; 0
      00019F 00                     460 	.db #0x00	; 0
      0001A0 02                     461 	.db #0x02	; 2
      0001A1 02                     462 	.db #0x02	; 2
      0001A2 02                     463 	.db #0x02	; 2
      0001A3 02                     464 	.db #0x02	; 2
      0001A4 03                     465 	.db #0x03	; 3
      0001A5 03                     466 	.db #0x03	; 3
      0001A6 03                     467 	.db #0x03	; 3
      0001A7 03                     468 	.db #0x03	; 3
      0001A8 03                     469 	.db #0x03	; 3
      0001A9 03                     470 	.db #0x03	; 3
      0001AA 01                     471 	.db #0x01	; 1
      0001AB 01                     472 	.db #0x01	; 1
      0001AC 00                     473 	.db #0x00	; 0
      0001AD 00                     474 	.db #0x00	; 0
      0001AE 01                     475 	.db #0x01	; 1
      0001AF 01                     476 	.db #0x01	; 1
      0001B0 02                     477 	.db #0x02	; 2
      0001B1 02                     478 	.db #0x02	; 2
      0001B2 03                     479 	.db #0x03	; 3
      0001B3 03                     480 	.db #0x03	; 3
      0001B4 07                     481 	.db #0x07	; 7
      0001B5 07                     482 	.db #0x07	; 7
      0001B6 0D                     483 	.db #0x0d	; 13
      0001B7 0D                     484 	.db #0x0d	; 13
      0001B8 0F                     485 	.db #0x0f	; 15
      0001B9 0F                     486 	.db #0x0f	; 15
      0001BA 0B                     487 	.db #0x0b	; 11
      0001BB 0B                     488 	.db #0x0b	; 11
      0001BC 0A                     489 	.db #0x0a	; 10
      0001BD 0A                     490 	.db #0x0a	; 10
      0001BE 02                     491 	.db #0x02	; 2
      0001BF 02                     492 	.db #0x02	; 2
      0001C0 29                     493 	.db #0x29	; 41
      0001C1 29                     494 	.db #0x29	; 41
      0001C2 2F                     495 	.db #0x2f	; 47
      0001C3 2F                     496 	.db #0x2f	; 47
      0001C4 3F                     497 	.db #0x3f	; 63
      0001C5 3F                     498 	.db #0x3f	; 63
      0001C6 36                     499 	.db #0x36	; 54	'6'
      0001C7 36                     500 	.db #0x36	; 54	'6'
      0001C8 3F                     501 	.db #0x3f	; 63
      0001C9 3F                     502 	.db #0x3f	; 63
      0001CA 1F                     503 	.db #0x1f	; 31
      0001CB 1F                     504 	.db #0x1f	; 31
      0001CC 09                     505 	.db #0x09	; 9
      0001CD 09                     506 	.db #0x09	; 9
      0001CE 10                     507 	.db #0x10	; 16
      0001CF 10                     508 	.db #0x10	; 16
      0001D0 24                     509 	.db #0x24	; 36
      0001D1 24                     510 	.db #0x24	; 36
      0001D2 3C                     511 	.db #0x3c	; 60
      0001D3 3C                     512 	.db #0x3c	; 60
      0001D4 7E                     513 	.db #0x7e	; 126
      0001D5 7E                     514 	.db #0x7e	; 126
      0001D6 DB                     515 	.db #0xdb	; 219
      0001D7 DB                     516 	.db #0xdb	; 219
      0001D8 FF                     517 	.db #0xff	; 255
      0001D9 FF                     518 	.db #0xff	; 255
      0001DA BD                     519 	.db #0xbd	; 189
      0001DB BD                     520 	.db #0xbd	; 189
      0001DC 25                     521 	.db #0x25	; 37
      0001DD 25                     522 	.db #0x25	; 37
      0001DE 24                     523 	.db #0x24	; 36
      0001DF 24                     524 	.db #0x24	; 36
      0001E0 94                     525 	.db #0x94	; 148
      0001E1 94                     526 	.db #0x94	; 148
      0001E2 F4                     527 	.db #0xf4	; 244
      0001E3 F4                     528 	.db #0xf4	; 244
      0001E4 FC                     529 	.db #0xfc	; 252
      0001E5 FC                     530 	.db #0xfc	; 252
      0001E6 6C                     531 	.db #0x6c	; 108	'l'
      0001E7 6C                     532 	.db #0x6c	; 108	'l'
      0001E8 FC                     533 	.db #0xfc	; 252
      0001E9 FC                     534 	.db #0xfc	; 252
      0001EA F8                     535 	.db #0xf8	; 248
      0001EB F8                     536 	.db #0xf8	; 248
      0001EC 90                     537 	.db #0x90	; 144
      0001ED 90                     538 	.db #0x90	; 144
      0001EE 08                     539 	.db #0x08	; 8
      0001EF 08                     540 	.db #0x08	; 8
      0001F0 40                     541 	.db #0x40	; 64
      0001F1 40                     542 	.db #0x40	; 64
      0001F2 C0                     543 	.db #0xc0	; 192
      0001F3 C0                     544 	.db #0xc0	; 192
      0001F4 E0                     545 	.db #0xe0	; 224
      0001F5 E0                     546 	.db #0xe0	; 224
      0001F6 B0                     547 	.db #0xb0	; 176
      0001F7 B0                     548 	.db #0xb0	; 176
      0001F8 F0                     549 	.db #0xf0	; 240
      0001F9 F0                     550 	.db #0xf0	; 240
      0001FA D0                     551 	.db #0xd0	; 208
      0001FB D0                     552 	.db #0xd0	; 208
      0001FC 50                     553 	.db #0x50	; 80	'P'
      0001FD 50                     554 	.db #0x50	; 80	'P'
      0001FE 40                     555 	.db #0x40	; 64
      0001FF 40                     556 	.db #0x40	; 64
      000200 40                     557 	.db #0x40	; 64
      000201 40                     558 	.db #0x40	; 64
      000202 40                     559 	.db #0x40	; 64
      000203 40                     560 	.db #0x40	; 64
      000204 C0                     561 	.db #0xc0	; 192
      000205 C0                     562 	.db #0xc0	; 192
      000206 C0                     563 	.db #0xc0	; 192
      000207 C0                     564 	.db #0xc0	; 192
      000208 C0                     565 	.db #0xc0	; 192
      000209 C0                     566 	.db #0xc0	; 192
      00020A 80                     567 	.db #0x80	; 128
      00020B 80                     568 	.db #0x80	; 128
      00020C 00                     569 	.db #0x00	; 0
      00020D 00                     570 	.db #0x00	; 0
      00020E 80                     571 	.db #0x80	; 128
      00020F 80                     572 	.db #0x80	; 128
      000210 00                     573 	.db #0x00	; 0
      000211 00                     574 	.db #0x00	; 0
      000212 00                     575 	.db #0x00	; 0
      000213 00                     576 	.db #0x00	; 0
      000214 00                     577 	.db #0x00	; 0
      000215 00                     578 	.db #0x00	; 0
      000216 00                     579 	.db #0x00	; 0
      000217 00                     580 	.db #0x00	; 0
      000218 00                     581 	.db #0x00	; 0
      000219 00                     582 	.db #0x00	; 0
      00021A 00                     583 	.db #0x00	; 0
      00021B 00                     584 	.db #0x00	; 0
      00021C 00                     585 	.db #0x00	; 0
      00021D 00                     586 	.db #0x00	; 0
      00021E 00                     587 	.db #0x00	; 0
      00021F 00                     588 	.db #0x00	; 0
      000220 00                     589 	.db #0x00	; 0
      000221 00                     590 	.db #0x00	; 0
      000222 01                     591 	.db #0x01	; 1
      000223 01                     592 	.db #0x01	; 1
      000224 03                     593 	.db #0x03	; 3
      000225 03                     594 	.db #0x03	; 3
      000226 02                     595 	.db #0x02	; 2
      000227 02                     596 	.db #0x02	; 2
      000228 03                     597 	.db #0x03	; 3
      000229 03                     598 	.db #0x03	; 3
      00022A 00                     599 	.db #0x00	; 0
      00022B 00                     600 	.db #0x00	; 0
      00022C 01                     601 	.db #0x01	; 1
      00022D 01                     602 	.db #0x01	; 1
      00022E 03                     603 	.db #0x03	; 3
      00022F 03                     604 	.db #0x03	; 3
      000230 01                     605 	.db #0x01	; 1
      000231 01                     606 	.db #0x01	; 1
      000232 07                     607 	.db #0x07	; 7
      000233 07                     608 	.db #0x07	; 7
      000234 0F                     609 	.db #0x0f	; 15
      000235 0F                     610 	.db #0x0f	; 15
      000236 09                     611 	.db #0x09	; 9
      000237 09                     612 	.db #0x09	; 9
      000238 0F                     613 	.db #0x0f	; 15
      000239 0F                     614 	.db #0x0f	; 15
      00023A 03                     615 	.db #0x03	; 3
      00023B 03                     616 	.db #0x03	; 3
      00023C 04                     617 	.db #0x04	; 4
      00023D 04                     618 	.db #0x04	; 4
      00023E 02                     619 	.db #0x02	; 2
      00023F 02                     620 	.db #0x02	; 2
      000240 03                     621 	.db #0x03	; 3
      000241 03                     622 	.db #0x03	; 3
      000242 0F                     623 	.db #0x0f	; 15
      000243 0F                     624 	.db #0x0f	; 15
      000244 1F                     625 	.db #0x1f	; 31
      000245 1F                     626 	.db #0x1f	; 31
      000246 13                     627 	.db #0x13	; 19
      000247 13                     628 	.db #0x13	; 19
      000248 1F                     629 	.db #0x1f	; 31
      000249 1F                     630 	.db #0x1f	; 31
      00024A 07                     631 	.db #0x07	; 7
      00024B 07                     632 	.db #0x07	; 7
      00024C 0C                     633 	.db #0x0c	; 12
      00024D 0C                     634 	.db #0x0c	; 12
      00024E 18                     635 	.db #0x18	; 24
      00024F 18                     636 	.db #0x18	; 24
      000250 18                     637 	.db #0x18	; 24
      000251 18                     638 	.db #0x18	; 24
      000252 7E                     639 	.db #0x7e	; 126
      000253 7E                     640 	.db #0x7e	; 126
      000254 FF                     641 	.db #0xff	; 255
      000255 FF                     642 	.db #0xff	; 255
      000256 99                     643 	.db #0x99	; 153
      000257 99                     644 	.db #0x99	; 153
      000258 FF                     645 	.db #0xff	; 255
      000259 FF                     646 	.db #0xff	; 255
      00025A 3C                     647 	.db #0x3c	; 60
      00025B 3C                     648 	.db #0x3c	; 60
      00025C 42                     649 	.db #0x42	; 66	'B'
      00025D 42                     650 	.db #0x42	; 66	'B'
      00025E 24                     651 	.db #0x24	; 36
      00025F 24                     652 	.db #0x24	; 36
      000260 C0                     653 	.db #0xc0	; 192
      000261 C0                     654 	.db #0xc0	; 192
      000262 F0                     655 	.db #0xf0	; 240
      000263 F0                     656 	.db #0xf0	; 240
      000264 F8                     657 	.db #0xf8	; 248
      000265 F8                     658 	.db #0xf8	; 248
      000266 C8                     659 	.db #0xc8	; 200
      000267 C8                     660 	.db #0xc8	; 200
      000268 F8                     661 	.db #0xf8	; 248
      000269 F8                     662 	.db #0xf8	; 248
      00026A E0                     663 	.db #0xe0	; 224
      00026B E0                     664 	.db #0xe0	; 224
      00026C 30                     665 	.db #0x30	; 48	'0'
      00026D 30                     666 	.db #0x30	; 48	'0'
      00026E 18                     667 	.db #0x18	; 24
      00026F 18                     668 	.db #0x18	; 24
      000270 80                     669 	.db #0x80	; 128
      000271 80                     670 	.db #0x80	; 128
      000272 E0                     671 	.db #0xe0	; 224
      000273 E0                     672 	.db #0xe0	; 224
      000274 F0                     673 	.db #0xf0	; 240
      000275 F0                     674 	.db #0xf0	; 240
      000276 90                     675 	.db #0x90	; 144
      000277 90                     676 	.db #0x90	; 144
      000278 F0                     677 	.db #0xf0	; 240
      000279 F0                     678 	.db #0xf0	; 240
      00027A C0                     679 	.db #0xc0	; 192
      00027B C0                     680 	.db #0xc0	; 192
      00027C 20                     681 	.db #0x20	; 32
      00027D 20                     682 	.db #0x20	; 32
      00027E 40                     683 	.db #0x40	; 64
      00027F 40                     684 	.db #0x40	; 64
      000280 00                     685 	.db #0x00	; 0
      000281 00                     686 	.db #0x00	; 0
      000282 80                     687 	.db #0x80	; 128
      000283 80                     688 	.db #0x80	; 128
      000284 C0                     689 	.db #0xc0	; 192
      000285 C0                     690 	.db #0xc0	; 192
      000286 40                     691 	.db #0x40	; 64
      000287 40                     692 	.db #0x40	; 64
      000288 C0                     693 	.db #0xc0	; 192
      000289 C0                     694 	.db #0xc0	; 192
      00028A 00                     695 	.db #0x00	; 0
      00028B 00                     696 	.db #0x00	; 0
      00028C 80                     697 	.db #0x80	; 128
      00028D 80                     698 	.db #0x80	; 128
      00028E C0                     699 	.db #0xc0	; 192
      00028F C0                     700 	.db #0xc0	; 192
      000290 00                     701 	.db #0x00	; 0
      000291 00                     702 	.db #0x00	; 0
      000292 00                     703 	.db #0x00	; 0
      000293 00                     704 	.db #0x00	; 0
      000294 00                     705 	.db #0x00	; 0
      000295 00                     706 	.db #0x00	; 0
      000296 00                     707 	.db #0x00	; 0
      000297 00                     708 	.db #0x00	; 0
      000298 00                     709 	.db #0x00	; 0
      000299 00                     710 	.db #0x00	; 0
      00029A 00                     711 	.db #0x00	; 0
      00029B 00                     712 	.db #0x00	; 0
      00029C 00                     713 	.db #0x00	; 0
      00029D 00                     714 	.db #0x00	; 0
      00029E 00                     715 	.db #0x00	; 0
      00029F 00                     716 	.db #0x00	; 0
      0002A0 00                     717 	.db #0x00	; 0
      0002A1 00                     718 	.db #0x00	; 0
      0002A2 08                     719 	.db #0x08	; 8
      0002A3 08                     720 	.db #0x08	; 8
      0002A4 08                     721 	.db #0x08	; 8
      0002A5 08                     722 	.db #0x08	; 8
      0002A6 08                     723 	.db #0x08	; 8
      0002A7 08                     724 	.db #0x08	; 8
      0002A8 08                     725 	.db #0x08	; 8
      0002A9 08                     726 	.db #0x08	; 8
      0002AA 08                     727 	.db #0x08	; 8
      0002AB 08                     728 	.db #0x08	; 8
      0002AC 08                     729 	.db #0x08	; 8
      0002AD 08                     730 	.db #0x08	; 8
      0002AE 00                     731 	.db #0x00	; 0
      0002AF 00                     732 	.db #0x00	; 0
      0002B0 00                     733 	.db #0x00	; 0
      0002B1 00                     734 	.db #0x00	; 0
      0002B2 42                     735 	.db #0x42	; 66	'B'
      0002B3 42                     736 	.db #0x42	; 66	'B'
      0002B4 24                     737 	.db #0x24	; 36
      0002B5 24                     738 	.db #0x24	; 36
      0002B6 00                     739 	.db #0x00	; 0
      0002B7 00                     740 	.db #0x00	; 0
      0002B8 C3                     741 	.db #0xc3	; 195
      0002B9 C3                     742 	.db #0xc3	; 195
      0002BA 00                     743 	.db #0x00	; 0
      0002BB 00                     744 	.db #0x00	; 0
      0002BC 24                     745 	.db #0x24	; 36
      0002BD 24                     746 	.db #0x24	; 36
      0002BE 42                     747 	.db #0x42	; 66	'B'
      0002BF 42                     748 	.db #0x42	; 66	'B'
      0002C0 00                     749 	.db #0x00	; 0
      0002C1 00                     750 	.db #0x00	; 0
      0002C2 42                     751 	.db #0x42	; 66	'B'
      0002C3 42                     752 	.db #0x42	; 66	'B'
      0002C4 00                     753 	.db #0x00	; 0
      0002C5 00                     754 	.db #0x00	; 0
      0002C6 00                     755 	.db #0x00	; 0
      0002C7 00                     756 	.db #0x00	; 0
      0002C8 81                     757 	.db #0x81	; 129
      0002C9 81                     758 	.db #0x81	; 129
      0002CA 00                     759 	.db #0x00	; 0
      0002CB 00                     760 	.db #0x00	; 0
      0002CC 00                     761 	.db #0x00	; 0
      0002CD 00                     762 	.db #0x00	; 0
      0002CE 42                     763 	.db #0x42	; 66	'B'
      0002CF 42                     764 	.db #0x42	; 66	'B'
      0002D0 10                     765 	.db #0x10	; 16
      0002D1 10                     766 	.db #0x10	; 16
      0002D2 08                     767 	.db #0x08	; 8
      0002D3 08                     768 	.db #0x08	; 8
      0002D4 04                     769 	.db #0x04	; 4
      0002D5 04                     770 	.db #0x04	; 4
      0002D6 08                     771 	.db #0x08	; 8
      0002D7 08                     772 	.db #0x08	; 8
      0002D8 10                     773 	.db #0x10	; 16
      0002D9 10                     774 	.db #0x10	; 16
      0002DA 20                     775 	.db #0x20	; 32
      0002DB 20                     776 	.db #0x20	; 32
      0002DC 10                     777 	.db #0x10	; 16
      0002DD 10                     778 	.db #0x10	; 16
      0002DE 08                     779 	.db #0x08	; 8
      0002DF 08                     780 	.db #0x08	; 8
      0002E0 08                     781 	.db #0x08	; 8
      0002E1 08                     782 	.db #0x08	; 8
      0002E2 10                     783 	.db #0x10	; 16
      0002E3 10                     784 	.db #0x10	; 16
      0002E4 20                     785 	.db #0x20	; 32
      0002E5 20                     786 	.db #0x20	; 32
      0002E6 10                     787 	.db #0x10	; 16
      0002E7 10                     788 	.db #0x10	; 16
      0002E8 08                     789 	.db #0x08	; 8
      0002E9 08                     790 	.db #0x08	; 8
      0002EA 04                     791 	.db #0x04	; 4
      0002EB 04                     792 	.db #0x04	; 4
      0002EC 08                     793 	.db #0x08	; 8
      0002ED 08                     794 	.db #0x08	; 8
      0002EE 10                     795 	.db #0x10	; 16
      0002EF 10                     796 	.db #0x10	; 16
      0002F0 00                     797 	.db #0x00	; 0
      0002F1 00                     798 	.db #0x00	; 0
      0002F2 3C                     799 	.db #0x3c	; 60
      0002F3 3C                     800 	.db #0x3c	; 60
      0002F4 24                     801 	.db #0x24	; 36
      0002F5 24                     802 	.db #0x24	; 36
      0002F6 24                     803 	.db #0x24	; 36
      0002F7 24                     804 	.db #0x24	; 36
      0002F8 24                     805 	.db #0x24	; 36
      0002F9 24                     806 	.db #0x24	; 36
      0002FA 24                     807 	.db #0x24	; 36
      0002FB 24                     808 	.db #0x24	; 36
      0002FC 3C                     809 	.db #0x3c	; 60
      0002FD 3C                     810 	.db #0x3c	; 60
      0002FE 00                     811 	.db #0x00	; 0
      0002FF 00                     812 	.db #0x00	; 0
      000300 00                     813 	.db #0x00	; 0
      000301 00                     814 	.db #0x00	; 0
      000302 08                     815 	.db #0x08	; 8
      000303 08                     816 	.db #0x08	; 8
      000304 08                     817 	.db #0x08	; 8
      000305 08                     818 	.db #0x08	; 8
      000306 08                     819 	.db #0x08	; 8
      000307 08                     820 	.db #0x08	; 8
      000308 08                     821 	.db #0x08	; 8
      000309 08                     822 	.db #0x08	; 8
      00030A 08                     823 	.db #0x08	; 8
      00030B 08                     824 	.db #0x08	; 8
      00030C 08                     825 	.db #0x08	; 8
      00030D 08                     826 	.db #0x08	; 8
      00030E 00                     827 	.db #0x00	; 0
      00030F 00                     828 	.db #0x00	; 0
      000310 00                     829 	.db #0x00	; 0
      000311 00                     830 	.db #0x00	; 0
      000312 38                     831 	.db #0x38	; 56	'8'
      000313 38                     832 	.db #0x38	; 56	'8'
      000314 28                     833 	.db #0x28	; 40
      000315 28                     834 	.db #0x28	; 40
      000316 08                     835 	.db #0x08	; 8
      000317 08                     836 	.db #0x08	; 8
      000318 38                     837 	.db #0x38	; 56	'8'
      000319 38                     838 	.db #0x38	; 56	'8'
      00031A 20                     839 	.db #0x20	; 32
      00031B 20                     840 	.db #0x20	; 32
      00031C 38                     841 	.db #0x38	; 56	'8'
      00031D 38                     842 	.db #0x38	; 56	'8'
      00031E 00                     843 	.db #0x00	; 0
      00031F 00                     844 	.db #0x00	; 0
      000320 00                     845 	.db #0x00	; 0
      000321 00                     846 	.db #0x00	; 0
      000322 38                     847 	.db #0x38	; 56	'8'
      000323 38                     848 	.db #0x38	; 56	'8'
      000324 08                     849 	.db #0x08	; 8
      000325 08                     850 	.db #0x08	; 8
      000326 08                     851 	.db #0x08	; 8
      000327 08                     852 	.db #0x08	; 8
      000328 38                     853 	.db #0x38	; 56	'8'
      000329 38                     854 	.db #0x38	; 56	'8'
      00032A 08                     855 	.db #0x08	; 8
      00032B 08                     856 	.db #0x08	; 8
      00032C 38                     857 	.db #0x38	; 56	'8'
      00032D 38                     858 	.db #0x38	; 56	'8'
      00032E 00                     859 	.db #0x00	; 0
      00032F 00                     860 	.db #0x00	; 0
      000330 00                     861 	.db #0x00	; 0
      000331 00                     862 	.db #0x00	; 0
      000332 24                     863 	.db #0x24	; 36
      000333 24                     864 	.db #0x24	; 36
      000334 24                     865 	.db #0x24	; 36
      000335 24                     866 	.db #0x24	; 36
      000336 24                     867 	.db #0x24	; 36
      000337 24                     868 	.db #0x24	; 36
      000338 3C                     869 	.db #0x3c	; 60
      000339 3C                     870 	.db #0x3c	; 60
      00033A 04                     871 	.db #0x04	; 4
      00033B 04                     872 	.db #0x04	; 4
      00033C 04                     873 	.db #0x04	; 4
      00033D 04                     874 	.db #0x04	; 4
      00033E 00                     875 	.db #0x00	; 0
      00033F 00                     876 	.db #0x00	; 0
      000340 00                     877 	.db #0x00	; 0
      000341 00                     878 	.db #0x00	; 0
      000342 3C                     879 	.db #0x3c	; 60
      000343 3C                     880 	.db #0x3c	; 60
      000344 20                     881 	.db #0x20	; 32
      000345 20                     882 	.db #0x20	; 32
      000346 38                     883 	.db #0x38	; 56	'8'
      000347 38                     884 	.db #0x38	; 56	'8'
      000348 04                     885 	.db #0x04	; 4
      000349 04                     886 	.db #0x04	; 4
      00034A 04                     887 	.db #0x04	; 4
      00034B 04                     888 	.db #0x04	; 4
      00034C 38                     889 	.db #0x38	; 56	'8'
      00034D 38                     890 	.db #0x38	; 56	'8'
      00034E 00                     891 	.db #0x00	; 0
      00034F 00                     892 	.db #0x00	; 0
      000350 00                     893 	.db #0x00	; 0
      000351 00                     894 	.db #0x00	; 0
      000352 18                     895 	.db #0x18	; 24
      000353 18                     896 	.db #0x18	; 24
      000354 20                     897 	.db #0x20	; 32
      000355 20                     898 	.db #0x20	; 32
      000356 38                     899 	.db #0x38	; 56	'8'
      000357 38                     900 	.db #0x38	; 56	'8'
      000358 24                     901 	.db #0x24	; 36
      000359 24                     902 	.db #0x24	; 36
      00035A 24                     903 	.db #0x24	; 36
      00035B 24                     904 	.db #0x24	; 36
      00035C 18                     905 	.db #0x18	; 24
      00035D 18                     906 	.db #0x18	; 24
      00035E 00                     907 	.db #0x00	; 0
      00035F 00                     908 	.db #0x00	; 0
      000360 00                     909 	.db #0x00	; 0
      000361 00                     910 	.db #0x00	; 0
      000362 3C                     911 	.db #0x3c	; 60
      000363 3C                     912 	.db #0x3c	; 60
      000364 04                     913 	.db #0x04	; 4
      000365 04                     914 	.db #0x04	; 4
      000366 04                     915 	.db #0x04	; 4
      000367 04                     916 	.db #0x04	; 4
      000368 04                     917 	.db #0x04	; 4
      000369 04                     918 	.db #0x04	; 4
      00036A 04                     919 	.db #0x04	; 4
      00036B 04                     920 	.db #0x04	; 4
      00036C 04                     921 	.db #0x04	; 4
      00036D 04                     922 	.db #0x04	; 4
      00036E 00                     923 	.db #0x00	; 0
      00036F 00                     924 	.db #0x00	; 0
      000370 00                     925 	.db #0x00	; 0
      000371 00                     926 	.db #0x00	; 0
      000372 3C                     927 	.db #0x3c	; 60
      000373 3C                     928 	.db #0x3c	; 60
      000374 24                     929 	.db #0x24	; 36
      000375 24                     930 	.db #0x24	; 36
      000376 24                     931 	.db #0x24	; 36
      000377 24                     932 	.db #0x24	; 36
      000378 3C                     933 	.db #0x3c	; 60
      000379 3C                     934 	.db #0x3c	; 60
      00037A 24                     935 	.db #0x24	; 36
      00037B 24                     936 	.db #0x24	; 36
      00037C 3C                     937 	.db #0x3c	; 60
      00037D 3C                     938 	.db #0x3c	; 60
      00037E 00                     939 	.db #0x00	; 0
      00037F 00                     940 	.db #0x00	; 0
      000380 00                     941 	.db #0x00	; 0
      000381 00                     942 	.db #0x00	; 0
      000382 3C                     943 	.db #0x3c	; 60
      000383 3C                     944 	.db #0x3c	; 60
      000384 24                     945 	.db #0x24	; 36
      000385 24                     946 	.db #0x24	; 36
      000386 24                     947 	.db #0x24	; 36
      000387 24                     948 	.db #0x24	; 36
      000388 3C                     949 	.db #0x3c	; 60
      000389 3C                     950 	.db #0x3c	; 60
      00038A 04                     951 	.db #0x04	; 4
      00038B 04                     952 	.db #0x04	; 4
      00038C 04                     953 	.db #0x04	; 4
      00038D 04                     954 	.db #0x04	; 4
      00038E 00                     955 	.db #0x00	; 0
      00038F 00                     956 	.db #0x00	; 0
      000390 00                     957 	.db #0x00	; 0
      000391 00                     958 	.db #0x00	; 0
      000392 00                     959 	.db #0x00	; 0
      000393 00                     960 	.db #0x00	; 0
      000394 00                     961 	.db #0x00	; 0
      000395 00                     962 	.db #0x00	; 0
      000396 3C                     963 	.db #0x3c	; 60
      000397 3C                     964 	.db #0x3c	; 60
      000398 00                     965 	.db #0x00	; 0
      000399 00                     966 	.db #0x00	; 0
      00039A 3C                     967 	.db #0x3c	; 60
      00039B 3C                     968 	.db #0x3c	; 60
      00039C 00                     969 	.db #0x00	; 0
      00039D 00                     970 	.db #0x00	; 0
      00039E 00                     971 	.db #0x00	; 0
      00039F 00                     972 	.db #0x00	; 0
                                    973 	.area _INITIALIZER
                                    974 	.area _CABS (ABS)
